[2026-06-28 19:00:02] === REVIEW 20260628 ===
[2026-06-28 19:00:02] RUN: python3 scripts/fetch_results.py 20260628
/Users/kubota/Library/Python/3.9/lib/python/site-packages/urllib3/__init__.py:35: NotOpenSSLWarning: urllib3 v2 only supports OpenSSL 1.1.1+, currently the 'ssl' module is compiled with 'LibreSSL 2.8.3'. See: https://github.com/urllib3/urllib3/issues/3020
  warnings.warn(
  函館 1R 着順入手: 8頭
  函館 2R 着順入手: 14頭
  函館 3R 着順入手: 11頭
  函館 4R 着順入手: 16頭
  函館 5R 着順入手: 6頭
  函館 6R 着順入手: 16頭
  函館 7R 着順入手: 10頭
  函館 8R 着順入手: 13頭
  函館 9R 着順入手: 10頭
  函館10R 着順入手: 10頭
  函館11R 着順入手: 15頭
  函館12R 着順入手: 14頭
  福島 1R 着順入手: 12頭
  福島 2R 着順入手: 13頭
  福島 3R 着順入手: 5頭
  福島 4R 着順入手: 14頭
  福島 5R 着順入手: 14頭
  福島 6R 着順入手: 16頭
  福島 7R 着順入手: 15頭
  福島 8R 着順入手: 13頭
  福島 9R 着順入手: 13頭
  福島10R 着順入手: 11頭
  福島11R 着順入手: 16頭
  福島12R 着順入手: 14頭
  小倉 1R 着順入手: 18頭
  小倉 2R 着順入手: 16頭
  小倉 3R 着順入手: 18頭
  小倉 4R 着順入手: 16頭
  小倉 5R 着順入手: 10頭
  小倉 6R 着順入手: 11頭
  小倉 7R 着順入手: 10頭
  小倉 8R 着順入手: 9頭
  小倉 9R 着順入手: 8頭
  小倉10R 着順入手: 16頭
  小倉11R 着順入手: 8頭
  小倉12R 着順入手: 16頭
saved: results_20260628.json
[2026-06-28 19:00:28]   OK
[2026-06-28 19:00:28] RUN: python3 scripts/evaluate.py 20260628
# 答え合わせ 20260628（対象 35レース）

## 集計（◎単勝率 / トップ3内に複勝該当馬がいた率 / トップ3各馬の的中率）
| 手法 | 単勝率(◎=1着) | 複勝率(◎▲△に3着内) | 上位3頭内的中率 |
|--|--:|--:|--:|
| 能力スコアのみ | 20% (7/35) | 89% (31/35) | 49% (51/105) |
| バイアスのみ | 23% (8/35) | 74% (26/35) | 35% (37/105) |
| 能力×バイアス(現行) | 20% (7/35) | 89% (31/35) | 47% (49/105) |

## レース別本命比較
| レース | 1着実馬 | 能力◎ | バイアス◎ | 現行◎ |
|--|--|--|--|--|
| 函館1R 2歳未勝利 | 7番 ダイシンドラゴン | ◎4 | ◎2 | ◎4 |
| 函館2R 3歳未勝利 | 3番 ライカ | ◎5 | ◎4 | ◎5 |
| 函館3R 3歳未勝利 | 7番 イングラム | ◎9 | ◎2 | ◎1 |
| 函館4R 3歳未勝利 | 14番 ノリマル | ◎10 | ◎10 | ◎10 |
| 函館5R 2歳新馬 | 2番 シグレ | ◎2✓ | ◎2✓ | ◎2✓ |
| 函館6R 3歳未勝利 | 14番 マテンロウオリジン | ◎14✓ | ◎14✓ | ◎14✓ |
| 函館7R 3歳以上1勝クラス | 4番 キャットテイル | ◎2 | ◎2 | ◎2 |
| 函館8R 3歳以上1勝クラス | 9番 レオアジャイル | ◎12 | ◎8 | ◎12 |
| 函館9R 臥牛山特別 | 1番 カムアップローゼス | ◎4 | ◎8 | ◎4 |
| 函館10R 渡島特別 | 1番 プリンセッサ | ◎10 | ◎1✓ | ◎10 |
| 函館11R 函館記念 | 2番 ファウストラーゼン | ◎14 | ◎12 | ◎5 |
| 函館12R 湯の川温泉特別 | 12番 クリエープキー | ◎4 | ◎2 | ◎4 |
| 福島2R 3歳未勝利 | 12番 ウインビギニング | ◎12✓ | ◎5 | ◎12✓ |
| 福島3R 2歳未勝利 | 5番 オオセイケイ | ◎5✓ | ◎5✓ | ◎5✓ |
| 福島4R 2歳新馬 | 8番 ジーティーマイカ | ◎14 | ◎14 | ◎14 |
| 福島5R 2歳新馬 | 13番 ウインワーグナー | ◎3 | ◎3 | ◎3 |
| 福島6R 3歳未勝利 | 6番 サトノワーグナー | ◎7 | ◎7 | ◎7 |
| 福島7R 3歳未勝利 | 14番 アイアンパイク | ◎7 | ◎4 | ◎7 |
| 福島8R 3歳以上1勝クラス | 1番 ゲンジ | ◎5 | ◎4 | ◎5 |
| 福島9R 松島特別 | 11番 クロシェットノエル | ◎6 | ◎6 | ◎6 |
| 福島10R 鶴ケ城S | 4番 エクリプスルバン | ◎4✓ | ◎4✓ | ◎4✓ |
| 福島11R ラジオNIKKEI賞 | 13番 サノノグレーター | ◎2 | ◎1 | ◎2 |
| 福島12R 3歳以上1勝クラス | 8番 スターランウェイ | ◎5 | ◎5 | ◎5 |
| 小倉1R 3歳未勝利 | 8番 セレブトーチ | ◎5 | ◎5 | ◎5 |
| 小倉2R 3歳未勝利 | 9番 サンダーバード | ◎1 | ◎2 | ◎1 |
| 小倉3R 3歳未勝利 | 5番 タイガーロード | ◎4 | ◎4 | ◎4 |
| 小倉4R 3歳未勝利 | 10番 メンデレーエフ | ◎6 | ◎6 | ◎6 |
| 小倉5R 2歳新馬 | 1番 ワールドエンジェル | ◎1✓ | ◎1✓ | ◎1✓ |
| 小倉6R 2歳新馬 | 1番 トシミチ | ◎3 | ◎3 | ◎3 |
| 小倉7R 3歳以上1勝クラス | 2番 ゴールデンバランス | ◎9 | ◎3 | ◎9 |
| 小倉8R 3歳以上1勝クラス | 9番 サリエンテ | ◎9✓ | ◎9✓ | ◎9✓ |
| 小倉9R 帆柱山特別 | 7番 ナリタエスペランサ | ◎5 | ◎7✓ | ◎5 |
| 小倉10R 西部日刊スポーツ杯 | 9番 カルパ | ◎3 | ◎5 | ◎3 |
| 小倉11R 紫川S | 5番 テーオーダヴィンチ | ◎8 | ◎8 | ◎8 |
| 小倉12R 3歳以上1勝クラス | 7番 ニシノジェダイ | ◎3 | ◎1 | ◎3 |
[2026-06-28 19:00:28]   OK
appended: ## 2026-06-28(日)  v0.9 weekly run
[2026-06-28 19:00:28] git commit: weekly: 20260628 振り返り
To https://github.com/shinkubota/keiba-bias.git
   18831e7..17926d5  main -> main
[2026-06-28 19:00:30] DONE
