[2026-06-27 19:00:03] === REVIEW 20260627 ===
[2026-06-27 19:00:03] RUN: python3 scripts/fetch_results.py 20260627
/Users/kubota/Library/Python/3.9/lib/python/site-packages/urllib3/__init__.py:35: NotOpenSSLWarning: urllib3 v2 only supports OpenSSL 1.1.1+, currently the 'ssl' module is compiled with 'LibreSSL 2.8.3'. See: https://github.com/urllib3/urllib3/issues/3020
  warnings.warn(
  函館 1R 着順入手: 16頭
  函館 2R 着順入手: 12頭
  函館 3R 着順入手: 12頭
  函館 4R 着順入手: 16頭
  函館 5R 着順入手: 8頭
  函館 6R 着順入手: 11頭
  函館 7R 着順入手: 11頭
  函館 8R 着順入手: 11頭
  函館 9R 着順入手: 9頭
  函館10R 着順入手: 11頭
  函館11R 着順入手: 14頭
  函館12R 着順入手: 10頭
  福島 1R 着順入手: 12頭
  福島 2R 着順入手: 15頭
  福島 3R 着順入手: 15頭
  福島 4R 着順入手: 10頭
  福島 5R 着順入手: 11頭
  福島 6R 着順入手: 10頭
  福島 7R 着順入手: 16頭
  福島 8R 着順入手: 16頭
  福島 9R 着順入手: 16頭
  福島10R 着順入手: 10頭
  福島11R 着順入手: 9頭
  福島12R 着順入手: 16頭
  小倉 1R 着順入手: 6頭
  小倉 2R 着順入手: 14頭
  小倉 3R 着順入手: 16頭
  小倉 4R 着順入手: 16頭
  小倉 5R 着順入手: 10頭
  小倉 6R 着順入手: 16頭
  小倉 7R 着順入手: 16頭
  小倉 8R 着順入手: 9頭
  小倉 9R 着順入手: 8頭
  小倉10R 着順入手: 13頭
  小倉11R 着順入手: 15頭
  小倉12R 着順入手: 8頭
saved: results_20260627.json
[2026-06-27 19:00:29]   OK
[2026-06-27 19:00:29] RUN: python3 scripts/evaluate.py 20260627
# 答え合わせ 20260627（対象 34レース）

## 集計（◎単勝率 / トップ3内に複勝該当馬がいた率 / トップ3各馬の的中率）
| 手法 | 単勝率(◎=1着) | 複勝率(◎▲△に3着内) | 上位3頭内的中率 |
|--|--:|--:|--:|
| 能力スコアのみ | 35% (12/34) | 82% (28/34) | 44% (45/102) |
| バイアスのみ | 21% (7/34) | 76% (26/34) | 36% (37/102) |
| 能力×バイアス(現行) | 32% (11/34) | 85% (29/34) | 42% (43/102) |

## レース別本命比較
| レース | 1着実馬 | 能力◎ | バイアス◎ | 現行◎ |
|--|--|--|--|--|
| 函館1R 3歳未勝利 | 15番 スイープセレニティ | ◎15✓ | ◎15✓ | ◎15✓ |
| 函館2R 3歳未勝利 | 10番 マリブサーフ | ◎10✓ | ◎10✓ | ◎10✓ |
| 函館3R 3歳未勝利 | 9番 コイオステソーロ | ◎9✓ | ◎1 | ◎9✓ |
| 函館4R 3歳未勝利 | 14番 アイムイン | ◎14✓ | ◎4 | ◎14✓ |
| 函館5R 2歳新馬 | 5番 アゴルディーノ | ◎1 | ◎1 | ◎1 |
| 函館6R 3歳未勝利 | 5番 プリンセスアツコ | ◎5✓ | ◎3 | ◎3 |
| 函館7R 3歳以上1勝クラス | 11番 ドウアドバンテージ | ◎11✓ | ◎6 | ◎11✓ |
| 函館8R 3歳以上1勝クラス | 1番 マメタンク | ◎1✓ | ◎1✓ | ◎1✓ |
| 函館9R 長万部特別 | 7番 ドリーミングアップ | ◎7✓ | ◎8 | ◎7✓ |
| 函館10R 洞爺湖特別 | 3番 ヨヒーン | ◎10 | ◎3✓ | ◎1 |
| 函館11R 青函S | 2番 ブラックチャリス | ◎14 | ◎2✓ | ◎14 |
| 函館12R 3歳以上1勝クラス | 2番 テイエムゴッホ | ◎4 | ◎4 | ◎4 |
| 福島2R 3歳未勝利 | 15番 スターツトゥデイ | ◎3 | ◎3 | ◎3 |
| 福島3R 3歳以上1勝クラス | 10番 ショウナンパトス | ◎3 | ◎3 | ◎3 |
| 福島5R 2歳新馬 | 3番 アンムート | ◎1 | ◎1 | ◎1 |
| 福島6R 2歳新馬 | 2番 エランヴィータ | ◎1 | ◎1 | ◎1 |
| 福島7R 3歳未勝利 | 3番 アッパーウォーター | ◎5 | ◎5 | ◎5 |
| 福島8R 3歳未勝利 | 2番 ウインマニフィーク | ◎13 | ◎2✓ | ◎13 |
| 福島9R さくらんぼ特別 | 9番 アメリカンチケット | ◎6 | ◎15 | ◎6 |
| 福島10R いわき特別 | 3番 リフレックス | ◎1 | ◎1 | ◎1 |
| 福島11R バーデンバーデンC | 4番 マリアイリダータ | ◎4✓ | ◎8 | ◎4✓ |
| 福島12R 3歳以上1勝クラス | 6番 デアリングエア | ◎13 | ◎15 | ◎15 |
| 小倉1R 2歳未勝利 | 1番 シスキンブルーム | ◎1✓ | ◎1✓ | ◎1✓ |
| 小倉2R 3歳未勝利 | 14番 スマッシング | ◎7 | ◎10 | ◎7 |
| 小倉3R 3歳未勝利 | 2番 ミリタリータトゥー | ◎16 | ◎3 | ◎16 |
| 小倉4R 3歳未勝利 | 4番 タマモスカイ | ◎8 | ◎6 | ◎8 |
| 小倉5R 2歳新馬 | 6番 カエリールークス | ◎1 | ◎1 | ◎1 |
| 小倉6R 3歳未勝利 | 9番 ビップヴォルフ | ◎1 | ◎1 | ◎1 |
| 小倉7R 3歳以上1勝クラス | 13番 ホウショウルクス | ◎12 | ◎5 | ◎12 |
| 小倉8R 3歳以上1勝クラス | 3番 メローネ | ◎3✓ | ◎8 | ◎8 |
| 小倉9R 八代特別 | 4番 サヴォアフェール | ◎4✓ | ◎6 | ◎4✓ |
| 小倉10R 宗像特別 | 4番 ジェニファー | ◎11 | ◎2 | ◎4✓ |
| 小倉11R 薩摩S | 9番 ゴッドブルービー | ◎15 | ◎4 | ◎15 |
| 小倉12R 3歳以上1勝クラス | 8番 タナスーペルノーバ | ◎2 | ◎1 | ◎1 |
[2026-06-27 19:00:29]   OK
appended: ## 2026-06-27(土)  v0.9 weekly run
