[2026-06-27 08:11:18] === PREDICT 20260627 (late) ===
[2026-06-27 08:11:18] RUN: python3 scripts/fetch_shutuba.py 20260627
/Users/kubota/Library/Python/3.9/lib/python/site-packages/urllib3/__init__.py:35: NotOpenSSLWarning: urllib3 v2 only supports OpenSSL 1.1.1+, currently the 'ssl' module is compiled with 'LibreSSL 2.8.3'. See: https://github.com/urllib3/urllib3/issues/3020
  warnings.warn(
[20260627] 36 races found
  函館 1R 芝1200m  16頭  3歳未勝利
  函館 2R ダ1000m  12頭  3歳未勝利
  函館 3R ダ1700m  12頭  3歳未勝利
  函館 4R 芝1800m  16頭  3歳未勝利
  函館 5R 芝1200m  8頭  2歳新馬
  函館 6R ダ1700m  11頭  3歳未勝利
  函館 7R 芝2000m  11頭  3歳以上1勝クラス
  函館 8R ダ1000m  11頭  3歳以上1勝クラス
  函館 9R 芝1200m  9頭  長万部特別
  函館10R 芝2000m  11頭  洞爺湖特別
  函館11R 芝1200m  14頭  青函S
  函館12R ダ1700m  10頭  3歳以上1勝クラス
  福島 1R 障2750m  14頭  3歳以上障害未勝利
  福島 2R ダ1700m  15頭  3歳未勝利
  福島 3R ダ1700m  15頭  3歳以上1勝クラス
  福島 4R 障2750m  10頭  3歳以上障害OP
  福島 5R 芝1200m  11頭  2歳新馬
  福島 6R ダ1150m  10頭  2歳新馬
  福島 7R 芝1800m  16頭  3歳未勝利
  福島 8R 芝2000m  16頭  3歳未勝利
  福島 9R ダ1150m  16頭  さくらんぼ特別
  福島10R ダ1700m  11頭  いわき特別
  福島11R 芝2000m  9頭  バーデンバーデンC
  福島12R 芝1200m  16頭  3歳以上1勝クラス
  小倉 1R 芝1200m  6頭  2歳未勝利
  小倉 2R ダ1000m  14頭  3歳未勝利
  小倉 3R 芝1800m  16頭  3歳未勝利
  小倉 4R ダ1700m  16頭  3歳未勝利
  小倉 5R 芝1200m  10頭  2歳新馬
  小倉 6R 芝2000m  17頭  3歳未勝利
  小倉 7R ダ1700m  16頭  3歳以上1勝クラス
  小倉 8R 芝1200m  9頭  3歳以上1勝クラス
  小倉 9R 芝2000m  8頭  八代特別
  小倉10R 芝1200m  13頭  宗像特別
  小倉11R ダ1700m  15頭  薩摩S
  小倉12R 芝1200m  8頭  3歳以上1勝クラス
saved: /Users/kubota/Desktop/bias/app/data/shutuba_20260627.json
[2026-06-27 08:11:45]   OK
[2026-06-27 08:11:45] RUN: python3 scripts/fetch_horse.py 20260627
/Users/kubota/Library/Python/3.9/lib/python/site-packages/urllib3/__init__.py:35: NotOpenSSLWarning: urllib3 v2 only supports OpenSSL 1.1.1+, currently the 'ssl' module is compiled with 'LibreSSL 2.8.3'. See: https://github.com/urllib3/urllib3/issues/3020
  warnings.warn(
取得対象: 448頭
  10/448: 父=ミッキーアイル 母父=Dawn Approach(愛) 前走=5件
  20/448: 父=フォーウィールドライブFour Wheel Drive(米) 母父=アドマイヤムーン 前走=3件
  30/448: 父=レイデオロ 母父=ハーツクライ 前走=5件
  40/448: 父=イスラボニータ 母父=タートルボウルTurtle Bowl(愛) 前走=5件
  50/448: 父=ロジャーバローズ 母父=マリエンバードMarienbard(愛) 前走=5件
  60/448: 父=ヘニーヒューズHenny Hughes(米) 母父=ハーツクライ 前走=0件
  70/448: 父=ブリックスアンドモルタルBricks and Mortar(米) 母父=キングカメハメハ 前走=5件
  80/448: 父=ディーマジェスティ 母父=キングカメハメハ 前走=5件
  90/448: 父=マインドユアビスケッツMind Your Biscuits(米) 母父=ディープインパクト 前走=5件
  100/448: 父=ビッグアーサー 母父=リアルインパクト 前走=5件
  110/448: 父=アルアイン 母父=ハービンジャーHarbinger(英) 前走=5件
  120/448: 父=ドレフォンDrefong(米) 母父=キングヘイロー 前走=5件
  130/448: 父=ロードカナロア 母父=War Front 前走=5件
  140/448: 父=ラブリーデイ 母父=ディープインパクト 前走=5件
  150/448: 父=American Pharoah(米) 母父=Cuvee 前走=5件
  160/448: 父=ストロングリターン 母父=Fusaichi Pegasus 前走=5件
  170/448: 父=ナダルNadal(米) 母父=キンシャサノキセキ 前走=2件
  180/448: 父=ルヴァンスレーヴ 母父=キングカメハメハ 前走=5件
  190/448: 父=エピファネイア 母父=Quality Road 前走=5件
  200/448: 父=エイシンフラッシュ 母父=キングカメハメハ 前走=0件
  210/448: 父=Volatile 母父=Courtier 前走=0件
  220/448: 父=ルーラーシップ 母父=ダイワメジャー 前走=3件
  230/448: 父=ベンバトルBenbatl(英) 母父=ディープインパクト 前走=0件
  240/448: 父=ダノンキングリー 母父=シンボリクリスエス 前走=3件
  250/448: 父=ヘニーヒューズHenny Hughes(米) 母父=ディープインパクト 前走=5件
  260/448: 父=ヘニーヒューズHenny Hughes(米) 母父=ゴールドアリュール 前走=5件
  270/448: 父=ドレフォンDrefong(米) 母父=Tapit(米) 前走=5件
  280/448: 父=スクリーンヒーロー 母父=Shamardal(米) 前走=5件
  290/448: 父=エピファネイア 母父=キングカメハメハ 前走=5件
  300/448: 父=ウインブライト 母父=ヘクタープロテクターHector Protector(米) 前走=5件
  310/448: 父=グランプリボス 母父=Speightstown(米) 前走=1件
  320/448: 父=ダノンスマッシュ 母父=ハーツクライ 前走=5件
  330/448: 父=コントレイル 母父=To Honor and Serve(米) 前走=5件
  340/448: 父=ナダルNadal(米) 母父=マンハッタンカフェ 前走=2件
  350/448: 父=ニューイヤーズデイ 母父=Teofilo 前走=1件
  360/448: 父=フィレンツェファイア 母父=スペシャルウィーク 前走=0件
  370/448: 父=リアルスティール 母父=ルーラーシップ 前走=5件
  380/448: 父=キンシャサノキセキ 母父=Unbridled's Song(米) 前走=5件
  390/448: 父=キズナ 母父=Mizzen Mast 前走=5件
  400/448: 父=マジェスティックウォリアーMajestic Warrior(米) 母父=ネオユニヴァース 前走=5件
  410/448: 父=ドゥラメンテ 母父=Seattle Fitz 前走=5件
  420/448: 父=ロードカナロア 母父=Sea The StarsSea the Stars(愛) 前走=5件
  430/448: 父=シニスターミニスターSinister Minister(米) 母父=ゴールドアリュール 前走=5件
  440/448: 父=レイデオロ 母父=アグネスタキオン 前走=5件
  448/448: 父=ダノンプレミアム 母父=ルーラーシップ 前走=5件
saved: /Users/kubota/Desktop/bias/app/data/horses_20260627.json
[2026-06-27 08:11:57]   OK
[2026-06-27 08:11:57] RUN: python3 scripts/build_lineage_fallback.py
fallback補完: 583種牡馬
[2026-06-27 08:12:43]   OK
[2026-06-27 08:12:43] RUN: python3 scripts/fetch_odds.py 20260627
/Users/kubota/Library/Python/3.9/lib/python/site-packages/urllib3/__init__.py:35: NotOpenSSLWarning: urllib3 v2 only supports OpenSSL 1.1.1+, currently the 'ssl' module is compiled with 'LibreSSL 2.8.3'. See: https://github.com/urllib3/urllib3/issues/3020
  warnings.warn(
  ! 202602010501: 'str' object has no attribute 'get'
  ! 202602010502: 'str' object has no attribute 'get'
  ! 202602010503: 'str' object has no attribute 'get'
  ! 202602010504: 'str' object has no attribute 'get'
  ! 202602010505: 'str' object has no attribute 'get'
  ! 202602010506: 'str' object has no attribute 'get'
  ! 202602010507: 'str' object has no attribute 'get'
  ! 202602010508: 'str' object has no attribute 'get'
  ! 202602010509: 'str' object has no attribute 'get'
  ! 202602010510: 'str' object has no attribute 'get'
  ! 202602010511: 'str' object has no attribute 'get'
  ! 202602010512: 'str' object has no attribute 'get'
  ! 202603020101: 'str' object has no attribute 'get'
  ! 202603020102: 'str' object has no attribute 'get'
  ! 202603020103: 'str' object has no attribute 'get'
  ! 202603020104: 'str' object has no attribute 'get'
  ! 202603020105: 'str' object has no attribute 'get'
  ! 202603020106: 'str' object has no attribute 'get'
  ! 202603020107: 'str' object has no attribute 'get'
  ! 202603020108: 'str' object has no attribute 'get'
  ! 202603020109: 'str' object has no attribute 'get'
  ! 202603020110: 'str' object has no attribute 'get'
  ! 202603020111: 'str' object has no attribute 'get'
  ! 202603020112: 'str' object has no attribute 'get'
  ! 202610020101: 'str' object has no attribute 'get'
  ! 202610020102: 'str' object has no attribute 'get'
  ! 202610020103: 'str' object has no attribute 'get'
  ! 202610020104: 'str' object has no attribute 'get'
  ! 202610020105: 'str' object has no attribute 'get'
  ! 202610020106: 'str' object has no attribute 'get'
  ! 202610020107: 'str' object has no attribute 'get'
  ! 202610020108: 'str' object has no attribute 'get'
  ! 202610020109: 'str' object has no attribute 'get'
  ! 202610020110: 'str' object has no attribute 'get'
  ! 202610020111: 'str' object has no attribute 'get'
  ! 202610020112: 'str' object has no attribute 'get'
saved: odds_20260627.json
[2026-06-27 08:13:16]   OK
[2026-06-27 08:13:16] RUN: python3 scripts/build_web.py 20260627 --top 4
# 🐎 2026/6/27(土) トラックバイアス推奨

**開催**: 函館・小倉・福島　**馬場**: ☀️晴 馬場良 / ☀️晴 馬場重 / ☁️曇 馬場稍 / ☁️曇 馬場良 / ☁️曇 馬場重

> **印**: ◎本命 ○対抗 ▲単穴 △連下　／　**能力**=過去実績スコア(0-100)　**bias**=バイアス適合点　**評価**=能力×バイアス補正（この順で本命決定）　／　💎=能力中位だがバイアスで浮上した穴候補

## 🎯 注目レース

| レース | 確信度 | ◎本命(馬番 馬名) | 能力 | 評価 |
|--|--|--|--:|--:|
| 函館10R 洞爺湖特別 | ★ 混戦 | 1 ハートメテオ | 42 | 54.6 |
| 福島10R いわき特別 | ★★★ 軸向き | 1 ハイクオリティ | 63 | 92.3 |
| 小倉10R 宗像特別 | ★ 混戦 | 4 ジェニファー | 57 | 85.7 |
| 函館11R 青函S | ★★★ 軸向き | 14 ルージュラナキラ | 58 | 77.0 |
| 小倉11R 薩摩S | ★ 混戦 | 13 シンビリーブ | 55 | 77.9 |

## 📋 全レース

### 函館1R 芝1200m 3歳未勝利（16頭）・☀️晴 馬場重
**★★★ 軸向き**　狙い: 洋芝・小回り。内枠・先行有利の傾向

| 印 | 馬番 | 馬名 | 性齢 | 騎手 | 斤量 | 能力 | bias | 評価 | 根拠 |
|:--:|:--:|--|:--:|--|:--:|--:|--:|--:|--|
| ◎ | **15** | スイープセレニティ | 牝3 | 岩田望 | 55.0 | 58 | 22 | **89.7** | トップ騎手(岩田望複勝32%) ／ トップ厩舎(宮田複勝32%) ／ 父ロードカナロア=注目血統(ロードカナロア) ／ 前走先行(通過2-2) |
| ○ | **2** | アルサック | 牝3 | 丹内 | 55.0 | 48 | 15 | **66.5** | 内枠(2)有利 ／ 前走先行(通過3-2) ／ 同距離同面ローテ(芝1200→同) ／ 馬場適性(重芝は前/内有利→先行) |
| ▲ | **16** | ルージュアストレア | 牝3 | ☆舟山 | 54.0 | 42 | 21 | **64.8** | 上位騎手(舟山複勝24%) ／ 上位厩舎(栗田複勝24%) ／ 父キタサンブラック=注目血統(キタサンブラック) ／ 前走先行(通過2-2) |
| △ | **14** | アリアス | 牝3 | 横山武 | 55.0 | 43 | 8 | **51.4** | トップ騎手(横山武複勝32%) ／ 上位厩舎(高柳瑞複勝23%) ／ 距離短縮(芝1400→1200) ／ [Cal]距離短縮(1400→1200) |

### 福島1R 障2750m 3歳以上障害未勝利
_対象外（未登録コース: 福島障2750m）_

### 小倉1R 芝1200m 2歳未勝利（6頭）・☁️曇 馬場重
**★★★ 軸向き**　狙い: 平坦小回り・直線293m。内枠・先行有利の傾向

| 印 | 馬番 | 馬名 | 性齢 | 騎手 | 斤量 | 能力 | bias | 評価 | 根拠 |
|:--:|:--:|--|:--:|--|:--:|--:|--:|--:|--|
| ◎ | **1** | シスキンブルーム | 牝2 | 団野 | 55.0 | 60 | 27 | **100.5** | 内枠(1)有利 ／ 上位騎手(団野複勝24%) ／ 上位厩舎(斉藤崇複勝29%) ／ 前走先行(通過3-3) |
| ○ | **2** | スマートメモリー | 牝2 | 吉村 | 55.0 | 30 | 12 | **38.4** | 内枠(2)有利 ／ 上位厩舎(石坂複勝26%) ／ 同距離同面ローテ(芝1200→同) ／ 上がり最速級(33.8s) |
| ▲ | **3** | ペプチドニンバス | 牡2 | 富田 | 55.0 | 25 | 5 | **28.0** | 上位厩舎(武英複勝26%) ／ [Cal]距離短縮(1400→1200) ／ [Cal]少頭数 ／ [Cal]場補正(小倉) |
| △ | **5** | クリコキアナ | 牝2 | 国分恭 | 55.0 | 10 | 15 | **13.5** | 前走先行(通過1-1) ／ 距離短縮(芝1400→1200) ／ 馬場適性(重芝は前/内有利→逃げ) ／ [Cal]距離短縮(1400→1200) |

### 函館2R ダ1000m 3歳未勝利（12頭）・☀️晴 馬場良
**★★ 有力**　狙い: 洋芝・小回り。内枠・先行有利の傾向

| 印 | 馬番 | 馬名 | 性齢 | 騎手 | 斤量 | 能力 | bias | 評価 | 根拠 |
|:--:|:--:|--|:--:|--|:--:|--:|--:|--:|--|
| ◎ | **10** | マリブサーフ | 牝3 | ☆舟山 | 54.0 | 49 | 20 | **74.1** | 上位騎手(舟山複勝24%) ／ 父ロードカナロア=注目血統(ロードカナロア) ／ 前走先行(通過2-2) ／ 距離短縮(ダ1200→1000) |
| ○ | **2** | スイーヴル | 牝3 | 岩田望 | 55.0 | 48 | 18 | **69.9** | 内枠(2)有利 ／ トップ騎手(岩田望複勝32%) ／ 同距離同面ローテ(ダ1000→同) ／ 複勝安定(60%) |
| ▲ | **7** | ドリームガッサン | 牝3 | ▲小林美 | 52.0 | 41 | 15 | **55.8** | 前走先行(通過2-2) ／ 距離短縮(ダ1200→1000) ／ 馬場適性(良ダートは前残り→先行) ／ [Cal]ダート |
| △ | **5** | アイビーミャーオ | 牝3 | 松本 | 55.0 | 38 | 15 | **52.0** | 上位厩舎(小林複勝22%) ／ 前走先行(通過2-2) ／ 距離短縮(ダ1200→1000) ／ 馬場適性(良ダートは前残り→逃げ) |

### 福島2R ダ1700m 3歳未勝利（15頭）・☁️曇 馬場稍
**★★★ 軸向き**　狙い: 小回り・直線最短級292m。内枠・先行有利の傾向

| 印 | 馬番 | 馬名 | 性齢 | 騎手 | 斤量 | 能力 | bias | 評価 | 根拠 |
|:--:|:--:|--|:--:|--|:--:|--:|--:|--:|--|
| ◎ | **3** | アオイミズホ | 牡3 | 戸崎圭 | 57.0 | 49 | 18 | **71.3** | 内枠(3)有利 ／ トップ騎手(戸崎圭複勝38%) ／ 複勝安定(60%) ／ 馬場適性(稍ダートは差し届く→差し) |
| ○ | **4** | コパノミラノ | 牡3 | 柴田大 | 57.0 | 37 | 11 | **47.4** | 内枠(4)有利 ／ 馬場適性(稍ダートは差し届く→追込) ／ [Cal]ダート ／ [Cal]距離延長(1400→1700) |
| ▲ | **15** | スターツトゥデイ | 牡3 | 坂井 | 57.0 | 35 | 11 | **44.8** | 上位騎手(坂井複勝30%) ／ 上位厩舎(大竹複勝25%) ／ 馬場適性(稍ダートは差し届く→差し) ／ 父ナダル=ダ巧者(複勝48%) |
| △ | **14** | テンオンスゴールド | 牡3 | 江田照 | 57.0 | 36 | 7 | **42.4** | 前走先行(通過2-2) ／ [Cal]ダート ／ [Cal]距離延長(1600→1700) ／ [Cal]場補正(福島) |

### 小倉2R ダ1000m 3歳未勝利（14頭）・☁️曇 馬場良
**★★★ 軸向き**　狙い: 平坦小回り・直線293m。内枠・先行有利の傾向

| 印 | 馬番 | 馬名 | 性齢 | 騎手 | 斤量 | 能力 | bias | 評価 | 根拠 |
|:--:|:--:|--|:--:|--|:--:|--:|--:|--:|--|
| ◎ | **7** | アルムアポジェ | 牝3 | 秋山稔 | 55.0 | 56 | 20 | **83.8** | 前走先行(通過1-2) ／ 距離短縮(ダ1200→1000) ／ 複勝安定(80%) ／ 馬場適性(良ダートは前残り→逃げ) |
| ○ | **10** | ジャスパーブレイズ | 牡3 | 川田 | 57.0 | 49 | 17 | **69.8** | トップ騎手(川田複勝41%) ／ 前走先行(通過2-1) ／ 距離短縮(ダ1200→1000) ／ 複勝安定(67%) |
| ▲ | **14** | スマッシング | 牝3 | △田山 | 53.0 | 48 | 17 | **67.8** | 上位厩舎(佐藤悠複勝28%) ／ 前走先行(通過1-1) ／ 距離短縮(ダ1400→1000) ／ 馬場適性(良ダートは前残り→逃げ) |
| △ | **1** | クリコファルコン | 牡3 | 菱田 | 57.0 | 46 | 16 | **63.8** | 内枠(1)有利 ／ 距離短縮(ダ1200→1000) ／ 複勝安定(60%) ／ [Cal]ダート |

### 函館3R ダ1700m 3歳未勝利（12頭）・☀️晴 馬場良
**★★★ 軸向き**　狙い: 洋芝・小回り。内枠・先行有利の傾向

| 印 | 馬番 | 馬名 | 性齢 | 騎手 | 斤量 | 能力 | bias | 評価 | 根拠 |
|:--:|:--:|--|:--:|--|:--:|--:|--:|--:|--|
| ◎ | **9** | コイオステソーロ | 牡3 | 丹内 | 57.0 | 57 | 19 | **83.5** | 上位厩舎(高木複勝24%) ／ 前走先行(通過1-1-1-1) ／ 同距離同面ローテ(ダ1700→同) ／ 複勝安定(80%) |
| ○ | **1** | キセログラフィカ | 牡3 | 横山武 | 57.0 | 36 | 21 | **55.2** | 内枠(1)有利 ／ トップ騎手(横山武複勝32%) ／ 同距離同面ローテ(ダ1700→同) ／ 複勝安定(60%) |
| ▲ | **12** | シンエンドーツダ | 牡3 | 原田和 | 57.0 | 44 | 4 | **48.7** | 低勝率騎手(原田和複勝9%) ／ 同距離同面ローテ(ダ1700→同) ／ [Cal]ダート ／ [Cal]大外枠 |
| △ | **6** | エコロアビス | 牝3 | ☆舟山 | 54.0 | 35 | 10 | **43.2** | 上位騎手(舟山複勝24%) ／ 前走先行(通過3-3) ／ 馬場適性(良ダートは前残り→先行) ／ [Cal]ダート |

### 福島3R ダ1700m 3歳以上1勝クラス（15頭）・☁️曇 馬場稍
**★★★ 軸向き**　狙い: 小回り・直線最短級292m。内枠・先行有利の傾向

| 印 | 馬番 | 馬名 | 性齢 | 騎手 | 斤量 | 能力 | bias | 評価 | 根拠 |
|:--:|:--:|--|:--:|--|:--:|--:|--:|--:|--|
| ◎ | **3** | ジェネラスキング | 牡3 | ゴンサルベ | 55.0 | 58 | 18 | **84.5** | 内枠(3)有利 ／ 上位厩舎(久保田複勝28%) ／ 複勝安定(75%) ／ 馬場適性(稍ダートは差し届く→差し) |
| ○ | **13** | クラウンフリード | 牡4 | ▲佐藤 | 55.0 | 56 | 12 | **72.7** | 低勝率騎手(佐藤複勝6%) ／ 前走先行(通過2-2-2-2) ／ 複勝安定(80%) ／ 父タワーオブロンドン=ダ1700m巧者(複勝41%) |
| ▲ | **14** | コパノエイダン | 牡3 | 柴田大 | 55.0 | 53 | 13 | **70.1** | 複勝安定(60%) ／ 馬場適性(稍ダートは差し届く→追込) ／ [Cal]ダート ／ [Cal]距離延長(1600→1700) |
| △ | **10** | ショウナンパトス | 牡3 | 津村 | 55.0 | 48 | 17 | **67.8** | 上位厩舎(中舘複勝23%) ／ 前走先行(通過3-3-3-3) ／ 複勝安定(60%) ／ 馬場適性(稍ダートは差し届く→差し) |

### 小倉3R 芝1800m 3歳未勝利（16頭）・☁️曇 馬場重
**★★★ 軸向き**　狙い: 平坦小回り・直線293m。内枠・先行有利の傾向

| 印 | 馬番 | 馬名 | 性齢 | 騎手 | 斤量 | 能力 | bias | 評価 | 根拠 |
|:--:|:--:|--|:--:|--|:--:|--:|--:|--:|--|
| ◎ | **16** | バロッカネーラ | 牝3 | 西村淳 | 55.0 | 59 | 15 | **80.7** | 上位騎手(西村淳複勝27%) ／ 上位厩舎(池添複勝29%) ／ 父キタサンブラック=注目血統(キタサンブラック) ／ 複勝安定(100%) |
| ○ | **8** | ライツェントライゼ | 牝3 | 団野 | 55.0 | 44 | 11 | **55.5** | 上位騎手(団野複勝24%) ／ 同距離同面ローテ(芝1800→同) ／ 複勝安定(60%) ／ [Cal]場補正(小倉) |
| ▲ | **3** | ゴールデンテティス | 牝3 | 加藤 | 55.0 | 29 | 18 | **41.5** | 内枠(3)有利 ／ 上位厩舎(庄野複勝24%) ／ 父リアルスティール=注目血統(リアルスティール) ／ 前走先行(通過3-2) |
| △ | **7** | アロハ | 牝3 | 松山 | 55.0 | 38 | 4 | **41.4** | 上位騎手(松山複勝28%) ／ トップ厩舎(杉山晴複勝31%) ／ [Cal]距離延長(1600→1800) ／ [Cal]場補正(小倉) |

### 函館4R 芝1800m 3歳未勝利（16頭）・☀️晴 馬場重
**★★ 有力**　狙い: 洋芝・小回り。内枠・先行有利の傾向

| 印 | 馬番 | 馬名 | 性齢 | 騎手 | 斤量 | 能力 | bias | 評価 | 根拠 |
|:--:|:--:|--|:--:|--|:--:|--:|--:|--:|--|
| ◎ | **14** | アイムイン | 牡3 | 岩田望 | 57.0 | 52 | 11 | **66.9** | トップ騎手(岩田望複勝32%) ／ トップ厩舎(加藤征複勝30%) ／ 同距離同面ローテ(芝1800→同) ／ 複勝安定(60%) |
| ○ | **5** | クールフィデル | 牡3 | 横山和 | 57.0 | 46 | 14 | **61.7** | 内枠(5)有利 ／ 前走先行(通過2-2) ／ 上がり最速級(34.1s) ／ 馬場適性(重芝は前/内有利→先行) |
| ▲ | **4** | エグジスタンス | 牡3 | 佐々木 | 57.0 | 42 | 17 | **60.4** | 内枠(4)有利 ／ 上位騎手(佐々木複勝24%) ／ 上位厩舎(奥村豊複勝24%) ／ 前走先行(通過2-2-2-1) |
| △ | **2** | ララニューディー | 牡3 | 横山琉 | 57.0 | 44 | 12 | **57.1** | 内枠(2)有利 ／ 上位厩舎(大竹複勝25%) ／ 同距離同面ローテ(芝1800→同) ／ 馬場適性(重芝は前/内有利→先行) |

### 福島4R 障2750m 3歳以上障害OP
_対象外（未登録コース: 福島障2750m）_

### 小倉4R ダ1700m 3歳未勝利（16頭）・☁️曇 馬場良
**★★★ 軸向き**　狙い: 平坦小回り・直線293m。内枠・先行有利の傾向

| 印 | 馬番 | 馬名 | 性齢 | 騎手 | 斤量 | 能力 | bias | 評価 | 根拠 |
|:--:|:--:|--|:--:|--|:--:|--:|--:|--:|--|
| ◎ | **8** | アイランド | 牡3 | 吉村 | 57.0 | 58 | 11 | **73.7** | 上位厩舎(清水久複勝23%) ／ 複勝安定(100%) ／ [Cal]ダート ／ [Cal]距離短縮(1800→1700) |
| ○ | **6** | シャンパンスター | 牝3 | 国分恭 | 55.0 | 48 | 14 | **65.5** | 前走先行(通過1-1-1-1) ／ 複勝安定(60%) ／ 父ダノンレジェンド=ダ巧者(複勝34%) ／ [Cal]ダート |
| ▲ | **4** | タマモスカイ | 牡3 | △田山 | 55.0 | 37 | 12 | **47.7** | 内枠(4)有利 ／ 前走先行(通過2-2-2-2) ／ 父ナダル=ダ巧者(複勝48%) ／ [Cal]ダート |
| △ | **16** | ルージュエテルナ | 牝3 | 西塚 | 55.0 | 35 | 11 | **44.5** | トップ厩舎(友道複勝36%) ／ 馬場適性(良ダートは前残り→先行) ／ 父エピファネイア=先行巧者(複勝33%) ／ [Cal]ダート |

### 函館5R 芝1200m 2歳新馬（8頭）・☀️晴 馬場重
**★ 混戦**　狙い: 洋芝・小回り。内枠・先行有利の傾向

| 印 | 馬番 | 馬名 | 性齢 | 騎手 | 斤量 | 能力 | bias | 評価 | 根拠 |
|:--:|:--:|--|:--:|--|:--:|--:|--:|--:|--|
| ◎💎 | **1** | ステラトップガン | 牡2 | 鮫島駿 | 55.0 | — | 8 | **33.6** | 内枠(1)有利 ／ 上位騎手(鮫島駿複勝24%) ／ 上位厩舎(高柳大複勝28%) ／ [Cal]少頭数 |
| ○💎 | **7** | ヌーンベルク | 牝2 | 横山武 | 55.0 | — | 7 | **32.9** | トップ騎手(横山武複勝32%) ／ 上位厩舎(武井複勝25%) ／ 父タワーオブロンドン=道悪巧者(重複勝33%) ／ [Cal]少頭数 |
| ▲ | **2** | ミハテヌユメ | 牝2 | 斎藤 | 55.0 | — | 4 | **30.8** | 内枠(2)有利 ／ [Cal]少頭数 |
| △ | **5** | アゴルディーノ | 牡2 | 横山和 | 55.0 | — | 3 | **30.1** | 上位厩舎(田村複勝24%) ／ [Cal]少頭数 |

### 福島5R 芝1200m 2歳新馬（11頭）・☁️曇 馬場稍
**★ 混戦**　狙い: 小回り・直線最短級292m。内枠・先行有利の傾向

| 印 | 馬番 | 馬名 | 性齢 | 騎手 | 斤量 | 能力 | bias | 評価 | 根拠 |
|:--:|:--:|--|:--:|--|:--:|--:|--:|--:|--|
| ◎💎 | **1** | エバーメテオ | 牡2 | 津村 | 55.0 | — | 8 | **33.6** | 内枠(1)有利 ／ 父インディチャンプ=道悪巧者(稍複勝46%) ／ 父インディチャンプ=芝巧者(複勝50%) ／ [Cal]場補正(福島) |
| ○💎 | **3** | アンムート | 牝2 | 坂井 | 55.0 | — | 7 | **32.9** | 内枠(3)有利 ／ 上位騎手(坂井複勝30%) ／ 上位厩舎(奥村豊複勝24%) ／ [Cal]場補正(福島) |
| ▲ | **2** | エニシングゴース | 牡2 | 石橋脩 | 55.0 | — | 4 | **30.8** | 内枠(2)有利 ／ [Cal]場補正(福島) |
| △ | **11** | セイウントレジャ | 牡2 | 野中 | 55.0 | — | 4 | **30.8** | 母父キズナ=注目血統(キズナ) ／ [Cal]場補正(福島) ／ [Cal]大外枠 |

### 小倉5R 芝1200m 2歳新馬（10頭）・☁️曇 馬場重
**★ 混戦**　狙い: 平坦小回り・直線293m。内枠・先行有利の傾向

| 印 | 馬番 | 馬名 | 性齢 | 騎手 | 斤量 | 能力 | bias | 評価 | 根拠 |
|:--:|:--:|--|:--:|--|:--:|--:|--:|--:|--|
| ◎💎 | **1** | ワッザイカ | 牡2 | 泉谷 | 55.0 | — | 8 | **33.6** | 内枠(1)有利 ／ 上位厩舎(松永幹複勝28%) ／ [Cal]少頭数 ／ [Cal]場補正(小倉) |
| ○💎 | **2** | リエーヴェ | 牡2 | ◇永島 | 53.0 | — | 6 | **32.2** | 軽斤量(53.0kg・基準58kg) ／ 内枠(2)有利 ／ [Cal]減量騎手(◇) ／ [Cal]少頭数 |
| ▲💎 | **3** | ニシノキヅイタラ | 牝2 | △田山 | 53.0 | — | 6 | **32.2** | 軽斤量(53.0kg・基準56kg) ／ 内枠(3)有利 ／ [Cal]減量騎手(△) ／ [Cal]少頭数 |
| △ | **6** | カエリールークス | 牝2 | 松山 | 55.0 | — | 6 | **32.2** | 上位騎手(松山複勝28%) ／ 上位厩舎(佐藤悠複勝28%) ／ 父シスキン=芝巧者(複勝54%) ／ [Cal]少頭数 |

### 函館6R ダ1700m 3歳未勝利（11頭）・☀️晴 馬場良
**★ 混戦**　狙い: 洋芝・小回り。内枠・先行有利の傾向

| 印 | 馬番 | 馬名 | 性齢 | 騎手 | 斤量 | 能力 | bias | 評価 | 根拠 |
|:--:|:--:|--|:--:|--|:--:|--:|--:|--:|--|
| ◎ | **3** | エリカビアリッツ | 牝3 | 佐々木 | 55.0 | 60 | 17 | **85.5** | 内枠(3)有利 ／ 上位騎手(佐々木複勝24%) ／ トップ厩舎(堀複勝37%) ／ 前走先行(通過2-2) |
| ○ | **5** | プリンセスアツコ | 牝3 | 鮫島駿 | 55.0 | 61 | 14 | **82.6** | 上位騎手(鮫島駿複勝24%) ／ 上位厩舎(河嶋複勝22%) ／ 父ドレフォン=注目血統(ドレフォン) ／ 複勝安定(100%) |
| ▲ | **1** | コサージュ | 牝3 | 横山琉 | 55.0 | 40 | 18 | **57.4** | 内枠(1)有利 ／ 上位厩舎(清水久複勝23%) ／ 前走先行(通過3-4-3-3) ／ 同距離同面ローテ(ダ1700→同) |
| △ | **2** | リアル | 牝3 | 松本 | 55.0 | 38 | 17 | **53.6** | 内枠(2)有利 ／ 上位厩舎(長谷川複勝24%) ／ 前走先行(通過3-3-3-3) ／ 上がり最速級(34.4s) |

### 福島6R ダ1150m 2歳新馬（10頭）・☁️曇 馬場稍
**★ 混戦**　狙い: 小回り・直線最短級292m。内枠・先行有利の傾向

| 印 | 馬番 | 馬名 | 性齢 | 騎手 | 斤量 | 能力 | bias | 評価 | 根拠 |
|:--:|:--:|--|:--:|--|:--:|--:|--:|--:|--|
| ◎💎 | **1** | レオライジング | 牝2 | 原 | 55.0 | — | 11 | **35.7** | 内枠(1)有利 ／ 父インディチャンプ=道悪巧者(稍複勝46%) ／ 父インディチャンプ=ダ巧者(複勝33%) ／ [Cal]ダート |
| ○💎 | **3** | ラヴァブルロマン | 牝2 | 菊沢 | 55.0 | — | 9 | **34.3** | 内枠(3)有利 ／ 上位厩舎(伊藤圭複勝22%) ／ [Cal]ダート ／ [Cal]少頭数 |
| ▲💎 | **2** | エランヴィータ | 牡2 | 三浦 | 55.0 | — | 8 | **33.6** | 内枠(2)有利 ／ 上位騎手(三浦複勝28%) ／ [Cal]ダート ／ [Cal]少頭数 |
| △ | **9** | ムーンベリル | 牝2 | 坂井 | 55.0 | — | 8 | **33.6** | 上位騎手(坂井複勝30%) ／ 上位厩舎(西村複勝24%) ／ 父クリソベリル=ダ巧者(複勝41%) ／ [Cal]ダート |

### 小倉6R 芝2000m 3歳未勝利（17頭）・☁️曇 馬場重
**★★★ 軸向き**　狙い: 平坦小回り・直線293m。内枠・先行有利の傾向

| 印 | 馬番 | 馬名 | 性齢 | 騎手 | 斤量 | 能力 | bias | 評価 | 根拠 |
|:--:|:--:|--|:--:|--|:--:|--:|--:|--:|--|
| ◎ | **1** | フレアオブセンス | 牡3 | 西村淳 | 57.0 | 56 | 23 | **89.0** | 内枠(1)有利 ／ 上位騎手(西村淳複勝27%) ／ 上位厩舎(高野複勝30%) ／ 前走先行(通過3-2-2-2) |
| ○ | **9** | ビップヴォルフ | 牡3 | Ｍデムーロ | 57.0 | 50 | 12 | **64.5** | トップ騎手(Ｍデムーロ複勝39%) ／ 同距離同面ローテ(芝2000→同) ／ 複勝安定(60%) ／ [Cal]場補正(小倉) |
| ▲ | **8** | クロスボーダー | 牝3 | 川田 | 55.0 | 42 | 10 | **52.1** | トップ騎手(川田複勝41%) ／ 上位厩舎(小林複勝22%) ／ 父リアルスティール=注目血統(リアルスティール) ／ 父リアルスティール=小倉芝巧者(複回114) |
| △ | **3** | タガノミトゥンドゥ | 牝3 | △田山 | 53.0 | 33 | 14 | **44.4** | 内枠(3)有利 ／ 上位厩舎(長谷川複勝24%) ／ 距離短縮(芝2400→2000) ／ 父フィエールマン=芝巧者(複勝44%) |

### 函館7R 芝2000m 3歳以上1勝クラス（11頭）・☀️晴 馬場重
**★★★ 軸向き**　狙い: 洋芝・小回り。内枠・先行有利の傾向

| 印 | 馬番 | 馬名 | 性齢 | 騎手 | 斤量 | 能力 | bias | 評価 | 根拠 |
|:--:|:--:|--|:--:|--|:--:|--:|--:|--:|--|
| ◎ | **11** | ドウアドバンテージ | 牡5 | 武豊 | 58.0 | 58 | 12 | **75.4** | トップ騎手(武豊複勝43%) ／ 上位厩舎(四位複勝29%) ／ 同距離同面ローテ(芝2000→同) ／ 複勝安定(80%) |
| ○ | **6** | マカナアネラ | 牡3 | 松本 | 55.0 | 48 | 14 | **64.5** | 上位厩舎(角田複勝26%) ／ 同距離同面ローテ(芝2000→同) ／ 複勝安定(60%) ／ 馬場適性(重芝は前/内有利→先行) |
| ▲ | **1** | ブランヴァンダイク | 牡3 | 小沢 | 55.0 | 45 | 13 | **59.2** | 内枠(1)有利 ／ トップ厩舎(辻野複勝30%) ／ 母父ロードカナロア=注目血統(ロードカナロア) ／ 前走先行(通過3-3-2-2) |
| △ | **2** | コスモナエマ | 牝3 | ☆長浜 | 52.0 | 42 | 14 | **57.1** | 内枠(2)有利 ／ 上位厩舎(手塚久複勝28%) ／ 前走先行(通過2-2-2-2) ／ 馬場適性(重芝は前/内有利→先行) |

### 福島7R 芝1800m 3歳未勝利（16頭）・☁️曇 馬場稍
**★★★ 軸向き**　狙い: 小回り・直線最短級292m。内枠・先行有利の傾向

| 印 | 馬番 | 馬名 | 性齢 | 騎手 | 斤量 | 能力 | bias | 評価 | 根拠 |
|:--:|:--:|--|:--:|--|:--:|--:|--:|--:|--|
| ◎ | **5** | エバーシャンティ | 牝3 | 戸崎圭 | 55.0 | 46 | 20 | **69.2** | 内枠(5)有利 ／ トップ騎手(戸崎圭複勝38%) ／ 上位厩舎(久保田複勝28%) ／ 距離短縮(芝2000→1800) |
| ○ | **3** | アッパーウォーター | 牝3 | 坂井 | 55.0 | 42 | 9 | **51.6** | 内枠(3)有利 ／ 上位騎手(坂井複勝30%) ／ 上位厩舎(千葉複勝22%) ／ 同距離同面ローテ(芝1800→同) |
| ▲ | **1** | アースヴィンチ | 牝3 | 丸山 | 55.0 | 31 | 12 | **40.4** | 内枠(1)有利 ／ 上位厩舎(蛯名正複勝29%) ／ 前走先行(通過1-1-1) ／ 上がり最速級(34.2s) |
| △ | **7** | ラグアイリータ | 牝3 | 津村 | 55.0 | 29 | 14 | **39.0** | 前走先行(通過1-1-1) ／ 同距離同面ローテ(芝1800→同) ／ 上がり最速級(34.2s) ／ 馬場適性(稍芝は前/内有利→先行) |

### 小倉7R ダ1700m 3歳以上1勝クラス（16頭）・☁️曇 馬場良
**★★★ 軸向き**　狙い: 平坦小回り・直線293m。内枠・先行有利の傾向

| 印 | 馬番 | 馬名 | 性齢 | 騎手 | 斤量 | 能力 | bias | 評価 | 根拠 |
|:--:|:--:|--|:--:|--|:--:|--:|--:|--:|--|
| ◎ | **12** | ショコラプリン | 牝3 | 川田 | 53.0 | 52 | 17 | **74.7** | 軽斤量(53.0kg・基準56kg) ／ トップ騎手(川田複勝41%) ／ 上位厩舎(四位複勝29%) ／ 複勝安定(60%) |
| ○ | **10** | クイーンズホリデー | 牝3 | 吉村 | 53.0 | 50 | 13 | **66.0** | 軽斤量(53.0kg・基準56kg) ／ 上位厩舎(清水久複勝23%) ／ 前走先行(通過1-1-1-1) ／ 馬場適性(良ダートは前残り→先行) |
| ▲ | **13** | ホウショウルクス | 牝3 | 松若 | 53.0 | 52 | 8 | **62.6** | 軽斤量(53.0kg・基準56kg) ／ 馬場適性(良ダートは前残り→先行) ／ [Cal]ダート ／ [Cal]距離延長(1400→1700) |
| △ | **15** | アンリーベイビー | 牝5 | 松山 | 56.0 | 47 | 11 | **59.9** | 上位騎手(松山複勝28%) ／ 同距離同面ローテ(ダ1700→同) ／ 複勝安定(60%) ／ [Cal]ダート |

### 函館8R ダ1000m 3歳以上1勝クラス（11頭）・☀️晴 馬場良
**★★★ 軸向き**　狙い: 洋芝・小回り。内枠・先行有利の傾向

| 印 | 馬番 | 馬名 | 性齢 | 騎手 | 斤量 | 能力 | bias | 評価 | 根拠 |
|:--:|:--:|--|:--:|--|:--:|--:|--:|--:|--|
| ◎ | **1** | マメタンク | 牡3 | 斎藤 | 55.0 | 55 | 15 | **76.2** | 内枠(1)有利 ／ 距離短縮(ダ1200→1000) ／ 複勝安定(75%) ／ [Cal]ダート |
| ○ | **3** | サツキレジーナ | 牝4 | 古川吉 | 56.0 | 44 | 18 | **63.4** | 内枠(3)有利 ／ 同距離同面ローテ(ダ1000→同) ／ 上がり最速級(34.3s) ／ 複勝安定(60%) |
| ▲ | **7** | カッタッパ | 牡3 | 松本 | 55.0 | 44 | 15 | **60.5** | 距離短縮(ダ1200→1000) ／ 複勝安定(80%) ／ 馬場適性(良ダートは前残り→先行) ／ [Cal]ダート |
| △ | **2** | フレンズプラス | 牝3 | 丹内 | 53.0 | 46 | 9 | **56.0** | 内枠(2)有利 ／ 上位厩舎(宮本複勝25%) ／ 同距離同面ローテ(ダ1000→同) ／ 父クリソベリル=ダ巧者(複勝41%) |

### 福島8R 芝2000m 3歳未勝利（16頭）・☁️曇 馬場稍
**★ 混戦**　狙い: 小回り・直線最短級292m。内枠・先行有利の傾向

| 印 | 馬番 | 馬名 | 性齢 | 騎手 | 斤量 | 能力 | bias | 評価 | 根拠 |
|:--:|:--:|--|:--:|--|:--:|--:|--:|--:|--|
| ◎ | **13** | ベアダイヤモンド | 牡3 | 津村 | 57.0 | 59 | 12 | **77.0** | 前走先行(通過2-3-3) ／ 同距離同面ローテ(芝2000→同) ／ 複勝安定(100%) ／ [Cal]場補正(福島) |
| ○ | **2** | ウインマニフィーク | 牡3 | 戸崎圭 | 57.0 | 53 | 18 | **76.3** | 内枠(2)有利 ／ トップ騎手(戸崎圭複勝38%) ／ 同距離同面ローテ(芝2000→同) ／ 複勝安定(60%) |
| ▲ | **14** | オートカリテ | 牝3 | 石橋脩 | 55.0 | 48 | 5 | **54.2** | 上位厩舎(牧複勝22%) ／ 同距離同面ローテ(芝2000→同) ／ [Cal]場補正(福島) |
| △ | **12** | コスモアミュレット | 牡3 | ゴンサルベ | 57.0 | 42 | 8 | **50.6** | 上位厩舎(加藤士複勝24%) ／ 前走先行(通過3-4-4-4) ／ 同距離同面ローテ(芝2000→同) ／ [Cal]場補正(福島) |

### 小倉8R 芝1200m 3歳以上1勝クラス（9頭）・☁️曇 馬場重
**★ 混戦**　狙い: 平坦小回り・直線293m。内枠・先行有利の傾向

| 印 | 馬番 | 馬名 | 性齢 | 騎手 | 斤量 | 能力 | bias | 評価 | 根拠 |
|:--:|:--:|--|:--:|--|:--:|--:|--:|--:|--|
| ◎ | **8** | レオナルドスター | セ5 | △柴田裕 | 56.0 | 47 | 19 | **69.6** | 同距離同面ローテ(芝1200→同) ／ 上がり最速級(33.8s) ／ 複勝安定(60%) ／ 馬場適性(重芝は前/内有利→先行) |
| ○ | **3** | メローネ | 牝3 | 松若 | 53.0 | 51 | 14 | **68.4** | 内枠(3)有利 ／ 上位厩舎(西園翔複勝26%) ／ 同距離同面ローテ(芝1200→同) ／ 複勝安定(60%) |
| ▲ | **2** | ブルズアイプリンス | 牡3 | 団野 | 55.0 | 32 | 9 | **39.1** | 内枠(2)有利 ／ 上位騎手(団野複勝24%) ／ 父フィエールマン=芝巧者(複勝44%) ／ [Cal]距離短縮(1400→1200) |
| △ | **1** | ドルチェミスト | 牝3 | ▲森田 | 50.0 | 28 | 11 | **36.2** | 軽斤量(50.0kg・基準56kg) ／ 内枠(1)有利 ／ 上位厩舎(小栗複勝24%) ／ 同距離同面ローテ(芝1200→同) |

### 函館9R 芝1200m 長万部特別（9頭）・☀️晴 馬場重
**★★ 有力**　狙い: 洋芝・小回り。内枠・先行有利の傾向

| 印 | 馬番 | 馬名 | 性齢 | 騎手 | 斤量 | 能力 | bias | 評価 | 根拠 |
|:--:|:--:|--|:--:|--|:--:|--:|--:|--:|--|
| ◎ | **7** | ドリーミングアップ | 牡5 | 横山武 | 58.0 | 53 | 7 | **61.9** | トップ騎手(横山武複勝32%) ／ 同距離同面ローテ(芝1200→同) ／ [Cal]少頭数 ／ [Cal]9R(好成績帯) |
| ○ | **4** | ララバニュルス | 牡4 | 横山和 | 58.0 | 50 | 6 | **57.8** | 上位厩舎(大竹複勝25%) ／ 同距離同面ローテ(芝1200→同) ／ [Cal]少頭数 ／ [Cal]9R(好成績帯) |
| ▲ | **8** | シュークリーム | 牝5 | 岩田望 | 56.0 | 37 | 17 | **52.9** | トップ騎手(岩田望複勝32%) ／ 上位厩舎(西村複勝24%) ／ 前走先行(通過2-2) ／ 同距離同面ローテ(芝1200→同) |
| △ | **6** | ファニーバニー | 牝3 | 鮫島駿 | 53.0 | 38 | 9 | **46.2** | 軽斤量(53.0kg・基準56kg) ／ 上位騎手(鮫島駿複勝24%) ／ 同距離同面ローテ(芝1200→同) ／ 上がり最速級(33.8s) |

### 福島9R ダ1150m さくらんぼ特別（16頭）・☁️曇 馬場稍
**★ 混戦**　狙い: 小回り・直線最短級292m。内枠・先行有利の傾向

| 印 | 馬番 | 馬名 | 性齢 | 騎手 | 斤量 | 能力 | bias | 評価 | 根拠 |
|:--:|:--:|--|:--:|--|:--:|--:|--:|--:|--|
| ◎ | **6** | エコロシード | 牡3 | ゴンサルベ | 55.0 | 66 | 16 | **92.5** | 軽斤量(55.0kg・基準58kg) ／ トップ厩舎(堀複勝37%) ／ 前走先行(通過3-3) ／ 距離短縮(ダ1600→1150) |
| ○ | **7** | ケブランリ | 牡3 | 荻野極 | 55.0 | 61 | 19 | **90.1** | 軽斤量(55.0kg・基準58kg) ／ 上位厩舎(加藤士複勝24%) ／ 距離短縮(ダ1600→1150) ／ 複勝安定(75%) |
| ▲ | **4** | タケルハーロック | 牡4 | 石田 | 58.0 | 61 | 19 | **89.4** | 内枠(4)有利 ／ 低勝率騎手(石田複勝9%) ／ 上位厩舎(高柳大複勝28%) ／ 同距離同面ローテ(ダ1200→同) |
| △ | **15** | ルクスレイモンド | 牡3 | 戸崎圭 | 55.0 | 48 | 20 | **72.4** | 軽斤量(55.0kg・基準58kg) ／ トップ騎手(戸崎圭複勝38%) ／ トップ厩舎(上原佑複勝32%) ／ 前走先行(通過3-4) |

### 小倉9R 芝2000m 八代特別（8頭）・☁️曇 馬場重
**★★★ 軸向き**　狙い: 平坦小回り・直線293m。内枠・先行有利の傾向

| 印 | 馬番 | 馬名 | 性齢 | 騎手 | 斤量 | 能力 | bias | 評価 | 根拠 |
|:--:|:--:|--|:--:|--|:--:|--:|--:|--:|--|
| ◎ | **4** | サヴォアフェール | 牡3 | 松山 | 55.0 | 62 | 17 | **88.9** | 軽斤量(55.0kg・基準58kg) ／ 上位騎手(松山複勝28%) ／ トップ厩舎(杉山晴複勝31%) ／ 距離短縮(芝2200→2000) |
| ○ | **6** | パイオニアスクエア | 牡4 | 富田 | 58.0 | 48 | 25 | **77.4** | 父ドゥラメンテ=注目血統(ドゥラメンテ) ／ 前走先行(通過3-3-4-3) ／ 距離短縮(芝2400→2000) ／ 複勝安定(60%) |
| ▲ | **1** | ダノンアトラス | 牡5 | Ｍデムーロ | 58.0 | 50 | 18 | **72.8** | 内枠(1)有利 ／ トップ騎手(Ｍデムーロ複勝39%) ／ 上位厩舎(橋口複勝27%) ／ 同距離同面ローテ(芝2000→同) |
| △ | **2** | ノンブルドール | 牡3 | 西村淳 | 55.0 | 47 | 22 | **72.4** | 軽斤量(55.0kg・基準58kg) ／ 内枠(2)有利 ／ 上位騎手(西村淳複勝27%) ／ 上位厩舎(西園翔複勝26%) |

### ⭐ 函館10R 芝2000m 洞爺湖特別（11頭）・☀️晴 馬場重
**★ 混戦**　狙い: 洋芝・小回り。内枠・先行有利の傾向

| 印 | 馬番 | 馬名 | 性齢 | 騎手 | 斤量 | 能力 | bias | 評価 | 根拠 |
|:--:|:--:|--|:--:|--|:--:|--:|--:|--:|--|
| ◎ | **1** | ハートメテオ | 牝4 | 岩田望 | 56.0 | 42 | 12 | **54.6** | 内枠(1)有利 ／ トップ騎手(岩田望複勝32%) ／ 父ロードカナロア=注目血統(ロードカナロア) ／ 上位クラス通用(5着以内) |
| ○ | **6** | ロードマンハイム | セ6 | 岩田康 | 58.0 | 42 | 10 | **52.0** | トップ騎手(岩田康複勝33%) ／ トップ厩舎(友道複勝36%) ／ 父ロードカナロア=注目血統(ロードカナロア) ／ 上位クラス通用(5着以内) |
| ▲ | **10** | アメジストブラック | 牡7 | 舟山 | 58.0 | 44 | 7 | **51.6** | 上位騎手(舟山複勝24%) ／ 距離短縮(芝2400→2000) ／ 上位クラス通用(5着以内) ／ [Cal]距離短縮(2400→2000) |
| △ | **4** | ウィルサヴァイブ | 牝4 | 横山武 | 56.0 | 38 | 12 | **49.4** | トップ騎手(横山武複勝32%) ／ トップ厩舎(須貝複勝32%) ／ 上がり最速級(33.2s) ／ 上位クラス通用(5着以内) |

### ⭐ 福島10R ダ1700m いわき特別（11頭）・☁️曇 馬場稍
**★★★ 軸向き**　狙い: 小回り・直線最短級292m。内枠・先行有利の傾向

| 印 | 馬番 | 馬名 | 性齢 | 騎手 | 斤量 | 能力 | bias | 評価 | 根拠 |
|:--:|:--:|--|:--:|--|:--:|--:|--:|--:|--|
| ◎ | **1** | ハイクオリティ | 牡4 | ゴンサルベ | 58.0 | 63 | 19 | **92.3** | 内枠(1)有利 ／ 上位厩舎(今野複勝22%) ／ 前走先行(通過1-1-1-1) ／ 複勝安定(80%) |
| ○ | **9** | ドゥマーヴェリック | 牡4 | 戸崎圭 | 58.0 | 59 | 17 | **84.1** | トップ騎手(戸崎圭複勝38%) ／ 上位厩舎(大竹複勝25%) ／ 前走先行(通過2-2-3-2) ／ 複勝安定(60%) |
| ▲ | **3** | リフレックス | 牡3 | 三浦 | 55.0 | 56 | 13 | **74.6** | 軽斤量(55.0kg・基準58kg) ／ 内枠(3)有利 ／ 上位騎手(三浦複勝28%) ／ 複勝安定(60%) |
| △ | **2** | ラストレガシー | 牡4 | 田辺 | 58.0 | 49 | 14 | **66.6** | 内枠(2)有利 ／ 上位騎手(田辺複勝26%) ／ 上位厩舎(手塚久複勝28%) ／ 馬場適性(稍ダートは差し届く→差し) |

### ⭐ 小倉10R 芝1200m 宗像特別（13頭）・☁️曇 馬場重
**★ 混戦**　狙い: 平坦小回り・直線293m。内枠・先行有利の傾向

| 印 | 馬番 | 馬名 | 性齢 | 騎手 | 斤量 | 能力 | bias | 評価 | 根拠 |
|:--:|:--:|--|:--:|--|:--:|--:|--:|--:|--|
| ◎ | **4** | ジェニファー | 牝5 | 松山 | 56.0 | 57 | 20 | **85.7** | 内枠(4)有利 ／ 上位騎手(松山複勝28%) ／ 前走先行(通過1-1) ／ 同距離同面ローテ(芝1200→同) |
| ○ | **11** | サディーク | 牝4 | 松若 | 56.0 | 65 | 12 | **84.9** | 上位厩舎(河嶋複勝22%) ／ 同距離同面ローテ(芝1200→同) ／ 複勝安定(80%) ／ 上位クラス通用(5着以内) |
| ▲💎 | **2** | ホーリーブラッサム | 牝4 | 団野 | 56.0 | 42 | 25 | **67.6** | 内枠(2)有利 ／ 上位騎手(団野複勝24%) ／ 上位厩舎(斉藤崇複勝29%) ／ 前走先行(通過1-1) |
| △ | **8** | ロードトレゾール | 牡5 | 吉村 | 58.0 | 48 | 13 | **63.3** | 上位厩舎(清水久複勝23%) ／ 前走先行(通過2-2) ／ 同距離同面ローテ(芝1200→同) ／ 上位クラス通用(5着以内) |

### ⭐ 函館11R 芝1200m 青函S（14頭）・☀️晴 馬場重
**★★★ 軸向き**　狙い: 洋芝・小回り。内枠・先行有利の傾向

| 印 | 馬番 | 馬名 | 性齢 | 騎手 | 斤量 | 能力 | bias | 評価 | 根拠 |
|:--:|:--:|--|:--:|--|:--:|--:|--:|--:|--|
| ◎ | **14** | ルージュラナキラ | 牝4 | 横山武 | 54.0 | 58 | 13 | **77.0** | トップ騎手(横山武複勝32%) ／ トップ厩舎(加藤征複勝30%) ／ 同距離同面ローテ(芝1200→同) ／ 複勝安定(60%) |
| ○ | **2** | ブラックチャリス | 牝3 | 吉田隼 | 53.0 | 44 | 18 | **63.5** | 軽斤量(53.0kg・基準56kg) ／ 内枠(2)有利 ／ 上位騎手(吉田隼複勝24%) ／ トップ厩舎(武幸複勝30%) |
| ▲ | **13** | ロードフォアエース | 牡5 | 岩田康 | 57.5 | 42 | 18 | **61.3** | トップ騎手(岩田康複勝33%) ／ トップ厩舎(友道複勝36%) ／ 父ロードカナロア=注目血統(ロードカナロア) ／ 前走先行(通過3-2) |
| △ | **7** | マイネルレノン | 牡7 | 丹内 | 55.0 | 46 | 9 | **57.0** | 上位厩舎(宮複勝22%) ／ 前走先行(通過3-3) ／ 同距離同面ローテ(芝1200→同) ／ 上位クラス通用(5着以内) |

### 福島11R 芝2000m バーデンバーデンC（9頭）・☁️曇 馬場稍
**★ 混戦**　狙い: 小回り・直線最短級292m。内枠・先行有利の傾向

| 印 | 馬番 | 馬名 | 性齢 | 騎手 | 斤量 | 能力 | bias | 評価 | 根拠 |
|:--:|:--:|--|:--:|--|:--:|--:|--:|--:|--|
| ◎ | **4** | マリアイリダータ | 牝4 | 坂井 | 56.0 | 71 | 13 | **94.3** | 上位騎手(坂井複勝30%) ／ トップ厩舎(田中博複勝35%) ／ 同距離同面ローテ(芝2000→同) ／ 複勝安定(100%) |
| ○ | **8** | フィオレストラーダ | 牝4 | 荻野極 | 56.0 | 58 | 23 | **91.8** | トップ厩舎(杉山晴複勝31%) ／ 父エピファネイア=注目血統(エピファネイア) ／ 前走先行(通過2-2-2-2) ／ 同距離同面ローテ(芝2000→同) |
| ▲ | **7** | リーティアコナル | 牡4 | 小崎 | 58.0 | 60 | 20 | **90.4** | 前走先行(通過1-1-1-1) ／ 距離短縮(芝2200→2000) ／ 複勝安定(60%) ／ 上位クラス通用(5着以内) |
| △ | **3** | ハニーコム | 牝5 | 戸崎圭 | 56.0 | 43 | 14 | **58.2** | 内枠(3)有利 ／ トップ騎手(戸崎圭複勝38%) ／ 上位厩舎(蛯名正複勝29%) ／ 前走先行(通過3-3-3-3) |

### ⭐ 小倉11R ダ1700m 薩摩S（15頭）・☁️曇 馬場良
**★ 混戦**　狙い: 平坦小回り・直線293m。内枠・先行有利の傾向

| 印 | 馬番 | 馬名 | 性齢 | 騎手 | 斤量 | 能力 | bias | 評価 | 根拠 |
|:--:|:--:|--|:--:|--|:--:|--:|--:|--:|--|
| ◎ | **13** | シンビリーブ | 牡4 | 川田 | 58.0 | 55 | 17 | **77.9** | トップ騎手(川田複勝41%) ／ 前走先行(通過3-3-3-3) ／ 距離短縮(ダ2000→1700) ／ 上位クラス通用(5着以内) |
| ○ | **12** | アレナパラシオ | 牡5 | 富田 | 58.0 | 56 | 14 | **75.7** | 上位厩舎(四位複勝29%) ／ 前走先行(通過1-1-1-1) ／ 上がり最速級(35.5s) ／ 上位クラス通用(5着以内) |
| ▲ | **15** | パフ | 牡5 | 西塚 | 58.0 | 58 | 11 | **73.6** | 上位厩舎(橋口複勝27%) ／ 複勝安定(60%) ／ 上位クラス通用(5着以内) ／ [Cal]ダート |
| △ | **4** | ハリーケーン | 牡4 | 幸 | 58.0 | 53 | 14 | **72.1** | 内枠(4)有利 ／ 上位騎手(幸複勝23%) ／ 前走先行(通過3-3) ／ 複勝安定(60%) |

### 函館12R ダ1700m 3歳以上1勝クラス（10頭）・☀️晴 馬場良
**★★★ 軸向き**　狙い: 洋芝・小回り。内枠・先行有利の傾向

| 印 | 馬番 | 馬名 | 性齢 | 騎手 | 斤量 | 能力 | bias | 評価 | 根拠 |
|:--:|:--:|--|:--:|--|:--:|--:|--:|--:|--|
| ◎ | **4** | ストロングボーイ | 牡3 | 荻野琢 | 55.0 | 58 | 14 | **77.8** | 上位厩舎(野中複勝26%) ／ 同距離同面ローテ(ダ1700→同) ／ 複勝安定(80%) ／ [Cal]ダート |
| ○ | **2** | テイエムゴッホ | 牡3 | ☆舟山 | 54.0 | 42 | 19 | **62.7** | 軽斤量(54.0kg・基準58kg) ／ 内枠(2)有利 ／ 上位騎手(舟山複勝24%) ／ 複勝安定(60%) |
| ▲ | **1** | マーベリックシチー | 牡5 | 鮫島駿 | 58.0 | 48 | 12 | **62.4** | 内枠(1)有利 ／ 上位騎手(鮫島駿複勝24%) ／ 上位厩舎(岡田複勝24%) ／ 同距離同面ローテ(ダ1700→同) |
| △ | **6** | アイファーシャドー | 牡4 | 佐々木 | 58.0 | 45 | 5 | **51.0** | 上位騎手(佐々木複勝24%) ／ [Cal]ダート ／ [Cal]距離延長(1600→1700) ／ [Cal]少頭数 |

### 福島12R 芝1200m 3歳以上1勝クラス（16頭）・☁️曇 馬場稍
**★★ 有力**　狙い: 小回り・直線最短級292m。内枠・先行有利の傾向

| 印 | 馬番 | 馬名 | 性齢 | 騎手 | 斤量 | 能力 | bias | 評価 | 根拠 |
|:--:|:--:|--|:--:|--|:--:|--:|--:|--:|--|
| ◎ | **15** | ファインサマーデイ | 牡3 | 三浦 | 55.0 | 64 | 19 | **93.7** | 上位騎手(三浦複勝28%) ／ 上位厩舎(高柳瑞複勝23%) ／ 前走先行(通過2-2) ／ 同距離同面ローテ(芝1200→同) |
| ○ | **13** | ステートオブロック | 牡4 | 丸山 | 58.0 | 64 | 14 | **87.1** | 前走先行(通過3-3) ／ 複勝安定(100%) ／ 馬場適性(稍芝は前/内有利→先行) ／ [Cal]場補正(福島) |
| ▲ | **10** | ジェイエルライナー | 牝4 | 小林脩 | 56.0 | 56 | 15 | **77.1** | 低勝率騎手(小林脩複勝9%) ／ 前走先行(通過3-3-3-3) ／ 複勝安定(80%) ／ 馬場適性(稍芝は前/内有利→先行) |
| △ | **9** | サムハラ | 牡3 | ▲石田 | 52.0 | 47 | 15 | **64.3** | 軽斤量(52.0kg・基準58kg) ／ 低勝率騎手(石田複勝9%) ／ 距離短縮(芝1400→1200) ／ 上がり最速級(33.3s) |

### 小倉12R 芝1200m 3歳以上1勝クラス（8頭）・☁️曇 馬場重
**★★★ 軸向き**　狙い: 平坦小回り・直線293m。内枠・先行有利の傾向

| 印 | 馬番 | 馬名 | 性齢 | 騎手 | 斤量 | 能力 | bias | 評価 | 根拠 |
|:--:|:--:|--|:--:|--|:--:|--:|--:|--:|--|
| ◎ | **1** | ルブリアン | 牡4 | ▲森田 | 55.0 | 48 | 26 | **79.4** | 内枠(1)有利 ／ 上位厩舎(高橋亮複勝24%) ／ 前走先行(通過1-1) ／ 同距離同面ローテ(芝1200→同) |
| ○ | **2** | ピアストイヤーズ | 牡4 | 団野 | 58.0 | 49 | 17 | **69.8** | 内枠(2)有利 ／ 上位騎手(団野複勝24%) ／ 前走先行(通過3-3) ／ 距離短縮(芝1400→1200) |
| ▲ | **8** | タナスーペルノーバ | 牡3 | ◇今村 | 53.0 | 45 | 17 | **64.4** | 軽斤量(53.0kg・基準58kg) ／ 上位厩舎(寺島複勝25%) ／ 前走先行(通過2-2) ／ 同距離同面ローテ(芝1200→同) |
| △ | **6** | リピ | 牝3 | 松若 | 53.0 | 34 | 9 | **41.0** | 軽斤量(53.0kg・基準56kg) ／ 上位厩舎(西園翔複勝26%) ／ 距離短縮(芝1400→1200) ／ [Cal]距離短縮(1400→1200) |

---
_馬券は自己責任で。本表は分析の共有であり購入を推奨するものではありません。_

# HTML: /Users/kubota/Desktop/bias/docs/predict_20260627.html
[2026-06-27 08:13:16]   OK
