[2026-06-13 17:15:14] === PREDICT 20260614 (early) ===
[2026-06-13 17:15:14] RUN: python3 scripts/fetch_shutuba.py 20260614
/Users/kubota/Library/Python/3.9/lib/python/site-packages/urllib3/__init__.py:35: NotOpenSSLWarning: urllib3 v2 only supports OpenSSL 1.1.1+, currently the 'ssl' module is compiled with 'LibreSSL 2.8.3'. See: https://github.com/urllib3/urllib3/issues/3020
  warnings.warn(
[20260614] 36 races found
  函館 1R 芝1200m  16頭  3歳未勝利
  函館 2R ダ1700m  11頭  3歳未勝利
  函館 3R ダ1000m  12頭  3歳未勝利
  函館 4R 芝1800m  16頭  3歳未勝利
  函館 5R 芝1000m  8頭  2歳新馬
  函館 6R 芝2000m  16頭  3歳未勝利
  函館 7R ダ1000m  12頭  3歳以上1勝クラス
  函館 8R 芝1200m  13頭  3歳以上1勝クラス
  函館 9R 芝1800m  10頭  八雲特別
  函館10R ダ1700m  12頭  津軽海峡特別
  函館11R 芝1200m  16頭  函館日刊スポーツ杯
  函館12R ダ1700m  10頭  3歳以上1勝クラス
  東京 1R ダ1300m  15頭  3歳未勝利
  東京 2R ダ2100m  16頭  3歳未勝利
  東京 3R 芝1400m  18頭  3歳未勝利
  東京 4R ダ1400m  14頭  2歳新馬
  東京 5R 芝1600m  8頭  2歳新馬
  東京 6R ダ2100m  16頭  3歳以上1勝クラス
  東京 7R 芝2000m  8頭  3歳以上1勝クラス
  東京 8R ダ1600m  16頭  3歳以上1勝クラス
  東京 9R 芝1600m  11頭  芦ノ湖特別
  東京10R 芝2400m  14頭  江の島S
  東京11R 芝1400m  14頭  パラダイスS
  東京12R ダ1600m  12頭  3歳以上2勝クラス
  阪神 1R ダ1800m  16頭  3歳未勝利
  阪神 2R ダ1400m  16頭  3歳未勝利
  阪神 3R ダ1800m  16頭  3歳未勝利
  阪神 4R 芝2200m  17頭  3歳未勝利
  阪神 5R 芝1800m  8頭  2歳新馬
  阪神 6R ダ1200m  16頭  3歳以上1勝クラス
  阪神 7R 芝2000m  11頭  3歳以上1勝クラス
  阪神 8R ダ1800m  9頭  逆瀬川特別
  阪神 9R 芝1200m  14頭  武庫川特別
  阪神10R 芝1600m  14頭  花のみちS
  阪神11R 芝2200m  18頭  宝塚記念
  阪神12R ダ1200m  16頭  リボン賞
saved: /Users/kubota/Desktop/bias/app/data/shutuba_20260614.json
[2026-06-13 17:15:43]   OK
[2026-06-13 17:15:43] RUN: python3 scripts/fetch_horse.py 20260614
/Users/kubota/Library/Python/3.9/lib/python/site-packages/urllib3/__init__.py:35: NotOpenSSLWarning: urllib3 v2 only supports OpenSSL 1.1.1+, currently the 'ssl' module is compiled with 'LibreSSL 2.8.3'. See: https://github.com/urllib3/urllib3/issues/3020
  warnings.warn(
取得対象: 485頭
  10/485: 父=ミッキーアイル 母父=Dawn Approach(愛) 前走=4件
  20/485: 父=リアルスティール 母父=ノヴェリストNovellist(愛) 前走=5件
  30/485: 父=シャンハイボビーShanghai Bobby(米) 母父=サウスヴィグラス 前走=2件
  40/485: 父=シルバーステート 母父=キングカメハメハ 前走=5件
  50/485: 父=ロジャーバローズ 母父=マリエンバードMarienbard(愛) 前走=5件
  60/485: 父=タワーオブロンドン 母父=フェノーメノ 前走=0件
  70/485: 父=サトノダイヤモンド 母父=ファスリエフFasliyev(米) 前走=4件
  80/485: 父=クリソベリル 母父=ヨハネスブルグJohannesburg(米) 前走=5件
  90/485: 父=Constitution(米) 母父=Tizway(米) 前走=5件
  100/485: 父=ビーチパトロールBeach Patrol(米) 母父=アグネスデジタル 前走=5件
  110/485: 父=ジョーカプチーノ 母父=マツリダゴッホ 前走=5件
  120/485: 父=ディーマジェスティ 母父=Devil's Bag 前走=5件
  130/485: 父=Iffraaj 母父=Frankel 前走=5件
  140/485: 父=Kingman(英) 母父=Dark Angel 前走=5件
  150/485: 父=ルヴァンスレーヴ 母父=キングカメハメハ 前走=3件
  160/485: 父=バゴBago(仏) 母父=スマートファルコン 前走=4件
  170/485: 父=スワーヴリチャード 母父=シニスターミニスターSinister Minister(米) 前走=2件
  180/485: 父=モズアスコット 母父=Dalakhani 前走=5件
  190/485: 父=ドリームバレンチノ 母父=フサイチセブン 前走=3件
  200/485: 父=モズアスコット 母父=スズカマンボ 前走=2件
  210/485: 父=ルヴァンスレーヴ 母父=ワイルドラッシュWild Rush(米) 前走=0件
  220/485: 父=アメリカンペイトリオット 母父=マンハッタンカフェ 前走=0件
  230/485: 父=マジェスティックウォリアーMajestic Warrior(米) 母父=ダイワメジャー 前走=5件
  240/485: 父=ゴールドシップ 母父=アイルハヴアナザーI'll Have Another(米) 前走=5件
  250/485: 父=シャンハイボビーShanghai Bobby(米) 母父=ステイゴールド 前走=5件
  260/485: 父=カレンブラックヒル 母父=アグネスデジタル 前走=5件
  270/485: 父=ブリックスアンドモルタルBricks and Mortar(米) 母父=Le Havre 前走=5件
  280/485: 父=メイショウサムソン 母父=マンハッタンカフェ 前走=5件
  290/485: 父=マジェスティックウォリアーMajestic Warrior(米) 母父=ディープインパクト 前走=5件
  300/485: 父=レッドファルクス 母父=Grand Slam 前走=5件
  310/485: 父=マジェスティックウォリアーMajestic Warrior(米) 母父=フジキセキ 前走=5件
  320/485: 父=シュヴァルグラン 母父=ディープブリランテ 前走=3件
  330/485: 父=シニスターミニスターSinister Minister(米) 母父=ワイルドラッシュWild Rush(米) 前走=2件
  340/485: 父=ダノンスマッシュ 母父=タニノギムレット 前走=5件
  350/485: 父=ゴールドドリーム 母父=エイシンフラッシュ 前走=5件
  360/485: 父=キタサンブラック 母父=Scat Daddy(米) 前走=3件
  370/485: 父=エピファネイア 母父=Galileo(愛) 前走=1件
  380/485: 父=ジャスタウェイ 母父=ディープインパクト 前走=0件
  390/485: 父=キンシャサノキセキ 母父=トワイニングTwining(米) 前走=5件
  400/485: 父=モーリス 母父=ゴールドアリュール 前走=5件
  410/485: 父=ダノンキングリー 母父=キングカメハメハ 前走=3件
  420/485: 父=モズアスコット 母父=ブラックタイド 前走=5件
  430/485: 父=ロードカナロア 母父=ステイゴールド 前走=5件
  440/485: 父=ブリックスアンドモルタルBricks and Mortar(米) 母父=ヴィクトワールピサ 前走=5件
  450/485: 父=ダイワメジャー 母父=ウォーエンブレムWar Emblem(米) 前走=5件
  460/485: 父=アルアイン 母父=Southern Image(米) 前走=5件
  470/485: 父=リアルスティール 母父=クロフネ 前走=5件
  480/485: 父=Too Darn Hot(英) 母父=Invincible Spirit(愛) 前走=5件
  485/485: 父=ドゥラメンテ 母父=Bernardini(米) 前走=5件
saved: /Users/kubota/Desktop/bias/app/data/horses_20260614.json
[2026-06-13 17:29:20]   OK
[2026-06-13 17:29:20] RUN: python3 scripts/build_lineage_fallback.py
fallback補完: 496種牡馬
[2026-06-13 17:29:55]   OK
[2026-06-13 17:29:55] RUN: python3 scripts/fetch_odds.py 20260614
/Users/kubota/Library/Python/3.9/lib/python/site-packages/urllib3/__init__.py:35: NotOpenSSLWarning: urllib3 v2 only supports OpenSSL 1.1.1+, currently the 'ssl' module is compiled with 'LibreSSL 2.8.3'. See: https://github.com/urllib3/urllib3/issues/3020
  warnings.warn(
  ! 202602010201: 'str' object has no attribute 'get'
  ! 202602010202: 'str' object has no attribute 'get'
  ! 202602010203: 'str' object has no attribute 'get'
  ! 202602010204: 'str' object has no attribute 'get'
  ! 202602010205: 'str' object has no attribute 'get'
  ! 202602010206: 'str' object has no attribute 'get'
  ! 202602010207: 'str' object has no attribute 'get'
  ! 202602010208: 'str' object has no attribute 'get'
  ! 202602010209: 'str' object has no attribute 'get'
  ! 202602010210: 'str' object has no attribute 'get'
  ! 202602010211: 'str' object has no attribute 'get'
  ! 202602010212: 'str' object has no attribute 'get'
  ! 202605030401: 'str' object has no attribute 'get'
  ! 202605030402: 'str' object has no attribute 'get'
  ! 202605030403: 'str' object has no attribute 'get'
  ! 202605030404: 'str' object has no attribute 'get'
  ! 202605030405: 'str' object has no attribute 'get'
  ! 202605030406: 'str' object has no attribute 'get'
  ! 202605030407: 'str' object has no attribute 'get'
  ! 202605030408: 'str' object has no attribute 'get'
  ! 202605030409: 'str' object has no attribute 'get'
  ! 202605030410: 'str' object has no attribute 'get'
  ! 202605030411: 'str' object has no attribute 'get'
  ! 202605030412: 'str' object has no attribute 'get'
  ! 202609030401: 'str' object has no attribute 'get'
  ! 202609030402: 'str' object has no attribute 'get'
  ! 202609030403: 'str' object has no attribute 'get'
  ! 202609030404: 'str' object has no attribute 'get'
  ! 202609030405: 'str' object has no attribute 'get'
  ! 202609030406: 'str' object has no attribute 'get'
  ! 202609030407: 'str' object has no attribute 'get'
  ! 202609030408: 'str' object has no attribute 'get'
  ! 202609030409: 'str' object has no attribute 'get'
  ! 202609030410: 'str' object has no attribute 'get'
  ! 202609030411: 'str' object has no attribute 'get'
  ! 202609030412: 'str' object has no attribute 'get'
saved: odds_20260614.json
[2026-06-13 17:30:28]   OK
[2026-06-13 17:30:28] RUN: python3 scripts/build_web.py 20260614 --top 4
# 🐎 2026/6/14(日) トラックバイアス推奨

**開催**: 函館・東京・阪神　**馬場**: 馬場良

> **印**: ◎本命 ○対抗 ▲単穴 △連下　／　**能力**=過去実績スコア(0-100)　**bias**=バイアス適合点　**評価**=能力×バイアス補正（この順で本命決定）　／　💎=能力中位だがバイアスで浮上した穴候補

## 🎯 注目レース

| レース | 確信度 | ◎本命(馬番 馬名) | 能力 | 評価 |
|--|--|--|--:|--:|
| 函館10R 津軽海峡特別 | ★★★ 軸向き | 4 ディアウス | 62 | 80.5 |
| 東京10R 江の島S | ★ 混戦 | 1 ベトルス | 72 | 97.3 |
| 東京11R パラダイスS | ★★★ 軸向き | 8 カンシン | 73 | 92.9 |
| 阪神10R 花のみちS | ★★ 有力 | 3 テラメリタ | 66 | 81.9 |
| 阪神12R リボン賞 | ★★★ 軸向き | 15 ルクスデイジー | 74 | 101.3 |

## 📋 全レース

### 函館1R 芝1200m 3歳未勝利（16頭）・馬場良
**★ 混戦**　狙い: 函館芝1200m

| 印 | 馬番 | 馬名 | 性齢 | 騎手 | 斤量 | 能力 | bias | 評価 | 根拠 |
|:--:|:--:|--|:--:|--|:--:|--:|--:|--:|--|
| ◎ | **3** | サンエンジェルス | 牝3 | 浜中 | 55.0 | 40 | 5 | **44.4** | トップ騎手(浜中複勝30%) ／ [Cal]距離短縮(1400→1200) ／ [Cal]継続騎乗 |
| ○ | **7** | コシタンタン | 牝3 | ▲小林美 | 52.0 | 39 | 2 | **41.0** | [Cal]減量騎手(▲) ／ [Cal]継続騎乗 |
| ▲ | **5** | ミルトメロディー | 牝3 | ★河原田 | 51.0 | 37 | 4 | **40.5** | 軽斤量(51.0kg・基準56kg) ／ 低勝率騎手(河原田複勝9%) ／ 上がり最速級(32.7s) ／ [Cal]距離延長(1000→1200) |
| △ | **15** | マメーアップル | 牝3 | 横山琉 | 55.0 | 39 | 0 | **39.0** |  |

### 函館2R ダ1700m 3歳未勝利（11頭）・馬場良
**★ 混戦**　狙い: 函館ダ1700m

| 印 | 馬番 | 馬名 | 性齢 | 騎手 | 斤量 | 能力 | bias | 評価 | 根拠 |
|:--:|:--:|--|:--:|--|:--:|--:|--:|--:|--|
| ◎ | **10** | ストロングボーイ | 牡3 | 荻野琢 | 57.0 | 50 | 9 | **61.6** | 上位厩舎(野中複勝26%) ／ 複勝安定(60%) ／ [Cal]ダート ／ [Cal]距離短縮(1800→1700) |
| ○ | **5** | サトノフレイ | 牡3 | ▲小林美 | 54.0 | 49 | 10 | **61.4** | トップ厩舎(友道複勝36%) ／ 上がり最速級(34.2s) ／ 馬場適性(良ダートは前残り→先行) ／ [Cal]ダート |
| ▲ | **11** | セスティーナ | セ3 | 佐々木 | 57.0 | 42 | 15 | **58.0** | 上位騎手(佐々木複勝24%) ／ トップ厩舎(須貝複勝32%) ／ 複勝安定(67%) ／ 馬場適性(良ダートは前残り→先行) |
| △ | **8** | ペガサスウィンド | 牝3 | 鮫島駿 | 55.0 | 47 | 9 | **57.7** | 上位騎手(鮫島駿複勝24%) ／ 上位厩舎(宮地複勝22%) ／ 馬場適性(良ダートは前残り→先行) ／ [Cal]ダート |

### 函館3R ダ1000m 3歳未勝利（12頭）・馬場良
**★★★ 軸向き**　狙い: 函館ダ1000m

| 印 | 馬番 | 馬名 | 性齢 | 騎手 | 斤量 | 能力 | bias | 評価 | 根拠 |
|:--:|:--:|--|:--:|--|:--:|--:|--:|--:|--|
| ◎ | **9** | エコロセレナ | 牝3 | 斎藤 | 55.0 | 53 | 14 | **71.0** | 上位厩舎(斎藤誠複勝25%) ／ 複勝安定(60%) ／ 馬場適性(良ダートは前残り→先行) ／ [Cal]ダート |
| ○ | **7** | ルクソンライト | 牡3 | ▲小林美 | 54.0 | 50 | 9 | **61.6** | 上位厩舎(伊藤圭複勝22%) ／ 馬場適性(良ダートは前残り→逃げ) ／ [Cal]ダート ／ [Cal]距離短縮(1300→1000) |
| ▲ | **1** | ビタミンドロップ | 牡3 | △舟山 | 55.0 | 36 | 10 | **45.2** | 上位騎手(舟山複勝24%) ／ 馬場適性(良ダートは前残り→先行) ／ [Cal]ダート ／ [Cal]距離短縮(1200→1000) |
| △ | **8** | セラサイト | 牝3 | ★河原田 | 51.0 | 39 | 3 | **42.0** | 軽斤量(51.0kg・基準56kg) ／ 低勝率騎手(河原田複勝9%) ／ [Cal]ダート ／ [Cal]距離短縮(1400→1000) |

### 函館4R 芝1800m 3歳未勝利（16頭）・馬場良
**★★★ 軸向き**　狙い: 函館芝1800m

| 印 | 馬番 | 馬名 | 性齢 | 騎手 | 斤量 | 能力 | bias | 評価 | 根拠 |
|:--:|:--:|--|:--:|--|:--:|--:|--:|--:|--|
| ◎ | **1** | アイムイン | 牡3 | 鮫島駿 | 57.0 | 56 | 9 | **68.4** | 上位騎手(鮫島駿複勝24%) ／ トップ厩舎(加藤征複勝30%) ／ 複勝安定(80%) ／ [Cal]距離延長(1600→1800) |
| ○ | **12** | トリニタリオ | 牡3 | 斎藤 | 57.0 | 50 | 3 | **53.5** | 上がり最速級(33.9s) ／ [Cal]継続騎乗 |
| ▲ | **8** | アート | 牡3 | △舟山 | 55.0 | 41 | 5 | **45.8** | 上位騎手(舟山複勝24%) ／ トップ厩舎(杉山晴複勝31%) ／ 上がり最速級(33.9s) ／ [Cal]減量騎手(△) |
| △ | **10** | ショウナンアワード | 牡3 | 池添 | 57.0 | 42 | 3 | **44.7** | 上位騎手(池添複勝27%) ／ [Cal]距離短縮(2000→1800) |

### 函館5R 芝1000m 2歳新馬（8頭）・馬場良
**★ 混戦**　狙い: 函館芝1000m

| 印 | 馬番 | 馬名 | 性齢 | 騎手 | 斤量 | 能力 | bias | 評価 | 根拠 |
|:--:|:--:|--|:--:|--|:--:|--:|--:|--:|--|
| ◎ | **1** | ガーシュウィン | 牡2 | △舟山 | 53.0 | — | 4 | **30.8** | 上位騎手(舟山複勝24%) ／ [Cal]減量騎手(△) ／ [Cal]少頭数 ／ [Cal]1枠 |
| ○ | **8** | パンジャケリー | 牡2 | 佐々木 | 55.0 | — | 3 | **30.1** | 上位騎手(佐々木複勝24%) ／ [Cal]少頭数 ／ [Cal]大外枠 |
| ▲ | **2** | アイシテルヨナオミ | 牝2 | ◇今村 | 53.0 | — | 2 | **29.4** | [Cal]減量騎手(◇) ／ [Cal]少頭数 |
| △ | **3** | セタキト | 牡2 | △鷲頭 | 53.0 | — | 2 | **29.4** | [Cal]減量騎手(△) ／ [Cal]少頭数 |

### 函館6R 芝2000m 3歳未勝利（16頭）・馬場良
**★★ 有力**　狙い: 函館芝2000m

| 印 | 馬番 | 馬名 | 性齢 | 騎手 | 斤量 | 能力 | bias | 評価 | 根拠 |
|:--:|:--:|--|:--:|--|:--:|--:|--:|--:|--|
| ◎ | **2** | マテンロウオリジン | 牡3 | 池添 | 57.0 | 60 | 10 | **74.8** | 上位騎手(池添複勝27%) ／ 複勝安定(100%) ／ [Cal]距離短縮(2400→2000) ／ [Cal]6R(好成績帯) |
| ○ | **8** | フローレンスフーガ | 牡3 | 横山和 | 57.0 | 58 | 7 | **67.9** | 上位厩舎(四位複勝29%) ／ 複勝安定(100%) ／ [Cal]6R(好成績帯) |
| ▲ | **14** | ブライトエアリー | 牝3 | ◇今村 | 53.0 | 50 | 9 | **60.9** | 軽斤量(53.0kg・基準56kg) ／ 上がり最速級(34.1s) ／ 複勝安定(60%) ／ [Cal]減量騎手(◇) |
| △ | **15** | ミナヅキ | 牡3 | ▲小林美 | 54.0 | 47 | 2 | **49.5** | [Cal]減量騎手(▲) ／ [Cal]6R(好成績帯) |

### 函館7R ダ1000m 3歳以上1勝クラス（12頭）・馬場良
**★★★ 軸向き**　狙い: 函館ダ1000m

| 印 | 馬番 | 馬名 | 性齢 | 騎手 | 斤量 | 能力 | bias | 評価 | 根拠 |
|:--:|:--:|--|:--:|--|:--:|--:|--:|--:|--|
| ◎ | **3** | キャリーグレイス | 牝4 | ◇今村 | 54.0 | 58 | 15 | **80.2** | 上位厩舎(寺島複勝25%) ／ 複勝安定(60%) ／ 馬場適性(良ダートは前残り→先行) ／ [Cal]ダート |
| ○ | **1** | フレンズプラス | 牝3 | 荻野琢 | 53.0 | 49 | 15 | **67.7** | 上位厩舎(宮本複勝25%) ／ 複勝安定(60%) ／ 馬場適性(良ダートは前残り→先行) ／ [Cal]ダート |
| ▲ | **9** | テーオーナタリー | 牝3 | 鮫島駿 | 53.0 | 48 | 4 | **52.3** | 上位騎手(鮫島駿複勝24%) ／ [Cal]ダート ／ [Cal]距離短縮(1400→1000) |
| △ | **11** | アルヘンティニータ | 牝5 | ▲小林美 | 53.0 | 42 | 5 | **47.0** | 上位厩舎(戸田複勝23%) ／ [Cal]ダート ／ [Cal]距離短縮(1200→1000) ／ [Cal]減量騎手(▲) |

### 函館8R 芝1200m 3歳以上1勝クラス（13頭）・馬場良
**★★★ 軸向き**　狙い: 函館芝1200m

| 印 | 馬番 | 馬名 | 性齢 | 騎手 | 斤量 | 能力 | bias | 評価 | 根拠 |
|:--:|:--:|--|:--:|--|:--:|--:|--:|--:|--|
| ◎ | **13** | プリンセスモコ | 牝3 | 佐々木 | 53.0 | 47 | 11 | **60.3** | 上位騎手(佐々木複勝24%) ／ トップ厩舎(藤原複勝36%) ／ 複勝安定(75%) ／ 上位クラス通用(5着以内) |
| ○ | **3** | マジェステラ | 牝3 | 鮫島駿 | 53.0 | 38 | 4 | **42.0** | 上位騎手(鮫島駿複勝24%) ／ 上位厩舎(千葉複勝22%) ／ [Cal]距離短縮(1400→1200) |
| ▲ | **11** | フロウアンドライム | 牡4 | 横山和 | 58.0 | 39 | 0 | **39.4** |  |
| △ | **4** | スプリングデイ | 牝5 | 黛 | 56.0 | 31 | 0 | **31.2** |  |

### 函館9R 芝1800m 八雲特別（10頭）・馬場良
**★★★ 軸向き**　狙い: 函館芝1800m

| 印 | 馬番 | 馬名 | 性齢 | 騎手 | 斤量 | 能力 | bias | 評価 | 根拠 |
|:--:|:--:|--|:--:|--|:--:|--:|--:|--:|--|
| ◎ | **5** | モンローウォーク | 牝3 | 横山和 | 53.0 | 66 | 10 | **82.5** | 軽斤量(53.0kg・基準56kg) ／ トップ厩舎(上村複勝34%) ／ 複勝安定(100%) ／ [Cal]距離延長(1600→1800) |
| ○ | **10** | ドッグウッド | 牡3 | 斎藤 | 55.0 | 56 | 11 | **71.9** | 上位厩舎(斎藤誠複勝25%) ／ 複勝安定(75%) ／ [Cal]距離短縮(2200→1800) ／ [Cal]少頭数 |
| ▲ | **4** | コスモナエマ | 牝3 | 長浜 | 53.0 | 49 | 6 | **55.9** | 軽斤量(53.0kg・基準56kg) ／ 上位厩舎(手塚久複勝28%) ／ [Cal]距離短縮(2000→1800) ／ [Cal]少頭数 |
| △ | **6** | ナムラヒナギク | 牝3 | 小沢 | 53.0 | 39 | 3 | **42.2** | 軽斤量(53.0kg・基準56kg) ／ [Cal]距離延長(1600→1800) ／ [Cal]少頭数 ／ [Cal]9R(好成績帯) |

### ⭐ 函館10R ダ1700m 津軽海峡特別（12頭）・馬場良
**★★★ 軸向き**　狙い: 函館ダ1700m

| 印 | 馬番 | 馬名 | 性齢 | 騎手 | 斤量 | 能力 | bias | 評価 | 根拠 |
|:--:|:--:|--|:--:|--|:--:|--:|--:|--:|--|
| ◎ | **4** | ディアウス | 牡4 | 吉田隼 | 57.0 | 62 | 12 | **80.5** | 上位騎手(吉田隼複勝24%) ／ トップ厩舎(吉岡複勝31%) ／ 複勝安定(80%) ／ 上位クラス通用(5着以内) |
| ○ | **10** | ラマンシュ | 牡4 | 斎藤 | 56.0 | 54 | 8 | **65.4** | 複勝安定(60%) ／ 上位クラス通用(5着以内) ／ [Cal]ダート ／ [Cal]継続騎乗 |
| ▲ | **3** | チギリ | 牝4 | 長浜 | 52.0 | 55 | 3 | **59.4** | 軽斤量(52.0kg・基準56kg) ／ 上位厩舎(鹿戸複勝28%) ／ [Cal]ダート ／ [Cal]距離延長(1600→1700) |
| △ | **5** | エアニゲラ | 牝4 | 舟山 | 53.0 | 48 | 9 | **58.8** | 上位騎手(舟山複勝24%) ／ 上位厩舎(池添複勝29%) ／ 馬場適性(良ダートは前残り→逃げ) ／ [Cal]ダート |

### 函館11R 芝1200m 函館日刊スポーツ杯（16頭）・馬場良
**★★★ 軸向き**　狙い: 函館芝1200m

| 印 | 馬番 | 馬名 | 性齢 | 騎手 | 斤量 | 能力 | bias | 評価 | 根拠 |
|:--:|:--:|--|:--:|--|:--:|--:|--:|--:|--|
| ◎ | **1** | ハリウッドメモリー | 牝4 | 横山和 | 56.0 | 56 | 7 | **65.6** | 上位厩舎(長谷川複勝24%) ／ 複勝安定(60%) ／ 上位クラス通用(5着以内) ／ [Cal]11R(穴薄) |
| ○ | **12** | フェアリーライズ | 牝3 | 黛 | 53.0 | 44 | 6 | **50.8** | 軽斤量(53.0kg・基準56kg) ／ 複勝安定(80%) ／ [Cal]距離短縮(1600→1200) ／ [Cal]11R(穴薄) |
| ▲ | **14** | フードマン | 牡4 | 鮫島駿 | 58.0 | 46 | 4 | **50.3** | 上位騎手(鮫島駿複勝24%) ／ 上位厩舎(小栗複勝24%) ／ 上位クラス通用(5着以内) ／ [Cal]距離短縮(1400→1200) |
| △ | **7** | リリーフィールド | 牝4 | 佐々木 | 56.0 | 44 | 4 | **48.3** | 上位騎手(佐々木複勝24%) ／ 上がり最速級(32.7s) ／ 上位クラス通用(5着以内) ／ [Cal]距離延長(1000→1200) |

### 函館12R ダ1700m 3歳以上1勝クラス（10頭）・馬場良
**★★★ 軸向き**　狙い: 函館ダ1700m

| 印 | 馬番 | 馬名 | 性齢 | 騎手 | 斤量 | 能力 | bias | 評価 | 根拠 |
|:--:|:--:|--|:--:|--|:--:|--:|--:|--:|--|
| ◎ | **5** | ガーネットフレア | 牝3 | 鮫島駿 | 53.0 | 55 | 14 | **74.5** | 上位騎手(鮫島駿複勝24%) ／ 複勝安定(80%) ／ 馬場適性(良ダートは前残り→先行) ／ [Cal]ダート |
| ○ | **6** | アチーヴァー | 牡3 | 佐々木 | 55.0 | 51 | 9 | **62.1** | 上位騎手(佐々木複勝24%) ／ 上位厩舎(石坂複勝26%) ／ [Cal]ダート ／ [Cal]距離短縮(1800→1700) |
| ▲ | **2** | アオハルブルース | 牡3 | 岩田康 | 55.0 | 44 | 13 | **58.2** | トップ騎手(岩田康複勝33%) ／ 上位厩舎(栗田複勝24%) ／ 馬場適性(良ダートは前残り→先行) ／ [Cal]ダート |
| △ | **8** | ストラーダ | 牝3 | 横山和 | 53.0 | 44 | 11 | **56.1** | 上位厩舎(安田複勝29%) ／ 馬場適性(良ダートは前残り→先行) ／ [Cal]ダート ／ [Cal]距離短縮(1800→1700) |

### 東京1R ダ1300m 3歳未勝利（15頭）・馬場良
**★★★ 軸向き**　狙い: ダートにしては外枠有利のバイアスが出にくい

| 印 | 馬番 | 馬名 | 性齢 | 騎手 | 斤量 | 能力 | bias | 評価 | 根拠 |
|:--:|:--:|--|:--:|--|:--:|--:|--:|--:|--|
| ◎ | **15** | ツクバヴァンガード | 牡3 | ▲佐藤 | 54.0 | 58 | 11 | **74.5** | 低勝率騎手(佐藤複勝6%) ／ 複勝安定(80%) ／ 馬場適性(良ダートは前残り→先行) ／ [Cal]ダート |
| ○ | **11** | スティールヴォーグ | 牡3 | 三浦 | 57.0 | 42 | 17 | **60.6** | 上位騎手(三浦複勝28%) ／ 上位厩舎(田村複勝24%) ／ 前走先行(通過3-4) ／ 複勝安定(80%) |
| ▲ | **5** | ヴィスクレス | 牡3 | 原 | 57.0 | 47 | 1 | **48.4** | [Cal]ダート |
| △ | **3** | スピニンググローブ | 牡3 | 木幡巧 | 57.0 | 37 | 4 | **40.7** | [Cal]ダート ／ [Cal]距離短縮(1400→1300) ／ [Cal]継続騎乗 |

### 東京2R ダ2100m 3歳未勝利（16頭）・馬場良
**★★★ 軸向き**　狙い: 良馬場時は内枠不利の傾向が強く出る

| 印 | 馬番 | 馬名 | 性齢 | 騎手 | 斤量 | 能力 | bias | 評価 | 根拠 |
|:--:|:--:|--|:--:|--|:--:|--:|--:|--:|--|
| ◎ | **8** | モデレートゲイル | 牡3 | 吉田豊 | 57.0 | 50 | 7 | **58.2** | 上位騎手(吉田豊複勝22%) ／ 上位厩舎(戸田複勝23%) ／ 前走後方差し(通過7-7-7-6) ／ [Cal]ダート |
| ○ | **15** | アドマイヤウルトラ | 牡3 | ディー | 57.0 | 38 | 9 | **46.3** | 外枠(15)有利 ／ トップ厩舎(宮田複勝32%) ／ 父リオンディーズ=注目血統(キングカメハメハ系) ／ [Cal]ダート |
| ▲ | **12** | サクセスゴールド | 牡3 | 原 | 57.0 | 41 | 5 | **45.8** | 外枠(12)有利 ／ 上位厩舎(久保田複勝28%) ／ [Cal]ダート |
| △ | **6** | ザンテソーロ | 牡3 | 菊沢 | 57.0 | 35 | 11 | **44.4** | 父オルフェーヴル=注目血統(オルフェーヴル) ／ 母父ルーラーシップ=注目血統(キングカメハメハ系) ／ 前走後方差し(通過6-5-5-5) ／ [Cal]ダート |

### 東京3R 芝1400m 3歳未勝利（18頭）・馬場良
**★ 混戦**　狙い: 他場1400mよりも末脚勝負になりやすい

| 印 | 馬番 | 馬名 | 性齢 | 騎手 | 斤量 | 能力 | bias | 評価 | 根拠 |
|:--:|:--:|--|:--:|--|:--:|--:|--:|--:|--|
| ◎ | **3** | レヴェランジェ | 牝3 | 津村 | 55.0 | 55 | 10 | **68.5** | 同距離同面ローテ(芝1400→同) ／ 上がり最速級(33.7s) ／ 複勝安定(80%) |
| ○ | **9** | ヤマニンアレシス | 牡3 | 大野 | 57.0 | 57 | 8 | **68.5** | 同距離同面ローテ(芝1400→同) ／ 複勝安定(80%) |
| ▲ | **12** | フクオトコ | 牡3 | 菊沢 | 57.0 | 48 | 9 | **58.7** | 上位厩舎(菊沢複勝23%) ／ 父フィエールマン=注目血統(ディープインパクト系) ／ 距離短縮(芝1600→1400) ／ [Cal]距離短縮(1600→1400) |
| △ | **1** | エヴィーヴァ | 牝3 | 三浦 | 55.0 | 48 | 8 | **57.5** | 上位騎手(三浦複勝28%) ／ 上位厩舎(鹿戸複勝28%) ／ 距離短縮(芝1600→1400) ／ [Cal]距離短縮(1600→1400) |

### 東京4R ダ1400m 2歳新馬（14頭）・馬場良
**★ 混戦**　狙い: 差し有利が目立ち、馬場が湿ると特に届きやすい

| 印 | 馬番 | 馬名 | 性齢 | 騎手 | 斤量 | 能力 | bias | 評価 | 根拠 |
|:--:|:--:|--|:--:|--|:--:|--:|--:|--:|--|
| ◎💎 | **11** | ポッドエステラ | 牡2 | 杉原 | 55.0 | — | 6 | **32.2** | 外枠(11)有利 ／ 上位厩舎(伊藤圭複勝22%) ／ [Cal]ダート |
| ○ | **13** | マイネルクロカータ | 牡2 | ▲石神道 | 52.0 | — | 5 | **31.5** | 軽斤量(52.0kg・基準58kg) ／ 外枠(13)有利 ／ [Cal]ダート ／ [Cal]減量騎手(▲) |
| ▲ | **14** | スターフラッシュ | 牡2 | 津村 | 55.0 | — | 5 | **31.5** | 外枠(14)有利 ／ [Cal]ダート ／ [Cal]大外枠 |
| △ | **4** | ディルイーヤ | 牡2 | 三浦 | 55.0 | — | 4 | **30.8** | 上位騎手(三浦複勝28%) ／ 上位厩舎(高木複勝24%) ／ [Cal]ダート |

### 東京5R 芝1600m 2歳新馬（8頭）・馬場良
**★ 混戦**　狙い: ペースが緩みにくく、バテない体力と末脚性能が必要

| 印 | 馬番 | 馬名 | 性齢 | 騎手 | 斤量 | 能力 | bias | 評価 | 根拠 |
|:--:|:--:|--|:--:|--|:--:|--:|--:|--:|--|
| ◎💎 | **8** | ルクスマグナ | 牡2 | 荻野極 | 55.0 | — | 12 | **36.4** | 外枠(8)有利 ／ 上位厩舎(高柳瑞複勝23%) ／ 父モーリス=注目血統(モーリス) ／ 母父ルーラーシップ=注目血統(キングカメハメハ系(ロードカナロア)) |
| ○💎 | **6** | ソウカイウォーリア | 牡2 | ゴンサルベ | 55.0 | — | 9 | **34.3** | 外枠(6)有利 ／ 父グローリーヴェイズ=注目血統(サンデーサイレンス系(ディープ含む)) ／ 母父キングカメハメハ=注目血統(キングカメハメハ系(ロードカナロア)) ／ [Cal]少頭数 |
| ▲💎 | **7** | ソナタテソーロ | 牝2 | 野中 | 55.0 | — | 9 | **34.3** | 外枠(7)有利 ／ 上位厩舎(牧複勝22%) ／ 父キセキ=注目血統(キングカメハメハ系(ロードカナロア)) ／ [Cal]少頭数 |
| △ | **5** | タイセイアドーレ | 牡2 | 菊沢 | 55.0 | — | 5 | **31.5** | 上位厩舎(伊藤圭複勝22%) ／ 母父マンハッタンカフェ=注目血統(サンデーサイレンス系(ディープ含む)) ／ [Cal]少頭数 |

### 東京6R ダ2100m 3歳以上1勝クラス（16頭）・馬場良
**★ 混戦**　狙い: 良馬場時は内枠不利の傾向が強く出る

| 印 | 馬番 | 馬名 | 性齢 | 騎手 | 斤量 | 能力 | bias | 評価 | 根拠 |
|:--:|:--:|--|:--:|--|:--:|--:|--:|--:|--|
| ◎ | **16** | タイキフィアリーベ | 牡4 | 木幡巧 | 58.0 | 54 | 20 | **80.8** | 外枠(16)有利 ／ 父ラブリーデイ=注目血統(キングカメハメハ系) ／ 前走後方差し(通過13-13-11-9) ／ 複勝安定(60%) |
| ○ | **11** | ローズマイスター | 牡4 | 荻野極 | 58.0 | 58 | 14 | **77.9** | 外枠(11)有利 ／ 前走後方差し(通過11-10-4-3) ／ 複勝安定(80%) ／ [Cal]ダート |
| ▲ | **10** | ジェイエルモーダル | 牡3 | 丸山 | 55.0 | 57 | 12 | **73.6** | 前走後方差し(通過13-13-8-7) ／ 複勝安定(60%) ／ [Cal]ダート ／ [Cal]距離延長(1800→2100) |
| △ | **13** | マッドゲイル | 牡3 | 石橋脩 | 55.0 | 56 | 12 | **73.5** | 外枠(13)有利 ／ トップ厩舎(上原佑複勝32%) ／ 複勝安定(80%) ／ [Cal]ダート |

### 東京7R 芝2000m 3歳以上1勝クラス（8頭）・馬場良
**★ 混戦**　狙い: 内枠有利、外枠不利と言われるが…

| 印 | 馬番 | 馬名 | 性齢 | 騎手 | 斤量 | 能力 | bias | 評価 | 根拠 |
|:--:|:--:|--|:--:|--|:--:|--:|--:|--:|--|
| ◎ | **3** | シーギリヤロック | 牡3 | ディー | 55.0 | 57 | 11 | **73.1** | 軽斤量(55.0kg・基準58kg) ／ トップ厩舎(田中博複勝35%) ／ 同距離同面ローテ(芝2000→同) ／ 複勝安定(67%) |
| ○ | **8** | ジャスティンシカゴ | 牡3 | 原 | 55.0 | 56 | 12 | **72.4** | 軽斤量(55.0kg・基準58kg) ／ トップ厩舎(宮田複勝32%) ／ 同距離同面ローテ(芝2000→同) ／ 複勝安定(60%) |
| ▲ | **7** | シンドリームシン | 牡5 | 津村 | 58.0 | 54 | 10 | **68.0** | トップ厩舎(武幸複勝30%) ／ 同距離同面ローテ(芝2000→同) ／ 複勝安定(60%) ／ [Cal]少頭数 |
| △ | **1** | ウインドラート | 牡5 | ▲石神道 | 55.0 | 44 | 8 | **52.6** | 軽斤量(55.0kg・基準58kg) ／ 1枠有利 ／ 上位クラス通用(5着以内) ／ [Cal]距離延長(1800→2000) |

### 東京8R ダ1600m 3歳以上1勝クラス（16頭）・馬場良
**★★★ 軸向き**　狙い: 外枠の馬がスピードに乗りやすく内枠は不利

| 印 | 馬番 | 馬名 | 性齢 | 騎手 | 斤量 | 能力 | bias | 評価 | 根拠 |
|:--:|:--:|--|:--:|--|:--:|--:|--:|--:|--|
| ◎ | **15** | バスキュール | 牡3 | 津村 | 55.0 | 62 | 14 | **83.4** | 外枠(15)有利 ／ 上位厩舎(林複勝24%) ／ 距離短縮(ダ2100→1600) ／ 複勝安定(100%) |
| ○ | **11** | ミリオンヴォイス | 牡3 | ▲上里 | 52.0 | 54 | 16 | **75.3** | 軽斤量(52.0kg・基準58kg) ／ 外枠(11)有利 ／ 上位厩舎(加藤士複勝24%) ／ 距離短縮(ダ1800→1600) |
| ▲ | **16** | ウフドゥウフ | 牡4 | 原 | 58.0 | 58 | 11 | **73.4** | 外枠(16)有利 ／ 複勝安定(60%) ／ [Cal]ダート ／ [Cal]距離延長(1400→1600) |
| △ | **4** | ハクシンブライアン | 牡4 | 大野 | 58.0 | 57 | 10 | **70.9** | 同距離同面ローテ(ダ1600→同) ／ 複勝安定(60%) ／ [Cal]ダート ／ [Cal]継続騎乗 |

### 東京9R 芝1600m 芦ノ湖特別（11頭）・馬場良
**★ 混戦**　狙い: ペースが緩みにくく、バテない体力と末脚性能が必要

| 印 | 馬番 | 馬名 | 性齢 | 騎手 | 斤量 | 能力 | bias | 評価 | 根拠 |
|:--:|:--:|--|:--:|--|:--:|--:|--:|--:|--|
| ◎ | **4** | フジガイフウ | 牡3 | 荻野極 | 55.0 | 64 | 11 | **82.1** | 軽斤量(55.0kg・基準58kg) ／ 母父サクラプレジデント=注目血統(サンデーサイレンス系(ディープ含む)) ／ 同距離同面ローテ(芝1600→同) ／ 複勝安定(100%) |
| ○ | **1** | テーオーアルアイン | 牡3 | 津村 | 55.0 | 54 | 19 | **79.9** | 軽斤量(55.0kg・基準58kg) ／ 上位厩舎(奥村豊複勝24%) ／ 父アルアイン=注目血統(サンデーサイレンス系(ディープ含む)) ／ 距離短縮(芝1800→1600) |
| ▲ | **6** | ミーントゥビー | 牝4 | 松岡 | 56.0 | 43 | 16 | **60.8** | 父リアルインパクト=注目血統(サンデーサイレンス系(ディープ含む)) ／ 母父フジキセキ=注目血統(サンデーサイレンス系(ディープ含む)) ／ 距離短縮(芝1800→1600) ／ 前走後方差し(通過8-9-8) |
| △ | **11** | クールデイトナ | 牡3 | 三浦 | 55.0 | 39 | 13 | **51.8** | 軽斤量(55.0kg・基準58kg) ／ 外枠(11)有利 ／ 上位騎手(三浦複勝28%) ／ 上位厩舎(宮地複勝22%) |

### ⭐ 東京10R 芝2400m 江の島S（14頭）・馬場良
**★ 混戦**　狙い: 末脚が活きる王道コースのため実力重視

| 印 | 馬番 | 馬名 | 性齢 | 騎手 | 斤量 | 能力 | bias | 評価 | 根拠 |
|:--:|:--:|--|:--:|--|:--:|--:|--:|--:|--|
| ◎ | **1** | ベトルス | セ5 | ディー | 58.0 | 72 | 14 | **97.3** | トップ厩舎(友道複勝36%) ／ 前走後方差し(通過11-11-8-8) ／ 前走馬券内該当(3着) ／ 複勝安定(100%) |
| ○ | **12** | オストラヴァ | 牡4 | 津村 | 58.0 | 72 | 13 | **95.3** | 上位厩舎(林複勝24%) ／ 前走馬券内該当(1着) ／ 複勝安定(100%) ／ 上位クラス通用(5着以内) |
| ▲ | **3** | シャドウメテオ | 牝4 | 大野 | 56.0 | 65 | 13 | **86.3** | 前走後方差し(通過15-16-16-16) ／ 前走馬券内該当(3着) ／ 複勝安定(75%) ／ 上位クラス通用(5着以内) |
| △ | **8** | ジョイボーイ | 牡4 | 石橋脩 | 58.0 | 57 | 16 | **80.1** | 上位厩舎(四位複勝29%) ／ 父レイデオロ=注目血統(レイデオロ) ／ 前走馬券内該当(1着) ／ 上がり最速級(33.1s) |

### ⭐ 東京11R 芝1400m パラダイスS（14頭）・馬場良
**★★★ 軸向き**　狙い: 他場1400mよりも末脚勝負になりやすい

| 印 | 馬番 | 馬名 | 性齢 | 騎手 | 斤量 | 能力 | bias | 評価 | 根拠 |
|:--:|:--:|--|:--:|--|:--:|--:|--:|--:|--|
| ◎ | **8** | カンシン | 牡4 | ゴンサルベ | 56.0 | 73 | 11 | **92.9** | 上位厩舎(西園翔複勝26%) ／ 母父ディープインパクト=注目血統(ディープインパクト系) ／ 同距離同面ローテ(芝1400→同) ／ 複勝安定(80%) |
| ○ | **11** | マイネルチケット | 牡4 | 津村 | 57.0 | 62 | 12 | **80.6** | 外枠(11)有利 ／ 上位厩舎(宮複勝22%) ／ 同距離同面ローテ(芝1400→同) ／ 複勝安定(80%) |
| ▲ | **13** | アクートゥス | セ6 | ディー | 55.0 | 46 | 9 | **57.0** | 外枠(13)有利 ／ トップ厩舎(藤原複勝36%) ／ 母父ディープインパクト=注目血統(ディープインパクト系) ／ 同距離同面ローテ(芝1400→同) |
| △ | **10** | グロリアラウス | セ5 | 杉原 | 55.0 | 44 | 10 | **54.5** | 外枠(10)有利 ／ 上位厩舎(斉藤崇複勝29%) ／ 父リアルインパクト=注目血統(ディープインパクト系) ／ 同距離同面ローテ(芝1400→同) |

### 東京12R ダ1600m 3歳以上2勝クラス（12頭）・馬場良
**★★ 有力**　狙い: 外枠の馬がスピードに乗りやすく内枠は不利

| 印 | 馬番 | 馬名 | 性齢 | 騎手 | 斤量 | 能力 | bias | 評価 | 根拠 |
|:--:|:--:|--|:--:|--|:--:|--:|--:|--:|--|
| ◎ | **3** | セブンマイスター | 牡5 | ディー | 58.0 | 65 | 19 | **95.7** | 上位厩舎(千葉複勝22%) ／ 父ドレフォン=注目血統(ドレフォン) ／ 同距離同面ローテ(ダ1600→同) ／ 複勝安定(80%) |
| ○ | **10** | ミダース | 牡5 | 石川 | 58.0 | 65 | 16 | **91.4** | 外枠(10)有利 ／ 上位厩舎(栗田複勝24%) ／ 距離短縮(ダ1800→1600) ／ 複勝安定(80%) |
| ▲ | **11** | ロンギングフォユー | 牝3 | 荻野極 | 53.0 | 56 | 20 | **84.2** | 軽斤量(53.0kg・基準56kg) ／ 外枠(11)有利 ／ 上位厩舎(大竹複勝25%) ／ 同距離同面ローテ(ダ1600→同) |
| △ | **5** | スマートスピア | 牡5 | 津村 | 58.0 | 49 | 13 | **65.2** | トップ厩舎(池江複勝36%) ／ 距離短縮(ダ1800→1600) ／ 複勝安定(80%) ／ [Cal]ダート |

### 阪神1R ダ1800m 3歳未勝利（16頭）・馬場良
**★★ 有力**　狙い: 阪神ダ1800m

| 印 | 馬番 | 馬名 | 性齢 | 騎手 | 斤量 | 能力 | bias | 評価 | 根拠 |
|:--:|:--:|--|:--:|--|:--:|--:|--:|--:|--|
| ◎ | **11** | シャドウルーラー | 牝3 | 高杉 | 55.0 | 45 | 4 | **49.6** | 上位騎手(高杉複勝25%) ／ 上位厩舎(藤岡健複勝28%) ／ [Cal]ダート ／ [Cal]距離延長(1400→1800) |
| ○ | **13** | フィデリス | 牝3 | 川田 | 55.0 | 40 | 3 | **43.2** | トップ騎手(川田複勝41%) ／ [Cal]ダート |
| ▲ | **5** | アクシュラ | 牝3 | 坂井 | 55.0 | 38 | 3 | **40.6** | 上位騎手(坂井複勝30%) ／ 上位厩舎(橋口複勝27%) ／ [Cal]ダート |
| △ | **15** | タガノラヴズワン | 牝3 | ▲和田陽 | 52.0 | 36 | 4 | **39.7** | 軽斤量(52.0kg・基準56kg) ／ 上位厩舎(平田複勝24%) ／ [Cal]ダート ／ [Cal]減量騎手(▲) |

### 阪神2R ダ1400m 3歳未勝利（16頭）・馬場良
**★★★ 軸向き**　狙い: 阪神ダ1400m

| 印 | 馬番 | 馬名 | 性齢 | 騎手 | 斤量 | 能力 | bias | 評価 | 根拠 |
|:--:|:--:|--|:--:|--|:--:|--:|--:|--:|--|
| ◎ | **4** | ウイルソン | 牡3 | 松山 | 57.0 | 58 | 17 | **83.2** | 上位騎手(松山複勝28%) ／ トップ厩舎(杉山晴複勝31%) ／ 上がり最速級(33.6s) ／ 複勝安定(100%) |
| ○ | **13** | タガノプディング | 牝3 | 横山典 | 55.0 | 55 | 10 | **69.2** | トップ騎手(横山典複勝36%) ／ 上位厩舎(小林複勝22%) ／ 複勝安定(67%) ／ [Cal]ダート |
| ▲ | **16** | モズジェネラル | 牡3 | 岩田望 | 57.0 | 40 | 3 | **43.3** | 上位厩舎(田中克複勝28%) ／ [Cal]ダート ／ [Cal]大外枠 |
| △ | **10** | ハピネスサンライズ | 牝3 | 西村淳 | 55.0 | 38 | 2 | **40.2** | 上位騎手(西村淳複勝27%) ／ [Cal]ダート |

### 阪神3R ダ1800m 3歳未勝利（16頭）・馬場良
**★★★ 軸向き**　狙い: 阪神ダ1800m

| 印 | 馬番 | 馬名 | 性齢 | 騎手 | 斤量 | 能力 | bias | 評価 | 根拠 |
|:--:|:--:|--|:--:|--|:--:|--:|--:|--:|--|
| ◎ | **1** | アルジェンタム | セ3 | 高杉 | 57.0 | 61 | 10 | **76.6** | 上位騎手(高杉複勝25%) ／ 上位厩舎(野中複勝26%) ／ 複勝安定(100%) ／ [Cal]ダート |
| ○ | **16** | キタノトレボーネ | 牡3 | 中井 | 57.0 | 52 | 5 | **58.3** | [Cal]ダート ／ [Cal]距離短縮(1900→1800) ／ [Cal]大外枠 ／ [Cal]継続騎乗 |
| ▲ | **14** | インドミタビリティ | 牡3 | 亀田 | 57.0 | 47 | 4 | **51.3** | トップ厩舎(杉山晴複勝31%) ／ [Cal]ダート ／ [Cal]距離短縮(2000→1800) |
| △ | **12** | キープシャイニング | 牡3 | 岩田望 | 57.0 | 41 | 7 | **48.4** | 上位厩舎(長谷川複勝24%) ／ 複勝安定(60%) ／ [Cal]ダート |

### 阪神4R 芝2200m 3歳未勝利（17頭）・馬場良
**★★★ 軸向き**　狙い: 阪神芝2200m

| 印 | 馬番 | 馬名 | 性齢 | 騎手 | 斤量 | 能力 | bias | 評価 | 根拠 |
|:--:|:--:|--|:--:|--|:--:|--:|--:|--:|--|
| ◎ | **6** | チェルヴァーラ | 牡3 | 西村淳 | 57.0 | 57 | 10 | **71.1** | 上位騎手(西村淳複勝27%) ／ 上がり最速級(33.6s) ／ 複勝安定(100%) ／ [Cal]距離短縮(2400→2200) |
| ○ | **15** | ミエノクラウン | 牡3 | レーン | 57.0 | 50 | 8 | **60.4** | トップ騎手(レーン複勝50%) ／ 上位厩舎(高橋亮複勝24%) ／ 複勝安定(60%) |
| ▲ | **13** | イクオクコウネン | 牡3 | ルメール | 57.0 | 45 | 4 | **49.5** | トップ騎手(ルメール複勝50%) ／ 上位厩舎(斉藤崇複勝29%) ／ [Cal]距離延長(1800→2200) |
| △ | **5** | ダノンミッドナイト | 牡3 | 川田 | 57.0 | 43 | 4 | **47.2** | トップ騎手(川田複勝41%) ／ トップ厩舎(中内田複勝40%) ／ [Cal]距離延長(2000→2200) |

### 阪神5R 芝1800m 2歳新馬（8頭）・馬場良
**★ 混戦**　狙い: 阪神芝1800m

| 印 | 馬番 | 馬名 | 性齢 | 騎手 | 斤量 | 能力 | bias | 評価 | 根拠 |
|:--:|:--:|--|:--:|--|:--:|--:|--:|--:|--|
| ◎💎 | **8** | メモリアデルレ | 牡2 | ルメール | 55.0 | — | 7 | **32.9** | トップ騎手(ルメール複勝50%) ／ トップ厩舎(吉岡複勝31%) ／ [Cal]少頭数 ／ [Cal]大外枠 |
| ○💎 | **4** | ダイナマイク | 牡2 | 川田 | 55.0 | — | 6 | **32.2** | トップ騎手(川田複勝41%) ／ トップ厩舎(中内田複勝40%) ／ [Cal]少頭数 |
| ▲ | **7** | オンユアマークス | 牡2 | 武豊 | 55.0 | — | 5 | **31.5** | トップ騎手(武豊複勝43%) ／ 上位厩舎(松永幹複勝28%) ／ [Cal]少頭数 |
| △ | **2** | プリマアルバ | 牡2 | 西村淳 | 55.0 | — | 4 | **30.8** | 上位騎手(西村淳複勝27%) ／ 上位厩舎(新谷複勝22%) ／ [Cal]少頭数 |

### 阪神6R ダ1200m 3歳以上1勝クラス（16頭）・馬場良
**★★★ 軸向き**　狙い: 阪神ダ1200m

| 印 | 馬番 | 馬名 | 性齢 | 騎手 | 斤量 | 能力 | bias | 評価 | 根拠 |
|:--:|:--:|--|:--:|--|:--:|--:|--:|--:|--|
| ◎ | **11** | アームズレジェンド | 牡3 | 岩田望 | 55.0 | 63 | 13 | **84.0** | トップ厩舎(上村複勝34%) ／ 複勝安定(100%) ／ 馬場適性(良ダートは前残り→先行) ／ [Cal]ダート |
| ○ | **7** | グランデスフィーダ | 牡6 | 戸崎圭 | 58.0 | 57 | 10 | **71.8** | トップ騎手(戸崎圭複勝38%) ／ 上位厩舎(佐藤悠複勝28%) ／ 複勝安定(60%) ／ [Cal]ダート |
| ▲ | **12** | レッドレベンディス | 牡3 | 武豊 | 55.0 | 54 | 12 | **70.2** | トップ騎手(武豊複勝43%) ／ 上位厩舎(庄野複勝24%) ／ 複勝安定(60%) ／ [Cal]ダート |
| △ | **16** | ラヴネヴァーダイズ | 牡3 | 坂井 | 55.0 | 54 | 11 | **68.2** | 上位騎手(坂井複勝30%) ／ 上位厩舎(渡辺複勝22%) ／ 複勝安定(60%) ／ [Cal]ダート |

### 阪神7R 芝2000m 3歳以上1勝クラス（11頭）・馬場良
**★★ 有力**　狙い: 阪神芝2000m

| 印 | 馬番 | 馬名 | 性齢 | 騎手 | 斤量 | 能力 | bias | 評価 | 根拠 |
|:--:|:--:|--|:--:|--|:--:|--:|--:|--:|--|
| ◎ | **2** | ピカキウイ | 牝3 | 西村淳 | 53.0 | 68 | 9 | **83.9** | 上位騎手(西村淳複勝27%) ／ トップ厩舎(杉山晴複勝31%) ／ 複勝安定(67%) ／ 上位クラス通用(5着以内) |
| ○ | **7** | ダノンテムズ | 牡3 | レーン | 55.0 | 62 | 11 | **79.4** | トップ騎手(レーン複勝50%) ／ 上位厩舎(寺島複勝25%) ／ 複勝安定(100%) ／ [Cal]距離延長(1800→2000) |
| ▲ | **3** | メイショウハンター | 牡3 | 松山 | 55.0 | 53 | 3 | **57.4** | 上位騎手(松山複勝28%) ／ 上位厩舎(長谷川複勝24%) ／ [Cal]昇級(未勝利→今走) |
| △ | **8** | ロングホリデー | 牡3 | 武豊 | 55.0 | 44 | 9 | **54.1** | トップ騎手(武豊複勝43%) ／ 複勝安定(75%) ／ [Cal]継続騎乗 ／ [Cal]昇級(未勝利→今走) |

### 阪神8R ダ1800m 逆瀬川特別（9頭）・馬場良
**★★ 有力**　狙い: 阪神ダ1800m

| 印 | 馬番 | 馬名 | 性齢 | 騎手 | 斤量 | 能力 | bias | 評価 | 根拠 |
|:--:|:--:|--|:--:|--|:--:|--:|--:|--:|--|
| ◎ | **1** | ハギノコラソン | 牝4 | 岩田望 | 56.0 | 65 | 9 | **79.7** | 上位厩舎(寺島複勝25%) ／ 複勝安定(100%) ／ [Cal]ダート ／ [Cal]少頭数 |
| ○ | **8** | ヴァンアグレアブル | 牝4 | 北村友 | 56.0 | 58 | 10 | **73.1** | 上位騎手(北村友複勝26%) ／ 上位厩舎(橋口複勝27%) ／ 複勝安定(60%) ／ 上位クラス通用(5着以内) |
| ▲ | **5** | メイショウコマチ | 牝3 | 太宰 | 53.0 | 55 | 8 | **66.4** | 軽斤量(53.0kg・基準56kg) ／ 複勝安定(67%) ／ [Cal]ダート ／ [Cal]少頭数 |
| △ | **6** | アイブリンク | 牝4 | 松山 | 56.0 | 48 | 10 | **60.0** | 上位騎手(松山複勝28%) ／ トップ厩舎(大久保複勝31%) ／ 複勝安定(60%) ／ [Cal]ダート |

### 阪神9R 芝1200m 武庫川特別（14頭）・馬場良
**★★★ 軸向き**　狙い: 阪神芝1200m

| 印 | 馬番 | 馬名 | 性齢 | 騎手 | 斤量 | 能力 | bias | 評価 | 根拠 |
|:--:|:--:|--|:--:|--|:--:|--:|--:|--:|--|
| ◎ | **14** | マーゴットミスト | 牡3 | 吉村 | 55.0 | 52 | 8 | **62.9** | 軽斤量(55.0kg・基準58kg) ／ 複勝安定(60%) ／ [Cal]9R(好成績帯) ／ [Cal]大外枠 |
| ○ | **7** | マキシマムドライブ | 牡4 | 横山典 | 58.0 | 48 | 3 | **51.6** | トップ騎手(横山典複勝36%) ／ [Cal]9R(好成績帯) |
| ▲ | **5** | ヤマニンレセディ | 牝4 | 松若 | 56.0 | 42 | 7 | **49.0** | 上位厩舎(長谷川複勝24%) ／ 複勝安定(60%) ／ [Cal]9R(好成績帯) |
| △ | **3** | ヒーローインチーフ |  | 西塚 |  | 42 | 2 | **44.4** | 上位クラス通用(5着以内) ／ [Cal]9R(好成績帯) |

### ⭐ 阪神10R 芝1600m 花のみちS（14頭）・馬場良
**★★ 有力**　狙い: 阪神芝1600m

| 印 | 馬番 | 馬名 | 性齢 | 騎手 | 斤量 | 能力 | bias | 評価 | 根拠 |
|:--:|:--:|--|:--:|--|:--:|--:|--:|--:|--|
| ◎ | **3** | テラメリタ | 牝5 | 川田 | 56.0 | 66 | 10 | **81.9** | トップ騎手(川田複勝41%) ／ トップ厩舎(須貝複勝32%) ／ 複勝安定(80%) ／ 上位クラス通用(5着以内) |
| ○ | **1** | サンタンカ | 牡4 | 松山 | 58.0 | 63 | 9 | **77.2** | 上位騎手(松山複勝28%) ／ 複勝安定(60%) ／ 上位クラス通用(5着以内) ／ [Cal]距離延長(1400→1600) |
| ▲ | **10** | アウフヘーベン | 牝6 | レーン | 56.0 | 61 | 10 | **76.2** | トップ騎手(レーン複勝50%) ／ 上位厩舎(高橋亮複勝24%) ／ 複勝安定(80%) ／ 上位クラス通用(5着以内) |
| △ | **12** | セブンマジシャン | 牡6 | 西村淳 | 58.0 | 57 | 5 | **64.0** | 上位騎手(西村淳複勝27%) ／ 上位厩舎(高野複勝30%) ／ 上がり最速級(33.2s) ／ 上位クラス通用(5着以内) |

### 阪神11R 芝2200m 宝塚記念（18頭）・馬場良
**★ 混戦**　狙い: 阪神芝2200m

| 印 | 馬番 | 馬名 | 性齢 | 騎手 | 斤量 | 能力 | bias | 評価 | 根拠 |
|:--:|:--:|--|:--:|--|:--:|--:|--:|--:|--|
| ◎ | **4** | ミクニインスパイア | 牡4 | 丹内 | 58.0 | 73 | 9 | **89.4** | 上位厩舎(林複勝24%) ／ 複勝安定(100%) ／ 上位クラス通用(5着以内) ／ [Cal]距離短縮(2500→2200) |
| ○ | **15** | マイユニバース | 牡4 | 横山典 | 58.0 | 67 | 11 | **85.8** | トップ騎手(横山典複勝36%) ／ トップ厩舎(武幸複勝30%) ／ 複勝安定(80%) ／ 上位クラス通用(5着以内) |
| ▲ | **2** | ミュージアムマイル | 牡4 | レーン | 58.0 | 65 | 12 | **84.9** | トップ騎手(レーン複勝50%) ／ 上位厩舎(高柳大複勝28%) ／ 上がり最速級(32.9s) ／ 複勝安定(80%) |
| △ | **14** | スティンガーグラス | 牡5 | 岩田望 | 58.0 | 68 | 6 | **78.1** | トップ厩舎(友道複勝36%) ／ 複勝安定(80%) ／ 上位クラス通用(5着以内) ／ [Cal]11R(穴薄) |

### ⭐ 阪神12R ダ1200m リボン賞（16頭）・馬場良
**★★★ 軸向き**　狙い: 阪神ダ1200m

| 印 | 馬番 | 馬名 | 性齢 | 騎手 | 斤量 | 能力 | bias | 評価 | 根拠 |
|:--:|:--:|--|:--:|--|:--:|--:|--:|--:|--|
| ◎ | **15** | ルクスデイジー | 牝4 | 川田 | 55.0 | 74 | 15 | **101.3** | トップ騎手(川田複勝41%) ／ 上位厩舎(高橋亮複勝24%) ／ 複勝安定(100%) ／ 上位クラス通用(5着以内) |
| ○ | **1** | ニューオーリンズ | 牡4 | 和田陽 | 57.0 | 63 | 17 | **90.2** | トップ厩舎(杉山晴複勝31%) ／ 複勝安定(60%) ／ 上位クラス通用(5着以内) ／ 馬場適性(良ダートは前残り→逃げ) |
| ▲ | **16** | ヴェロクオーレ | 牝5 | 酒井 | 54.0 | 52 | 16 | **72.8** | 上位厩舎(石坂複勝26%) ／ 複勝安定(60%) ／ 上位クラス通用(5着以内) ／ 馬場適性(良ダートは前残り→逃げ) |
| △ | **12** | ノボリショウリュウ | 牡5 | 高杉 | 56.0 | 59 | 9 | **72.3** | 上位騎手(高杉複勝25%) ／ 複勝安定(60%) ／ 上位クラス通用(5着以内) ／ [Cal]ダート |

---
_馬券は自己責任で。本表は分析の共有であり購入を推奨するものではありません。_

# HTML: /Users/kubota/Desktop/bias/docs/predict_20260614.html
[2026-06-13 17:30:28]   OK
[2026-06-13 17:30:29] git commit: weekly: 20260614 予想生成(early/A・B 2案)
To https://github.com/shinkubota/keiba-bias.git
   0f758e0..a9b4cea  main -> main
[2026-06-13 17:30:31] DONE
