[2026-06-13 08:00:04] === PREDICT 20260613 (late) ===
[2026-06-13 08:00:04] RUN: python3 scripts/fetch_shutuba.py 20260613
/Users/kubota/Library/Python/3.9/lib/python/site-packages/urllib3/__init__.py:35: NotOpenSSLWarning: urllib3 v2 only supports OpenSSL 1.1.1+, currently the 'ssl' module is compiled with 'LibreSSL 2.8.3'. See: https://github.com/urllib3/urllib3/issues/3020
  warnings.warn(
[20260613] 36 races found
  函館 1R 芝1200m  16頭  3歳未勝利
  函館 2R ダ1700m  14頭  3歳未勝利
  函館 3R ダ1000m  12頭  3歳未勝利
  函館 4R 芝2600m  15頭  3歳未勝利
  函館 5R 芝1200m  12頭  2歳新馬
  函館 6R ダ1700m  12頭  3歳未勝利
  函館 7R 芝1200m  8頭  3歳以上1勝クラス
  函館 8R ダ1000m  12頭  3歳以上1勝クラス
  函館 9R 芝2000m  11頭  奥尻特別
  函館10R 芝1800m  16頭  松前特別
  函館11R 芝1200m  13頭  函館スプリントS
  函館12R ダ1700m  12頭  3歳以上1勝クラス
  東京 1R ダ1600m  16頭  3歳未勝利
  東京 2R 芝2400m  18頭  3歳未勝利
  東京 3R ダ1400m  16頭  3歳未勝利
  東京 4R 障3110m  10頭  東京JS
  東京 5R 芝1600m  7頭  2歳新馬
  東京 6R 芝1400m  9頭  2歳新馬
  東京 7R ダ1600m  16頭  3歳未勝利
  東京 8R 芝1400m  18頭  3歳以上1勝クラス
  東京 9R ダ2100m  14頭  日野特別
  東京10R ダ1600m  16頭  夏至S
  東京11R 芝1800m  13頭  ジューンS
  東京12R ダ1400m  16頭  3歳以上1勝クラス
  阪神 1R ダ1200m  16頭  3歳未勝利
  阪神 2R ダ2000m  16頭  3歳未勝利
  阪神 3R 芝1600m  18頭  3歳未勝利
  阪神 4R 芝1800m  16頭  3歳未勝利
  阪神 5R 芝1200m  11頭  2歳新馬
  阪神 6R ダ1400m  13頭  2歳新馬
  阪神 7R ダ1800m  16頭  3歳以上1勝クラス
  阪神 8R 芝1600m  15頭  3歳以上1勝クラス
  阪神 9R 芝2200m  9頭  三田特別
  阪神10R ダ1200m  16頭  安芸特別
  阪神11R ダ1800m  16頭  三宮S
  阪神12R 芝1200m  14頭  3歳以上1勝クラス
saved: /Users/kubota/Desktop/bias/app/data/shutuba_20260613.json
[2026-06-13 08:00:29]   OK
[2026-06-13 08:00:29] RUN: python3 scripts/fetch_horse.py 20260613
/Users/kubota/Library/Python/3.9/lib/python/site-packages/urllib3/__init__.py:35: NotOpenSSLWarning: urllib3 v2 only supports OpenSSL 1.1.1+, currently the 'ssl' module is compiled with 'LibreSSL 2.8.3'. See: https://github.com/urllib3/urllib3/issues/3020
  warnings.warn(
取得対象: 498頭
  10/498: 父=Sottsass(仏) 母父=Awtaad 前走=3件
  20/498: 父=マジェスティックウォリアーMajestic Warrior(米) 母父=ドリームジャーニー 前走=5件
  30/498: 父=ルーラーシップ 母父=ハーツクライ 前走=5件
  40/498: 父=モズアスコット 母父=ディープインパクト 前走=3件
  50/498: 父=ブリックスアンドモルタルBricks and Mortar(米) 母父=ヴィクトワールピサ 前走=5件
  60/498: 父=ロジャーバローズ 母父=エスポワールシチー 前走=0件
  70/498: 父=ダイワメジャー 母父=Dubai Destination 前走=3件
  80/498: 父=ナダルNadal(米) 母父=カネヒキリ 前走=5件
  90/498: 父=グレーターロンドン 母父=エムオーウイナー 前走=5件
  100/498: 父=Knicks Go(米) 母父=マジェスティックウォリアーMajestic Warrior(米) 前走=3件
  110/498: 父=シルバーステート 母父=ルーラーシップ 前走=5件
  120/498: 父=ドゥラメンテ 母父=ディープインパクト 前走=5件
  130/498: 父=モーリス 母父=Holy Roman Emperor 前走=5件
  140/498: 父=スクリーンヒーロー 母父=ロージズインメイRoses in May(米) 前走=5件
  150/498: 父=ロードカナロア 母父=アグネスタキオン 前走=5件
  160/498: 父=ダノンキングリー 母父=クロフネ 前走=4件
  170/498: 父=レイデオロ 母父=ディープインパクト 前走=4件
  180/498: 父=エピファネイア 母父=キングカメハメハ 前走=3件
  190/498: 父=Home Affairs 母父=Pierro 前走=2件
  200/498: 父=パイロPyro(米) 母父=オルフェーヴル 前走=4件
  210/498: 父=ゴールドアクター 母父=ヴァーミリアン 前走=5件
  220/498: 父=マインドユアビスケッツMind Your Biscuits(米) 母父=ルーラーシップ 前走=0件
  230/498: 父=サトノクラウン 母父=ダイワメジャー 前走=1件
  240/498: 父=タワーオブロンドン 母父=マンハッタンカフェ 前走=5件
  250/498: 父=ドレフォンDrefong(米) 母父=キズナ 前走=5件
  260/498: 父=インディチャンプ 母父=グラスワンダー 前走=5件
  270/498: 父=ドゥラメンテ 母父=Giant's Causeway(米) 前走=5件
  280/498: 父=ジャスタウェイ 母父=Oasis Dream(英) 前走=5件
  290/498: 父=ホッコータルマエ 母父=ゴールドアリュール 前走=5件
  300/498: 父=ルーラーシップ 母父=フジキセキ 前走=5件
  310/498: 父=ロジャーバローズ 母父=ルーラーシップ 前走=5件
  320/498: 父=フォーウィールドライブFour Wheel Drive(米) 母父=キンシャサノキセキ 前走=5件
  330/498: 父=ミスターメロディ 母父=ステイゴールド 前走=5件
  340/498: 父=クリソベリル 母父=ルーラーシップ 前走=2件
  350/498: 父=キセキ 母父=スペシャルウィーク 前走=1件
  360/498: 父=エピファネイア 母父=New Approach 前走=1件
  370/498: 父=キタサンブラック 母父=Acclamation 前走=5件
  380/498: 父=ミッキーアイル 母父=フレンチデピュティFrench Deputy(米) 前走=5件
  390/498: 父=サリオス 母父=Songandaprayer 前走=0件
  400/498: 父=ヘニーヒューズHenny Hughes(米) 母父=ゴールドアリュール 前走=0件
  410/498: 父=ナダルNadal(米) 母父=ハーツクライ 前走=0件
  420/498: 父=モズアスコット 母父=エンパイアメーカーEmpire Maker(米) 前走=5件
  430/498: 父=サートゥルナーリア 母父=マンハッタンカフェ 前走=5件
  440/498: 父=オルフェーヴル 母父=Malibu Moon 前走=5件
  450/498: 父=ドゥラメンテ 母父=Going Commando 前走=5件
  460/498: 父=Speightstown(米) 母父=Curlin(米) 前走=5件
  470/498: 父=ハーツクライ 母父=Saint Liam 前走=5件
  480/498: 父=キズナ 母父=キングカメハメハ 前走=5件
  490/498: 父=アドマイヤムーン 母父=Flying Spur 前走=5件
  498/498: 父=ディーマジェスティ 母父=ファルブラヴFalbrav(愛) 前走=5件
saved: /Users/kubota/Desktop/bias/app/data/horses_20260613.json
[2026-06-13 08:00:43]   OK
[2026-06-13 08:00:43] RUN: python3 scripts/build_lineage_fallback.py
fallback補完: 460種牡馬
[2026-06-13 08:12:01]   OK
[2026-06-13 08:12:01] RUN: python3 scripts/fetch_odds.py 20260613
/Users/kubota/Library/Python/3.9/lib/python/site-packages/urllib3/__init__.py:35: NotOpenSSLWarning: urllib3 v2 only supports OpenSSL 1.1.1+, currently the 'ssl' module is compiled with 'LibreSSL 2.8.3'. See: https://github.com/urllib3/urllib3/issues/3020
  warnings.warn(
  ! 202602010101: 'str' object has no attribute 'get'
  ! 202602010102: 'str' object has no attribute 'get'
  ! 202602010103: 'str' object has no attribute 'get'
  ! 202602010104: 'str' object has no attribute 'get'
  ! 202602010105: 'str' object has no attribute 'get'
  ! 202602010106: 'str' object has no attribute 'get'
  ! 202602010107: 'str' object has no attribute 'get'
  ! 202602010108: 'str' object has no attribute 'get'
  ! 202602010109: 'str' object has no attribute 'get'
  ! 202602010110: 'str' object has no attribute 'get'
  ! 202602010111: 'str' object has no attribute 'get'
  ! 202602010112: 'str' object has no attribute 'get'
  ! 202605030301: 'str' object has no attribute 'get'
  ! 202605030302: 'str' object has no attribute 'get'
  ! 202605030303: 'str' object has no attribute 'get'
  ! 202605030304: 'str' object has no attribute 'get'
  ! 202605030305: 'str' object has no attribute 'get'
  ! 202605030306: 'str' object has no attribute 'get'
  ! 202605030307: 'str' object has no attribute 'get'
  ! 202605030308: 'str' object has no attribute 'get'
  ! 202605030309: 'str' object has no attribute 'get'
  ! 202605030310: 'str' object has no attribute 'get'
  ! 202605030311: 'str' object has no attribute 'get'
  ! 202605030312: 'str' object has no attribute 'get'
  ! 202609030301: 'str' object has no attribute 'get'
  ! 202609030302: 'str' object has no attribute 'get'
  ! 202609030303: 'str' object has no attribute 'get'
  ! 202609030304: 'str' object has no attribute 'get'
  ! 202609030305: 'str' object has no attribute 'get'
  ! 202609030306: 'str' object has no attribute 'get'
  ! 202609030307: 'str' object has no attribute 'get'
  ! 202609030308: 'str' object has no attribute 'get'
  ! 202609030309: 'str' object has no attribute 'get'
  ! 202609030310: 'str' object has no attribute 'get'
  ! 202609030311: 'str' object has no attribute 'get'
  ! 202609030312: 'str' object has no attribute 'get'
saved: odds_20260613.json
[2026-06-13 08:12:38]   OK
[2026-06-13 08:12:38] RUN: python3 scripts/build_web.py 20260613 --top 4
# 🐎 2026/6/13(土) トラックバイアス推奨

**開催**: 函館・東京・阪神　**馬場**: ☀️晴 馬場稍 / ☀️晴 馬場良 / ☀️晴 馬場重 / 🌦小雨 馬場良

> **印**: ◎本命 ○対抗 ▲単穴 △連下　／　**能力**=過去実績スコア(0-100)　**bias**=バイアス適合点　**評価**=能力×バイアス補正（この順で本命決定）　／　💎=能力中位だがバイアスで浮上した穴候補

## 🎯 注目レース

| レース | 確信度 | ◎本命(馬番 馬名) | 能力 | 評価 |
|--|--|--|--:|--:|
| 函館10R 松前特別 | ★ 混戦 | 15 ウインシャーガス | 60 | 71.8 |
| 函館11R 函館スプリントS | ★ 混戦 | 12 ルシード | 71 | 79.9 |
| 東京10R 夏至S | ★★ 有力 | 7 キョウエイフロイデ | 73 | 100.5 |
| 東京11R ジューンS | ★★★ 軸向き | 9 ダノンエアズロック | 67 | 85.9 |
| 阪神10R 安芸特別 | ★★★ 軸向き | 13 テーオーグレーザー | 58 | 80.6 |
| 阪神11R 三宮S | ★★★ 軸向き | 16 ゴールデンクラウド | 76 | 110.6 |

## 📋 全レース

### 函館1R 芝1200m 3歳未勝利（16頭）・🌦小雨 馬場良
**★★★ 軸向き**　狙い: 函館芝1200m

| 印 | 馬番 | 馬名 | 性齢 | 騎手 | 斤量 | 能力 | bias | 評価 | 根拠 |
|:--:|:--:|--|:--:|--|:--:|--:|--:|--:|--|
| ◎ | **5** | ジャーナーリア | 牡3 | 古川吉 | 57.0 | 56 | 5 | **63.2** | 複勝安定(80%) |
| ○ | **6** | コスモファーブロス | 牝3 | 横山武 | 55.0 | 47 | 2 | **49.4** | トップ騎手(横山武複勝32%) |
| ▲ | **7** | アルサック | 牝3 | 丹内 | 55.0 | 45 | 1 | **46.4** | [Cal]距離延長(1000→1200) |
| △ | **9** | ニシノマーレ | 牝3 | ▲小林美 | 52.0 | 43 | 3 | **46.1** | 軽斤量(52.0kg・基準56kg) ／ [Cal]距離短縮(1400→1200) ／ [Cal]減量騎手(▲) |

### 函館2R ダ1700m 3歳未勝利（14頭）・🌦小雨 馬場良
**★ 混戦**　狙い: 函館ダ1700m

| 印 | 馬番 | 馬名 | 性齢 | 騎手 | 斤量 | 能力 | bias | 評価 | 根拠 |
|:--:|:--:|--|:--:|--|:--:|--:|--:|--:|--|
| ◎ | **2** | コウソクユノ | 牝3 | 横山武 | 55.0 | 43 | 6 | **49.9** | トップ騎手(横山武複勝32%) ／ 上位厩舎(中舘複勝23%) ／ [Cal]ダート ／ [Cal]距離短縮(1800→1700) |
| ○ | **7** | ビーチイン | 牝3 | 横山和 | 55.0 | 45 | 4 | **49.7** | [Cal]ダート ／ [Cal]距離短縮(1800→1700) ／ [Cal]継続騎乗 |
| ▲ | **10** | テンレッドサン | 牝3 | 丹内 | 55.0 | 45 | 2 | **46.8** | 上位厩舎(西園翔複勝26%) ／ [Cal]ダート |
| △ | **4** | スマートコーラル | 牝3 | ★河原田 | 51.0 | 39 | 8 | **46.4** | 軽斤量(51.0kg・基準56kg) ／ 低勝率騎手(河原田複勝9%) ／ 上位厩舎(石坂複勝26%) ／ 馬場適性(良ダートは前残り→逃げ) |

### 函館3R ダ1000m 3歳未勝利（12頭）・🌦小雨 馬場良
**★ 混戦**　狙い: 函館ダ1000m

| 印 | 馬番 | 馬名 | 性齢 | 騎手 | 斤量 | 能力 | bias | 評価 | 根拠 |
|:--:|:--:|--|:--:|--|:--:|--:|--:|--:|--|
| ◎ | **9** | マーゴットオネイロ | 牡3 | 横山武 | 57.0 | 47 | 4 | **51.6** | トップ騎手(横山武複勝32%) ／ 上位厩舎(小林複勝22%) ／ [Cal]ダート |
| ○ | **1** | スイーヴル | 牝3 | 長岡 | 55.0 | 43 | 8 | **51.2** | 馬場適性(良ダートは前残り→先行) ／ [Cal]ダート ／ [Cal]距離短縮(1150→1000) ／ [Cal]1枠 |
| ▲ | **12** | トコシエノヒトミ | 牝3 | ☆長浜 | 54.0 | 31 | 5 | **35.3** | [Cal]ダート ／ [Cal]距離短縮(1200→1000) ／ [Cal]減量騎手(☆) ／ [Cal]大外枠 |
| △ | **6** | クロナ | 牡3 | 小沢 | 57.0 | 28 | 10 | **34.9** | 上位厩舎(高橋亮複勝24%) ／ 上がり最速級(33.7s) ／ 馬場適性(良ダートは前残り→先行) ／ [Cal]ダート |

### 函館4R 芝2600m 3歳未勝利（15頭）・🌦小雨 馬場良
**★ 混戦**　狙い: 函館芝2600m

| 印 | 馬番 | 馬名 | 性齢 | 騎手 | 斤量 | 能力 | bias | 評価 | 根拠 |
|:--:|:--:|--|:--:|--|:--:|--:|--:|--:|--|
| ◎ | **7** | ホウオウファミリー | 牡3 | △舟山 | 55.0 | 50 | 8 | **60.0** | 上位騎手(舟山複勝24%) ／ トップ厩舎(田中博複勝35%) ／ 複勝安定(67%) ／ [Cal]減量騎手(△) |
| ○ | **8** | ノリマル | 牡3 | 丹内 | 57.0 | 50 | 7 | **58.8** | 複勝安定(60%) ／ [Cal]距離延長(2400→2600) ／ [Cal]継続騎乗 |
| ▲ | **15** | デルマフジ | 牡3 | 浜中 | 57.0 | 49 | 5 | **55.4** | トップ騎手(浜中複勝30%) ／ トップ厩舎(武幸複勝30%) ／ [Cal]距離延長(2400→2600) ／ [Cal]大外枠 |
| △ | **2** | フォーチュンローズ | 牝3 | 荻野極 | 55.0 | 49 | 2 | **51.6** | トップ厩舎(上原佑複勝32%) ／ [Cal]継続騎乗 |

### 函館5R 芝1200m 2歳新馬（12頭）・🌦小雨 馬場良
**★ 混戦**　狙い: 函館芝1200m

| 印 | 馬番 | 馬名 | 性齢 | 騎手 | 斤量 | 能力 | bias | 評価 | 根拠 |
|:--:|:--:|--|:--:|--|:--:|--:|--:|--:|--|
| ◎ | **1** | ダイメイビッグボス | 牡2 | 横山武 | 55.0 | — | 5 | **31.5** | トップ騎手(横山武複勝32%) ／ 上位厩舎(武井複勝25%) ／ [Cal]1枠 |
| ○ | **2** | アルテクィーン | 牝2 | 鮫島駿 | 55.0 | — | 4 | **30.8** | 上位騎手(鮫島駿複勝24%) ／ トップ厩舎(杉山晴複勝31%) |
| ▲ | **12** | ショウナンカノア | 牝2 | 池添 | 55.0 | — | 4 | **30.8** | 上位騎手(池添複勝27%) ／ 上位厩舎(清水久複勝23%) ／ [Cal]大外枠 |
| △ | **10** | アイルドフルール | 牝2 | 北村友 | 55.0 | — | 3 | **30.1** | 上位騎手(北村友複勝26%) ／ 上位厩舎(田中克複勝28%) |

### 函館6R ダ1700m 3歳未勝利（12頭）・🌦小雨 馬場良
**★★★ 軸向き**　狙い: 函館ダ1700m

| 印 | 馬番 | 馬名 | 性齢 | 騎手 | 斤量 | 能力 | bias | 評価 | 根拠 |
|:--:|:--:|--|:--:|--|:--:|--:|--:|--:|--|
| ◎ | **10** | コイオステソーロ | 牡3 | 丹内 | 57.0 | 53 | 15 | **72.3** | 上位厩舎(高木複勝24%) ／ 複勝安定(60%) ／ 馬場適性(良ダートは前残り→先行) ／ [Cal]ダート |
| ○ | **11** | キセログラフィカ | 牡3 | 横山武 | 57.0 | 47 | 12 | **61.4** | トップ騎手(横山武複勝32%) ／ 複勝安定(60%) ／ [Cal]ダート ／ [Cal]距離短縮(1800→1700) |
| ▲ | **5** | メイショウタイザン | 牡3 | 横山琉 | 57.0 | 43 | 9 | **52.7** | 馬場適性(良ダートは前残り→逃げ) ／ [Cal]ダート ／ [Cal]距離短縮(1800→1700) ／ [Cal]6R(好成績帯) |
| △ | **2** | オンザムービー | 牡3 | 横山和 | 57.0 | 41 | 8 | **49.6** | 馬場適性(良ダートは前残り→逃げ) ／ [Cal]ダート ／ [Cal]距離短縮(2000→1700) ／ [Cal]6R(好成績帯) |

### 函館7R 芝1200m 3歳以上1勝クラス（8頭）・🌦小雨 馬場良
**★★ 有力**　狙い: 函館芝1200m

| 印 | 馬番 | 馬名 | 性齢 | 騎手 | 斤量 | 能力 | bias | 評価 | 根拠 |
|:--:|:--:|--|:--:|--|:--:|--:|--:|--:|--|
| ◎ | **6** | カイショー | 牝3 | ▲小林美 | 50.0 | 49 | 10 | **61.2** | 軽斤量(50.0kg・基準56kg) ／ 上位厩舎(長谷川複勝24%) ／ 上がり最速級(33.9s) ／ 複勝安定(60%) |
| ○ | **3** | グランテレーズ | 牝5 | 小沢 | 56.0 | 51 | 3 | **54.6** | 上位厩舎(渡辺複勝22%) ／ [Cal]少頭数 ／ [Cal]継続騎乗 |
| ▲ | **4** | ドリーミングアップ | 牡5 | 荻野極 | 58.0 | 49 | 3 | **52.5** | [Cal]距離短縮(1600→1200) ／ [Cal]少頭数 |
| △ | **7** | アンバーニードル | 牡5 | 斎藤 | 58.0 | 40 | 3 | **43.1** | トップ厩舎(加藤征複勝30%) ／ [Cal]少頭数 ／ [Cal]継続騎乗 |

### 函館8R ダ1000m 3歳以上1勝クラス（12頭）・🌦小雨 馬場良
**★★★ 軸向き**　狙い: 函館ダ1000m

| 印 | 馬番 | 馬名 | 性齢 | 騎手 | 斤量 | 能力 | bias | 評価 | 根拠 |
|:--:|:--:|--|:--:|--|:--:|--:|--:|--:|--|
| ◎ | **4** | マインセーラ | 牝3 | 的場 | 53.0 | 58 | 12 | **75.1** | 軽斤量(53.0kg・基準56kg) ／ 複勝安定(80%) ／ 馬場適性(良ダートは前残り→先行) ／ [Cal]ダート |
| ○ | **11** | デアプリームス | 牝3 | 池添 | 53.0 | 52 | 11 | **66.9** | 軽斤量(53.0kg・基準56kg) ／ 上位騎手(池添複勝27%) ／ 複勝安定(67%) ／ [Cal]ダート |
| ▲ | **6** | ステラノヴァ | 牡4 | △舟山 | 56.0 | 40 | 14 | **53.9** | 上位騎手(舟山複勝24%) ／ 複勝安定(80%) ／ 馬場適性(良ダートは前残り→先行) ／ [Cal]ダート |
| △ | **9** | シャーンゴッセ | セ6 | ☆長浜 | 57.0 | 48 | 5 | **53.4** | [Cal]ダート ／ [Cal]距離短縮(1150→1000) ／ [Cal]減量騎手(☆) ／ [Cal]継続騎乗 |

### 函館9R 芝2000m 奥尻特別（11頭）・🌦小雨 馬場良
**★★★ 軸向き**　狙い: 函館芝2000m

| 印 | 馬番 | 馬名 | 性齢 | 騎手 | 斤量 | 能力 | bias | 評価 | 根拠 |
|:--:|:--:|--|:--:|--|:--:|--:|--:|--:|--|
| ◎ | **2** | ドウアドバンテージ | 牡5 | 浜中 | 58.0 | 53 | 10 | **66.5** | トップ騎手(浜中複勝30%) ／ 上位厩舎(四位複勝29%) ／ 複勝安定(60%) ／ [Cal]9R(好成績帯) |
| ○ | **6** | ウェイクフィールド | 牡3 | 横山和 | 55.0 | 44 | 4 | **48.0** | 軽斤量(55.0kg・基準58kg) ／ 上位厩舎(嘉藤複勝24%) ／ [Cal]9R(好成績帯) ／ [Cal]継続騎乗 |
| ▲ | **1** | マカナアネラ | 牡3 | 松本 | 55.0 | 42 | 4 | **46.4** | 軽斤量(55.0kg・基準58kg) ／ 上位厩舎(角田複勝26%) ／ [Cal]9R(好成績帯) ／ [Cal]1枠 |
| △ | **10** | カムアップローゼス | 牡3 | 鮫島駿 | 55.0 | 42 | 4 | **45.7** | 軽斤量(55.0kg・基準58kg) ／ 上位騎手(鮫島駿複勝24%) ／ [Cal]距離短縮(2200→2000) ／ [Cal]9R(好成績帯) |

### ⭐ 函館10R 芝1800m 松前特別（16頭）・🌦小雨 馬場良
**★ 混戦**　狙い: 函館芝1800m

| 印 | 馬番 | 馬名 | 性齢 | 騎手 | 斤量 | 能力 | bias | 評価 | 根拠 |
|:--:|:--:|--|:--:|--|:--:|--:|--:|--:|--|
| ◎ | **15** | ウインシャーガス | 牝4 | 鮫島駿 | 56.0 | 60 | 8 | **71.8** | 上位騎手(鮫島駿複勝24%) ／ トップ厩舎(杉山晴複勝31%) ／ 複勝安定(60%) ／ 上位クラス通用(5着以内) |
| ○ | **8** | フォルテフィオーレ | 牡5 | 丹内 | 58.0 | 60 | 7 | **70.0** | トップ厩舎(上原佑複勝32%) ／ 複勝安定(80%) ／ [Cal]継続騎乗 |
| ▲ | **7** | サタデーサンライズ | 牝4 | 北村友 | 56.0 | 57 | 8 | **68.0** | 上位騎手(北村友複勝26%) ／ 上位厩舎(石坂複勝26%) ／ 複勝安定(60%) ／ 上位クラス通用(5着以内) |
| △ | **3** | ハートメテオ | 牝4 | 富田 | 56.0 | 52 | 9 | **63.8** | 複勝安定(60%) ／ 上位クラス通用(5着以内) ／ [Cal]距離短縮(2000→1800) ／ [Cal]継続騎乗 |

### ⭐ 函館11R 芝1200m 函館スプリントS（13頭）・🌦小雨 馬場良
**★ 混戦**　狙い: 函館芝1200m

| 印 | 馬番 | 馬名 | 性齢 | 騎手 | 斤量 | 能力 | bias | 評価 | 根拠 |
|:--:|:--:|--|:--:|--|:--:|--:|--:|--:|--|
| ◎ | **12** | ルシード | 牡4 | 横山和 | 57.0 | 71 | 5 | **79.9** | 複勝安定(80%) ／ 上位クラス通用(5着以内) ／ [Cal]11R(穴薄) |
| ○ | **1** | モズナナスター | 牝4 | 鮫島駿 | 55.0 | 61 | 11 | **77.9** | 軽斤量(55.0kg・基準56kg) ／ 上位騎手(鮫島駿複勝24%) ／ 上位厩舎(矢作複勝27%) ／ 上がり最速級(32.8s) |
| ▲ | **3** | レイピア | 牡4 | 横山武 | 57.0 | 59 | 8 | **71.2** | トップ騎手(横山武複勝32%) ／ 上位厩舎(中竹複勝25%) ／ 複勝安定(60%) ／ 上位クラス通用(5着以内) |
| △ | **8** | ポッドベイダー | 牡4 | 荻野極 | 57.0 | 63 | 2 | **65.8** | トップ厩舎(上原佑複勝32%) ／ 上位クラス通用(5着以内) ／ [Cal]11R(穴薄) ／ [Cal]継続騎乗 |

### 函館12R ダ1700m 3歳以上1勝クラス（12頭）・🌦小雨 馬場良
**★★★ 軸向き**　狙い: 函館ダ1700m

| 印 | 馬番 | 馬名 | 性齢 | 騎手 | 斤量 | 能力 | bias | 評価 | 根拠 |
|:--:|:--:|--|:--:|--|:--:|--:|--:|--:|--|
| ◎ | **12** | シュヴァルノワール | 牡4 | 横山和 | 58.0 | 56 | 14 | **75.2** | 上位厩舎(嘉藤複勝24%) ／ 複勝安定(80%) ／ 馬場適性(良ダートは前残り→先行) ／ [Cal]ダート |
| ○ | **10** | ペトリコール | 牝3 | 斎藤 | 53.0 | 48 | 14 | **65.1** | 軽斤量(53.0kg・基準56kg) ／ トップ厩舎(上村複勝34%) ／ 複勝安定(67%) ／ 馬場適性(良ダートは前残り→先行) |
| ▲ | **5** | ロードアルディート | 牡4 | 浜中 | 58.0 | 46 | 7 | **54.6** | トップ騎手(浜中複勝30%) ／ トップ厩舎(武幸複勝30%) ／ [Cal]ダート ／ [Cal]距離短縮(1800→1700) |
| △ | **1** | レイサンソク | 牡3 | 佐々木 | 55.0 | 41 | 12 | **53.7** | 上位騎手(佐々木複勝24%) ／ 上位厩舎(吉村複勝25%) ／ 複勝安定(60%) ／ [Cal]ダート |

### 東京1R ダ1600m 3歳未勝利（16頭）・☀️晴 馬場重
**★ 混戦**　狙い: 外枠の馬がスピードに乗りやすく内枠は不利

| 印 | 馬番 | 馬名 | 性齢 | 騎手 | 斤量 | 能力 | bias | 評価 | 根拠 |
|:--:|:--:|--|:--:|--|:--:|--:|--:|--:|--|
| ◎ | **9** | ルージュアリスタ | 牝3 | 丸山 | 55.0 | 39 | 9 | **47.7** | トップ厩舎(宮田複勝32%) ／ 距離短縮(ダ2100→1600) ／ 馬場適性(重ダートは差し届く→差し) ／ [Cal]ダート |
| ○ | **15** | ホウオウロレンシア | 牝3 | ▲佐藤 | 52.0 | 34 | 13 | **44.5** | 軽斤量(52.0kg・基準56kg) ／ 外枠(15)有利 ／ 低勝率騎手(佐藤複勝6%) ／ 上位厩舎(高木複勝24%) |
| ▲💎 | **16** | トランセンコ | 牝3 | 木幡育 | 55.0 | 32 | 15 | **44.0** | 外枠(16)有利 ／ 距離短縮(ダ1800→1600) ／ 馬場適性(重ダートは差し届く→追込) ／ [Cal]ダート |
| △ | **6** | レヴェンドール | 牝3 | 野中 | 55.0 | 35 | 7 | **40.9** | 馬場適性(重ダートは差し届く→追込) ／ [Cal]ダート ／ [Cal]距離延長(1400→1600) ／ [Cal]継続騎乗 |

### 東京2R 芝2400m 3歳未勝利（18頭）・☀️晴 馬場稍
**★ 混戦**　狙い: 末脚が活きる王道コースのため実力重視

| 印 | 馬番 | 馬名 | 性齢 | 騎手 | 斤量 | 能力 | bias | 評価 | 根拠 |
|:--:|:--:|--|:--:|--|:--:|--:|--:|--:|--|
| ◎ | **17** | ゾネブルーム | 牡3 | 丸山 | 57.0 | 50 | 12 | **65.1** | 前走後方差し(通過12-12-8-6) ／ 前走馬券内該当(3着) ／ 複勝安定(67%) ／ [Cal]継続騎乗 |
| ○ | **6** | ヴァルカンテソーロ | 牡3 | 戸崎圭 | 57.0 | 49 | 10 | **61.2** | トップ騎手(戸崎圭複勝38%) ／ 上位厩舎(嘉藤複勝24%) ／ 前走後方差し(通過13-12-10) ／ 前走馬券内該当(3着) |
| ▲ | **16** | カルダモン | 牝3 | ルメール | 55.0 | 44 | 8 | **53.4** | トップ騎手(ルメール複勝50%) ／ 前走後方差し(通過7-7-6-3) ／ 上がり最速級(32.9s) ／ [Cal]距離延長(2000→2400) |
| △ | **12** | ウインターブレス | 牡3 | レーン | 57.0 | 43 | 9 | **52.9** | トップ騎手(レーン複勝50%) ／ 父ハービンジャー=注目血統(ハービンジャー) ／ 前走後方差し(通過10-11-9-7) ／ [Cal]距離延長(2000→2400) |

### 東京3R ダ1400m 3歳未勝利（16頭）・☀️晴 馬場重
**★ 混戦**　狙い: 差し有利が目立ち、馬場が湿ると特に届きやすい

| 印 | 馬番 | 馬名 | 性齢 | 騎手 | 斤量 | 能力 | bias | 評価 | 根拠 |
|:--:|:--:|--|:--:|--|:--:|--:|--:|--:|--|
| ◎ | **3** | ルナーファントム | 牡3 | 津村 | 55.0 | 54 | 6 | **61.8** | トップ厩舎(上原佑複勝32%) ／ 前走先行(通過3-5) ／ [Cal]ダート ／ [Cal]距離延長(1200→1400) |
| ○ | **13** | メリティス | 牝3 | 吉田豊 | 55.0 | 44 | 14 | **59.9** | 外枠(13)有利 ／ 上位騎手(吉田豊複勝22%) ／ 上位厩舎(嘉藤複勝24%) ／ 同距離同面ローテ(ダ1400→同) |
| ▲ | **15** | キリミツ | 牡3 | 石橋脩 | 57.0 | 44 | 11 | **56.0** | 外枠(15)有利 ／ 同距離同面ローテ(ダ1400→同) ／ 前走先行(通過3-4) ／ [Cal]ダート |
| △ | **8** | ミリオングローリー | 牡3 | ディー | 57.0 | 46 | 8 | **55.4** | 上位厩舎(蛯名正複勝29%) ／ 馬場適性(重ダートは差し届く→差し) ／ [Cal]ダート ／ [Cal]距離短縮(1800→1400) |

### 東京4R 障3110m 東京JS
_対象外（未登録コース: 東京障3110m）_

### 東京5R 芝1600m 2歳新馬（7頭）・☀️晴 馬場稍
**★ 混戦**　狙い: ペースが緩みにくく、バテない体力と末脚性能が必要

| 印 | 馬番 | 馬名 | 性齢 | 騎手 | 斤量 | 能力 | bias | 評価 | 根拠 |
|:--:|:--:|--|:--:|--|:--:|--:|--:|--:|--|
| ◎💎 | **6** | ユタライト | 牝2 | ルメール | 55.0 | — | 9 | **34.3** | 外枠(6)有利 ／ トップ騎手(ルメール複勝50%) ／ トップ厩舎(宮田複勝32%) ／ [Cal]少頭数 |
| ○💎 | **5** | ジーティーキャリー | 牝2 | 戸崎圭 | 55.0 | — | 8 | **33.6** | 外枠(5)有利 ／ トップ騎手(戸崎圭複勝38%) ／ 母父キンシャサノキセキ=注目血統(サンデーサイレンス系(ディープ含む)) ／ [Cal]少頭数 |
| ▲💎 | **7** | ウスズミザクラ | 牝2 | 北村宏 | 55.0 | — | 8 | **33.6** | 外枠(7)有利 ／ 上位騎手(北村宏複勝25%) ／ 母父ルーラーシップ=注目血統(キングカメハメハ系(ロードカナロア)) ／ [Cal]少頭数 |
| △ | **1** | コスモハナミズキ | 牝2 | 木幡巧 | 55.0 | — | 5 | **31.5** | 父ウインブライト=注目血統(サンデーサイレンス系(ディープ含む)) ／ [Cal]少頭数 ／ [Cal]1枠 |

### 東京6R 芝1400m 2歳新馬（9頭）・☀️晴 馬場稍
**★ 混戦**　狙い: 他場1400mよりも末脚勝負になりやすい

| 印 | 馬番 | 馬名 | 性齢 | 騎手 | 斤量 | 能力 | bias | 評価 | 根拠 |
|:--:|:--:|--|:--:|--|:--:|--:|--:|--:|--|
| ◎💎 | **9** | スノーキャップ | 牡2 | 柴田大 | 55.0 | — | 8 | **33.6** | 外枠(9)有利 ／ 上位厩舎(嘉藤複勝24%) ／ [Cal]少頭数 ／ [Cal]6R(好成績帯) |
| ○💎 | **5** | エコロナイン | 牡2 | ルメール | 55.0 | — | 7 | **32.9** | トップ騎手(ルメール複勝50%) ／ トップ厩舎(加藤征複勝30%) ／ [Cal]少頭数 ／ [Cal]6R(好成績帯) |
| ▲💎 | **7** | ノルトハウゼン | 牡2 | 菊沢 | 55.0 | — | 7 | **32.9** | 外枠(7)有利 ／ 上位厩舎(菊沢複勝23%) ／ [Cal]少頭数 ／ [Cal]6R(好成績帯) |
| △ | **3** | フォーエバーブルー | 牝2 | ▲上里 | 52.0 | — | 6 | **32.2** | 軽斤量(52.0kg・基準56kg) ／ 父リアルスティール=注目血統(ディープインパクト系) ／ [Cal]減量騎手(▲) ／ [Cal]少頭数 |

### 東京7R ダ1600m 3歳未勝利（16頭）・☀️晴 馬場重
**★★ 有力**　狙い: 外枠の馬がスピードに乗りやすく内枠は不利

| 印 | 馬番 | 馬名 | 性齢 | 騎手 | 斤量 | 能力 | bias | 評価 | 根拠 |
|:--:|:--:|--|:--:|--|:--:|--:|--:|--:|--|
| ◎ | **10** | ハニージョー | 牡3 | レーン | 57.0 | 47 | 12 | **61.4** | トップ騎手(レーン複勝50%) ／ 上がり最速級(34.0s) ／ 複勝安定(67%) ／ [Cal]ダート |
| ○ | **3** | ロケットパンチ | セ3 | 武藤 | 57.0 | 43 | 10 | **54.2** | 母父ロードカナロア=注目血統(ロードカナロア) ／ 馬場適性(重ダートは差し届く→追込) ／ [Cal]ダート ／ [Cal]距離短縮(1700→1600) |
| ▲ | **11** | キタノドンカルロ | 牡3 | 柴田大 | 57.0 | 40 | 12 | **52.5** | 外枠(11)有利 ／ 同距離同面ローテ(ダ1600→同) ／ 馬場適性(重ダートは差し届く→差し) ／ [Cal]ダート |
| △ | **9** | ツインドライヴ | 牡3 | ▲石田 | 54.0 | 41 | 11 | **51.9** | 軽斤量(54.0kg・基準58kg) ／ 低勝率騎手(石田複勝9%) ／ 距離短縮(ダ1800→1600) ／ 馬場適性(重ダートは差し届く→差し) |

### 東京8R 芝1400m 3歳以上1勝クラス（18頭）・☀️晴 馬場稍
**★★★ 軸向き**　狙い: 他場1400mよりも末脚勝負になりやすい

| 印 | 馬番 | 馬名 | 性齢 | 騎手 | 斤量 | 能力 | bias | 評価 | 根拠 |
|:--:|:--:|--|:--:|--|:--:|--:|--:|--:|--|
| ◎ | **18** | ミスターマーボー | 牡3 | 菊沢 | 55.0 | 60 | 13 | **79.9** | 外枠(18)有利 ／ 同距離同面ローテ(芝1400→同) ／ 複勝安定(80%) ／ [Cal]大外枠 |
| ○ | **2** | ハッピーラッキー | 牡3 | 三浦 | 55.0 | 55 | 8 | **66.5** | 上位騎手(三浦複勝28%) ／ 複勝安定(60%) ／ [Cal]距離延長(1200→1400) ／ [Cal]1枠 |
| ▲ | **10** | タイキオーベロン | 牡4 | ▲石田 | 55.0 | 54 | 7 | **63.6** | 低勝率騎手(石田複勝9%) ／ 上位厩舎(高木複勝24%) ／ 複勝安定(60%) ／ [Cal]距離延長(1200→1400) |
| △ | **13** | トワニ | 牝3 | 横山典 | 53.0 | 45 | 9 | **55.2** | 外枠(13)有利 ／ トップ騎手(横山典複勝36%) ／ 上位厩舎(蛯名正複勝29%) ／ 同距離同面ローテ(芝1400→同) |

### 東京9R ダ2100m 日野特別（14頭）・☀️晴 馬場重
**★★★ 軸向き**　狙い: 良馬場時は内枠不利の傾向が強く出る

| 印 | 馬番 | 馬名 | 性齢 | 騎手 | 斤量 | 能力 | bias | 評価 | 根拠 |
|:--:|:--:|--|:--:|--|:--:|--:|--:|--:|--|
| ◎ | **9** | ビービーアジャイル | 牡3 | ルメール | 55.0 | 66 | 20 | **98.6** | 軽斤量(55.0kg・基準58kg) ／ トップ騎手(ルメール複勝50%) ／ 上位厩舎(中舘複勝23%) ／ 前走後方差し(通過12-12-7-8) |
| ○ | **10** | トレインザマインド | セ4 | 津村 | 58.0 | 60 | 19 | **89.2** | 外枠(10)有利 ／ 上位厩舎(中舘複勝23%) ／ 前走後方差し(通過6-6-6-4) ／ 複勝安定(80%) |
| ▲ | **14** | エイカイソウル | 牡5 | 戸崎圭 | 58.0 | 46 | 23 | **73.1** | 外枠(14)有利 ／ トップ騎手(戸崎圭複勝38%) ／ トップ厩舎(藤原複勝36%) ／ 父ホッコータルマエ=注目血統(キングカメハメハ系) |
| △ | **7** | インペリアルライン | セ7 | 木幡巧 | 58.0 | 48 | 15 | **66.5** | 上位厩舎(中舘複勝23%) ／ 父ドゥラメンテ=注目血統(キングカメハメハ系) ／ 前走後方差し(通過8-8-8-8) ／ 上位クラス通用(5着以内) |

### ⭐ 東京10R ダ1600m 夏至S（16頭）・☀️晴 馬場重
**★★ 有力**　狙い: 外枠の馬がスピードに乗りやすく内枠は不利

| 印 | 馬番 | 馬名 | 性齢 | 騎手 | 斤量 | 能力 | bias | 評価 | 根拠 |
|:--:|:--:|--|:--:|--|:--:|--:|--:|--:|--|
| ◎ | **7** | キョウエイフロイデ | 牝5 | 三浦 | 56.0 | 73 | 15 | **100.5** | 上位騎手(三浦複勝28%) ／ 同距離同面ローテ(ダ1600→同) ／ 複勝安定(100%) ／ 上位クラス通用(5着以内) |
| ○ | **8** | ルヴァレドクール | セ4 | ディー | 58.0 | 71 | 13 | **93.8** | 上位厩舎(田村複勝24%) ／ 母父ヨハネスブルグ=注目血統(ヘニーヒューズ系) ／ 同距離同面ローテ(ダ1600→同) ／ 複勝安定(100%) |
| ▲ | **4** | ヴァンドーム | 牡5 | 大野 | 58.0 | 63 | 19 | **92.3** | 上位厩舎(安田複勝29%) ／ 父ロードカナロア=注目血統(ロードカナロア) ／ 同距離同面ローテ(ダ1600→同) ／ 複勝安定(60%) |
| △ | **10** | ルグランヴァン | 牡4 | 原 | 58.0 | 56 | 17 | **79.7** | 上位厩舎(高木複勝24%) ／ 距離短縮(ダ1800→1600) ／ 複勝安定(60%) ／ 上位クラス通用(5着以内) |

### ⭐ 東京11R 芝1800m ジューンS（13頭）・☀️晴 馬場稍
**★★★ 軸向き**　狙い: 息が入りやすいため、後半の上がり性能が重要

| 印 | 馬番 | 馬名 | 性齢 | 騎手 | 斤量 | 能力 | bias | 評価 | 根拠 |
|:--:|:--:|--|:--:|--|:--:|--:|--:|--:|--|
| ◎ | **9** | ダノンエアズロック | 牡5 | レーン | 57.0 | 67 | 11 | **85.9** | トップ騎手(レーン複勝50%) ／ トップ厩舎(堀複勝37%) ／ 前走先行(通過2-3-3) ／ 上位クラス通用(5着以内) |
| ○ | **7** | コントラポスト | セ6 | 津村 | 58.0 | 63 | 9 | **77.2** | 上位厩舎(菊沢複勝23%) ／ 父ルーラーシップ=注目血統(キングカメハメハ系) ／ 複勝安定(60%) ／ 上位クラス通用(5着以内) |
| ▲ | **3** | カネラフィーナ | 牝4 | ルメール | 56.0 | 58 | 8 | **69.7** | トップ騎手(ルメール複勝50%) ／ 上位厩舎(手塚久複勝28%) ／ 複勝安定(60%) ／ 上位クラス通用(5着以内) |
| △ | **11** | トーセンリョウ | 牡7 | ゴンサルベ | 57.0 | 56 | 8 | **67.4** | トップ厩舎(加藤征複勝30%) ／ 複勝安定(60%) ／ 上位クラス通用(5着以内) ／ [Cal]距離短縮(2000→1800) |

### 東京12R ダ1400m 3歳以上1勝クラス（16頭）・☀️晴 馬場重
**★★★ 軸向き**　狙い: 差し有利が目立ち、馬場が湿ると特に届きやすい

| 印 | 馬番 | 馬名 | 性齢 | 騎手 | 斤量 | 能力 | bias | 評価 | 根拠 |
|:--:|:--:|--|:--:|--|:--:|--:|--:|--:|--|
| ◎ | **13** | エジプシャンマウ | 牝3 | 戸崎圭 | 53.0 | 66 | 24 | **105.6** | 外枠(13)有利 ／ トップ騎手(戸崎圭複勝38%) ／ 上位厩舎(武井複勝25%) ／ 母父マジェスティックウォリアー=注目血統(マジェスティックウォリアー) |
| ○ | **3** | ラインジーク | 牡3 | 横山典 | 55.0 | 62 | 19 | **91.2** | トップ騎手(横山典複勝36%) ／ 父シニスターミニスター=注目血統(シニスターミニスター) ／ 同距離同面ローテ(ダ1400→同) ／ 複勝安定(100%) |
| ▲ | **1** | ドルンレースツェン | 牝4 | 野中 | 56.0 | 66 | 14 | **89.1** | 複勝安定(100%) ／ 馬場適性(重ダートは差し届く→差し) ／ [Cal]ダート ／ [Cal]距離延長(1200→1400) |
| △ | **11** | アヴァランチ | 牡3 | 三浦 | 55.0 | 52 | 25 | **84.3** | 外枠(11)有利 ／ 上位騎手(三浦複勝28%) ／ 上位厩舎(加藤士複勝24%) ／ 父マジェスティックウォリアー=注目血統(マジェスティックウォリアー) |

### 阪神1R ダ1200m 3歳未勝利（16頭）・☀️晴 馬場良
**★★★ 軸向き**　狙い: 阪神ダ1200m

| 印 | 馬番 | 馬名 | 性齢 | 騎手 | 斤量 | 能力 | bias | 評価 | 根拠 |
|:--:|:--:|--|:--:|--|:--:|--:|--:|--:|--|
| ◎ | **3** | ジュディーイメル | 牝3 | 武豊 | 55.0 | 53 | 9 | **64.8** | トップ騎手(武豊複勝43%) ／ 上位厩舎(武英複勝26%) ／ 複勝安定(60%) ／ [Cal]ダート |
| ○ | **15** | エイユーサクラ | 牝3 | 秋山稔 | 55.0 | 44 | 8 | **53.4** | 馬場適性(良ダートは前残り→逃げ) ／ [Cal]ダート ／ [Cal]距離短縮(1400→1200) ／ [Cal]継続騎乗 |
| ▲ | **5** | プレデンシア | 牝3 | 菱田 | 55.0 | 50 | 2 | **52.5** | 上位厩舎(中尾複勝24%) ／ [Cal]ダート |
| △ | **11** | メリオルヴィア | 牝3 | 西塚 | 55.0 | 41 | 7 | **47.9** | トップ厩舎(辻野複勝30%) ／ 馬場適性(良ダートは前残り→先行) ／ [Cal]ダート ／ [Cal]継続騎乗 |

### 阪神2R ダ2000m 3歳未勝利（16頭）・☀️晴 馬場良
**★★★ 軸向き**　狙い: 阪神ダ2000m

| 印 | 馬番 | 馬名 | 性齢 | 騎手 | 斤量 | 能力 | bias | 評価 | 根拠 |
|:--:|:--:|--|:--:|--|:--:|--:|--:|--:|--|
| ◎ | **12** | ラヴィアンコール | 牡3 | 菱田 | 57.0 | 56 | 9 | **68.4** | トップ厩舎(辻野複勝30%) ／ 複勝安定(100%) ／ [Cal]ダート ／ [Cal]距離延長(1900→2000) |
| ○ | **16** | マテンロウアワー | 牡3 | 坂井 | 57.0 | 46 | 6 | **53.4** | 上位騎手(坂井複勝30%) ／ 上位厩舎(福永複勝37%) ／ [Cal]ダート ／ [Cal]距離延長(1800→2000) |
| ▲ | **6** | ピエナオルカ | 牡3 | 幸 | 57.0 | 49 | 3 | **52.6** | 上位騎手(幸複勝23%) ／ [Cal]ダート ／ [Cal]距離延長(1800→2000) |
| △ | **10** | メイショウジンライ | 牡3 | 岩田望 | 57.0 | 47 | 3 | **51.0** | 上位厩舎(高橋亮複勝24%) ／ [Cal]ダート ／ [Cal]距離延長(1900→2000) |

### 阪神3R 芝1600m 3歳未勝利（18頭）・☀️晴 馬場良
**★★ 有力**　狙い: 阪神芝1600m

| 印 | 馬番 | 馬名 | 性齢 | 騎手 | 斤量 | 能力 | bias | 評価 | 根拠 |
|:--:|:--:|--|:--:|--|:--:|--:|--:|--:|--|
| ◎ | **5** | ララディアーブル | 牡3 | 武豊 | 57.0 | 55 | 8 | **65.9** | トップ騎手(武豊複勝43%) ／ 複勝安定(67%) ／ [Cal]距離延長(1400→1600) |
| ○ | **8** | ブランチアウト | 牡3 | 太宰 | 57.0 | 51 | 7 | **60.4** | 上位厩舎(昆複勝27%) ／ 複勝安定(60%) ／ [Cal]継続騎乗 |
| ▲ | **1** | ホワイトフレイムス | 牡3 | 松山 | 57.0 | 48 | 3 | **51.4** | 上位騎手(松山複勝28%) ／ トップ厩舎(吉岡複勝31%) ／ [Cal]1枠 |
| △ | **14** | カステッロトゥーレ | 牝3 | △田山 | 53.0 | 44 | 2 | **46.4** | [Cal]減量騎手(△) ／ [Cal]継続騎乗 |

### 阪神4R 芝1800m 3歳未勝利（16頭）・☀️晴 馬場良
**★ 混戦**　狙い: 阪神芝1800m

| 印 | 馬番 | 馬名 | 性齢 | 騎手 | 斤量 | 能力 | bias | 評価 | 根拠 |
|:--:|:--:|--|:--:|--|:--:|--:|--:|--:|--|
| ◎ | **8** | レッドブライトン | 牡3 | 西村淳 | 57.0 | 44 | 3 | **47.3** | 上位騎手(西村淳複勝27%) ／ 上位厩舎(奥村豊複勝24%) ／ [Cal]継続騎乗 |
| ○ | **7** | ラパンドール | 牡3 | 松山 | 57.0 | 42 | 3 | **45.5** | 上位騎手(松山複勝28%) ／ トップ厩舎(藤原複勝36%) ／ [Cal]継続騎乗 |
| ▲ | **13** | タイムレスフレアー | 牡3 | 岩田望 | 57.0 | 43 | 2 | **44.7** | 上位厩舎(橋口複勝27%) ／ [Cal]距離延長(1600→1800) |
| △ | **14** | スタークラウン | 牡3 | 吉村 | 57.0 | 39 | 3 | **41.9** | トップ厩舎(池江複勝36%) ／ [Cal]距離延長(1600→1800) ／ [Cal]継続騎乗 |

### 阪神5R 芝1200m 2歳新馬（11頭）・☀️晴 馬場良
**★ 混戦**　狙い: 阪神芝1200m

| 印 | 馬番 | 馬名 | 性齢 | 騎手 | 斤量 | 能力 | bias | 評価 | 根拠 |
|:--:|:--:|--|:--:|--|:--:|--:|--:|--:|--|
| ◎ | **2** | メアグローリア | 牝2 | 川田 | 55.0 | — | 4 | **30.8** | トップ騎手(川田複勝41%) ／ 上位厩舎(斉藤崇複勝29%) |
| ○ | **10** | ナポリ | 牝2 | Ｍデムーロ | 55.0 | — | 4 | **30.8** | トップ騎手(Ｍデムーロ複勝39%) ／ 上位厩舎(井上複勝24%) |
| ▲ | **4** | アセンシオン | 牡2 | 坂井 | 55.0 | — | 3 | **30.1** | 上位騎手(坂井複勝30%) ／ 上位厩舎(角田複勝26%) |
| △ | **11** | アイファーラピッド | 牝2 | 武豊 | 55.0 | — | 3 | **30.1** | トップ騎手(武豊複勝43%) ／ [Cal]大外枠 |

### 阪神6R ダ1400m 2歳新馬（13頭）・☀️晴 馬場良
**★ 混戦**　狙い: 阪神ダ1400m

| 印 | 馬番 | 馬名 | 性齢 | 騎手 | 斤量 | 能力 | bias | 評価 | 根拠 |
|:--:|:--:|--|:--:|--|:--:|--:|--:|--:|--|
| ◎💎 | **6** | ルガルデ | 牡2 | 武豊 | 55.0 | — | 6 | **32.2** | トップ騎手(武豊複勝43%) ／ 上位厩舎(中竹複勝25%) ／ [Cal]ダート ／ [Cal]6R(好成績帯) |
| ○ | **4** | タマコイファルコン | 牡2 | △田山 | 53.0 | — | 5 | **31.5** | 軽斤量(53.0kg・基準58kg) ／ 上位厩舎(小栗複勝24%) ／ [Cal]ダート ／ [Cal]減量騎手(△) |
| ▲ | **8** | ヴィルダースヴィル | 牡2 | 坂井 | 55.0 | — | 5 | **31.5** | 上位騎手(坂井複勝30%) ／ 上位厩舎(新谷複勝22%) ／ [Cal]ダート ／ [Cal]6R(好成績帯) |
| △ | **11** | ディーヴァレギオン | 牡2 | 松山 | 55.0 | — | 5 | **31.5** | 上位騎手(松山複勝28%) ／ 上位厩舎(斎藤誠複勝25%) ／ [Cal]ダート ／ [Cal]6R(好成績帯) |

### 阪神7R ダ1800m 3歳以上1勝クラス（16頭）・☀️晴 馬場良
**★ 混戦**　狙い: 阪神ダ1800m

| 印 | 馬番 | 馬名 | 性齢 | 騎手 | 斤量 | 能力 | bias | 評価 | 根拠 |
|:--:|:--:|--|:--:|--|:--:|--:|--:|--:|--|
| ◎ | **12** | フィサブロス | 牡3 | △田山 | 53.0 | 58 | 15 | **79.6** | 軽斤量(53.0kg・基準58kg) ／ 上位厩舎(橋口複勝27%) ／ 複勝安定(80%) ／ 馬場適性(良ダートは前残り→先行) |
| ○ | **2** | ジュンドラドラ | 牡3 | 吉村 | 55.0 | 61 | 12 | **79.2** | 上位厩舎(清水久複勝23%) ／ 複勝安定(80%) ／ 馬場適性(良ダートは前残り→逃げ) ／ [Cal]ダート |
| ▲ | **3** | フランキーバローズ | 牡4 | 岩田望 | 58.0 | 65 | 7 | **76.7** | トップ厩舎(池江複勝36%) ／ 複勝安定(100%) ／ [Cal]ダート |
| △ | **9** | システマソラー | 牡3 | 川田 | 55.0 | 61 | 8 | **73.4** | トップ騎手(川田複勝41%) ／ 複勝安定(80%) ／ [Cal]ダート |

### 阪神8R 芝1600m 3歳以上1勝クラス（15頭）・☀️晴 馬場良
**★★★ 軸向き**　狙い: 阪神芝1600m

| 印 | 馬番 | 馬名 | 性齢 | 騎手 | 斤量 | 能力 | bias | 評価 | 根拠 |
|:--:|:--:|--|:--:|--|:--:|--:|--:|--:|--|
| ◎ | **14** | サッポロイクコ | 牝3 | 岩田望 | 53.0 | 63 | 7 | **74.0** | 上位厩舎(加藤士複勝24%) ／ 複勝安定(100%) ／ [Cal]昇級(未勝利→今走) |
| ○ | **7** | シャンパンライフ | 牝4 | 松山 | 56.0 | 55 | 8 | **65.5** | 上位騎手(松山複勝28%) ／ 上位厩舎(四位複勝29%) ／ 複勝安定(60%) ／ 上位クラス通用(5着以内) |
| ▲ | **6** | アイニードユー | 牝3 | 川田 | 53.0 | 54 | 5 | **60.9** | トップ騎手(川田複勝41%) ／ 上位厩舎(吉村複勝25%) ／ 上位クラス通用(5着以内) ／ [Cal]継続騎乗 |
| △ | **1** | グランドオーパス | 牝3 | 坂井 | 53.0 | 50 | 5 | **56.8** | 上位騎手(坂井複勝30%) ／ 上位厩舎(橋口複勝27%) ／ [Cal]距離短縮(1800→1600) ／ [Cal]1枠 |

### 阪神9R 芝2200m 三田特別（9頭）・☀️晴 馬場良
**★ 混戦**　狙い: 阪神芝2200m

| 印 | 馬番 | 馬名 | 性齢 | 騎手 | 斤量 | 能力 | bias | 評価 | 根拠 |
|:--:|:--:|--|:--:|--|:--:|--:|--:|--:|--|
| ◎ | **3** | ブレットパス | 牡3 | 川田 | 54.0 | 67 | 13 | **88.2** | 軽斤量(54.0kg・基準58kg) ／ トップ騎手(川田複勝41%) ／ トップ厩舎(中内田複勝40%) ／ 上がり最速級(33.6s) |
| ○ | **9** | アスクコモンタレヴ | 牡4 | 武豊 | 58.0 | 65 | 12 | **84.4** | トップ騎手(武豊複勝43%) ／ 複勝安定(80%) ／ 上位クラス通用(5着以内) ／ [Cal]少頭数 |
| ▲ | **5** | ノチェセラーダ | 牡3 | 西村淳 | 54.0 | 54 | 11 | **69.0** | 軽斤量(54.0kg・基準58kg) ／ 上位騎手(西村淳複勝27%) ／ 複勝安定(60%) ／ 上位クラス通用(5着以内) |
| △ | **4** | メディテラニアン | 牡4 | 岩田望 | 58.0 | 52 | 11 | **65.7** | トップ厩舎(池江複勝36%) ／ 複勝安定(60%) ／ 上位クラス通用(5着以内) ／ [Cal]距離延長(2000→2200) |

### ⭐ 阪神10R ダ1200m 安芸特別（16頭）・☀️晴 馬場良
**★★★ 軸向き**　狙い: 阪神ダ1200m

| 印 | 馬番 | 馬名 | 性齢 | 騎手 | 斤量 | 能力 | bias | 評価 | 根拠 |
|:--:|:--:|--|:--:|--|:--:|--:|--:|--:|--|
| ◎ | **13** | テーオーグレーザー | 牡3 | 高杉 | 55.0 | 58 | 16 | **80.6** | 上位騎手(高杉複勝25%) ／ 上位厩舎(藤岡健複勝28%) ／ 複勝安定(80%) ／ 上位クラス通用(5着以内) |
| ○ | **15** | サンマルノヴェル | 牡4 | 田口 | 58.0 | 59 | 7 | **69.4** | 複勝安定(80%) ／ [Cal]ダート ／ [Cal]継続騎乗 |
| ▲ | **16** | ソウルオンファイア | 牝3 | 岩田望 | 53.0 | 51 | 14 | **68.6** | 軽斤量(53.0kg・基準56kg) ／ 上位厩舎(野中複勝26%) ／ 複勝安定(60%) ／ 馬場適性(良ダートは前残り→先行) |
| △ | **9** | ミキノバカラ | 牡4 | 西塚 | 58.0 | 57 | 7 | **66.5** | 複勝安定(60%) ／ [Cal]ダート ／ [Cal]距離延長(1000→1200) |

### ⭐ 阪神11R ダ1800m 三宮S（16頭）・☀️晴 馬場良
**★★★ 軸向き**　狙い: 阪神ダ1800m

| 印 | 馬番 | 馬名 | 性齢 | 騎手 | 斤量 | 能力 | bias | 評価 | 根拠 |
|:--:|:--:|--|:--:|--|:--:|--:|--:|--:|--|
| ◎ | **16** | ゴールデンクラウド | 牡4 | 西村淳 | 56.0 | 76 | 18 | **110.6** | 上位騎手(西村淳複勝27%) ／ 上位厩舎(小林複勝22%) ／ 上がり最速級(35.4s) ／ 複勝安定(100%) |
| ○ | **9** | グランドプラージュ | 牡4 | 川田 | 56.5 | 79 | 11 | **101.0** | トップ騎手(川田複勝41%) ／ トップ厩舎(杉山晴複勝31%) ／ 上がり最速級(35.4s) ／ 複勝安定(100%) |
| ▲ | **7** | モックモック | 牡6 | 武豊 | 57.0 | 74 | 10 | **92.4** | トップ騎手(武豊複勝43%) ／ 上位厩舎(寺島複勝25%) ／ 複勝安定(100%) ／ 上位クラス通用(5着以内) |
| △ | **4** | クインズショコラ | 牝4 | 田山 | 53.0 | 64 | 8 | **77.0** | 上位厩舎(新谷複勝22%) ／ 複勝安定(60%) ／ 上位クラス通用(5着以内) ／ [Cal]ダート |

### 阪神12R 芝1200m 3歳以上1勝クラス（14頭）・☀️晴 馬場良
**★ 混戦**　狙い: 阪神芝1200m

| 印 | 馬番 | 馬名 | 性齢 | 騎手 | 斤量 | 能力 | bias | 評価 | 根拠 |
|:--:|:--:|--|:--:|--|:--:|--:|--:|--:|--|
| ◎ | **1** | ペンテリコン | 牝4 | ▲森田 | 53.0 | 43 | 4 | **47.5** | 軽斤量(53.0kg・基準56kg) ／ トップ厩舎(武幸複勝30%) ／ [Cal]減量騎手(▲) ／ [Cal]12R(好成績帯) |
| ○ | **12** | フィオラーノ | 牡3 | 角田和 | 55.0 | 44 | 1 | **45.3** | [Cal]12R(好成績帯) |
| ▲ | **3** | ブライトアゲイン | 牝5 | 松山 | 56.0 | 41 | 2 | **43.3** | 上位騎手(松山複勝28%) ／ [Cal]12R(好成績帯) |
| △ | **10** | マイケルバローズ | 牡3 | 川田 | 55.0 | 38 | 5 | **42.5** | トップ騎手(川田複勝41%) ／ トップ厩舎(上村複勝34%) ／ [Cal]12R(好成績帯) ／ [Cal]継続騎乗 |

---
_馬券は自己責任で。本表は分析の共有であり購入を推奨するものではありません。_

# HTML: /Users/kubota/Desktop/bias/docs/predict_20260613.html
[2026-06-13 08:12:38]   OK
