[2026-06-07 16:47:35] === REVIEW 20260607 ===
[2026-06-07 16:47:36] RUN: python3 scripts/fetch_results.py 20260607
/Users/kubota/Library/Python/3.9/lib/python/site-packages/urllib3/__init__.py:35: NotOpenSSLWarning: urllib3 v2 only supports OpenSSL 1.1.1+, currently the 'ssl' module is compiled with 'LibreSSL 2.8.3'. See: https://github.com/urllib3/urllib3/issues/3020
  warnings.warn(
  東京 1R 着順入手: 16頭
  東京 2R 着順入手: 16頭
  東京 3R 着順入手: 16頭
  東京 4R 着順入手: 18頭
  東京 5R 着順入手: 10頭
  東京 6R 着順入手: 16頭
  東京 7R 着順入手: 15頭
  東京 8R 着順入手: 17頭
  東京 9R 着順入手: 8頭
  東京10R 着順入手: 16頭
  東京11R 着順入手: 17頭
  東京12R 着順入手: 16頭
  阪神 1R 着順入手: 14頭
  阪神 2R 着順入手: 15頭
  阪神 3R 着順入手: 16頭
  阪神 4R 着順入手: 16頭
  阪神 5R 着順入手: 11頭
  阪神 6R 着順入手: 16頭
  阪神 7R 着順入手: 16頭
  阪神 8R 着順入手: 18頭
  阪神 9R 着順入手: 16頭
  阪神10R 着順入手: 9頭
  阪神11R 着順入手: 16頭
  阪神12R 着順入手: 12頭
saved: results_20260607.json
[2026-06-07 16:47:51]   OK
[2026-06-07 16:47:51] RUN: python3 scripts/evaluate.py 20260607
# 答え合わせ 20260607（対象 23レース）

## 集計（◎単勝率 / トップ3内に複勝該当馬がいた率 / トップ3各馬の的中率）
| 手法 | 単勝率(◎=1着) | 複勝率(◎▲△に3着内) | 上位3頭内的中率 |
|--|--:|--:|--:|
| 能力スコアのみ | 22% (5/23) | 91% (21/23) | 45% (31/69) |
| バイアスのみ | 9% (2/23) | 96% (22/23) | 45% (31/69) |
| 能力×バイアス(現行) | 22% (5/23) | 87% (20/23) | 46% (32/69) |

## レース別本命比較
| レース | 1着実馬 | 能力◎ | バイアス◎ | 現行◎ |
|--|--|--|--|--|
| 東京1R 3歳未勝利 | 11番 テンハートビート | ◎5 | ◎14 | ◎11✓ |
| 東京2R 3歳未勝利 | 8番 インナーパッション | ◎11 | ◎11 | ◎11 |
| 東京3R 3歳未勝利 | 13番 シンギュラリティ | ◎7 | ◎16 | ◎7 |
| 東京4R 3歳未勝利 | 3番 コーディアリー | ◎16 | ◎16 | ◎16 |
| 東京5R 2歳新馬 | 2番 ジョドレルバンク | ◎7 | ◎7 | ◎7 |
| 東京6R 3歳未勝利 | 10番 フィールマイプラン | ◎4 | ◎11 | ◎4 |
| 東京7R 3歳以上1勝クラス | 9番 フォースミラクル | ◎14 | ◎14 | ◎14 |
| 東京8R 3歳以上1勝クラス | 16番 ソニックライン | ◎2 | ◎12 | ◎2 |
| 東京9R 香港ジョッキークラブT | 6番 ゴーラッキー | ◎8 | ◎8 | ◎8 |
| 東京10R 八王子特別 | 6番 ポッドベル | ◎10 | ◎16 | ◎10 |
| 東京11R 安田記念 | 4番 シックスペンス | ◎11 | ◎17 | ◎17 |
| 東京12R 小金井特別 | 10番 マクリール | ◎10✓ | ◎16 | ◎16 |
| 阪神2R 3歳未勝利 | 10番 サリエンテ | ◎10✓ | ◎12 | ◎10✓ |
| 阪神3R 3歳未勝利 | 2番 ロードヴェリタス | ◎6 | ◎6 | ◎6 |
| 阪神4R 3歳未勝利 | 8番 ゼルダ | ◎3 | ◎1 | ◎3 |
| 阪神5R 2歳新馬 | 5番 ビスケットサンド | ◎5✓ | ◎5✓ | ◎5✓ |
| 阪神6R 3歳未勝利 | 4番 エースフライト | ◎15 | ◎5 | ◎5 |
| 阪神7R 3歳以上1勝クラス | 8番 ケイツーリーブル | ◎15 | ◎11 | ◎11 |
| 阪神8R 3歳以上1勝クラス | 14番 ワンコールアウェイ | ◎14✓ | ◎14✓ | ◎14✓ |
| 阪神9R 洲本特別 | 4番 リサシテーション | ◎6 | ◎2 | ◎8 |
| 阪神10R 三木特別 | 1番 ウインリベラシオン | ◎5 | ◎5 | ◎5 |
| 阪神11R 水無月S | 6番 アンズアメ | ◎6✓ | ◎3 | ◎6✓ |
| 阪神12R 3歳以上1勝クラス | 3番 チェリヴェント | ◎8 | ◎8 | ◎8 |
[2026-06-07 16:47:51]   OK
appended: ## 2026-06-07(日)  v0.9 weekly run
[2026-06-07 16:47:51] git commit: weekly: 20260607 振り返り
To https://github.com/shinkubota/keiba-bias.git
   ba45eff..f065d88  main -> main
[2026-06-07 16:47:54] DONE
