[2026-06-13 19:07:54] === REVIEW 20260613 ===
[2026-06-13 19:07:54] RUN: python3 scripts/fetch_results.py 20260613
/Users/kubota/Library/Python/3.9/lib/python/site-packages/urllib3/__init__.py:35: NotOpenSSLWarning: urllib3 v2 only supports OpenSSL 1.1.1+, currently the 'ssl' module is compiled with 'LibreSSL 2.8.3'. See: https://github.com/urllib3/urllib3/issues/3020
  warnings.warn(
  函館 1R 着順入手: 15頭
  函館 2R 着順入手: 14頭
  函館 3R 着順入手: 12頭
  函館 4R 着順入手: 15頭
  函館 5R 着順入手: 12頭
  函館 6R 着順入手: 12頭
  函館 7R 着順入手: 8頭
  函館 8R 着順入手: 12頭
  函館 9R 着順入手: 11頭
  函館10R 着順入手: 16頭
  函館11R 着順入手: 12頭
  函館12R 着順入手: 12頭
  東京 1R 着順入手: 16頭
  東京 2R 着順入手: 18頭
  東京 3R 着順入手: 16頭
  東京 4R 着順入手: 10頭
  東京 5R 着順入手: 7頭
  東京 6R 着順入手: 9頭
  東京 7R 着順入手: 16頭
  東京 8R 着順入手: 18頭
  東京 9R 着順入手: 14頭
  東京10R 着順入手: 16頭
  東京11R 着順入手: 13頭
  東京12R 着順入手: 16頭
  阪神 1R 着順入手: 16頭
  阪神 2R 着順入手: 16頭
  阪神 3R 着順入手: 18頭
  阪神 4R 着順入手: 16頭
  阪神 5R 着順入手: 11頭
  阪神 6R 着順入手: 13頭
  阪神 7R 着順入手: 16頭
  阪神 8R 着順入手: 15頭
  阪神 9R 着順入手: 9頭
  阪神10R 着順入手: 16頭
  阪神11R 着順入手: 16頭
  阪神12R 着順入手: 14頭
saved: results_20260613.json
[2026-06-13 19:08:24]   OK
[2026-06-13 19:08:24] RUN: python3 scripts/evaluate.py 20260613
# 答え合わせ 20260613（対象 35レース）

## 集計（◎単勝率 / トップ3内に複勝該当馬がいた率 / トップ3各馬の的中率）
| 手法 | 単勝率(◎=1着) | 複勝率(◎▲△に3着内) | 上位3頭内的中率 |
|--|--:|--:|--:|
| 能力スコアのみ | 9% (3/35) | 89% (31/35) | 42% (44/105) |
| バイアスのみ | 11% (4/35) | 71% (25/35) | 33% (35/105) |
| 能力×バイアス(現行) | 6% (2/35) | 86% (30/35) | 40% (42/105) |

## レース別本命比較
| レース | 1着実馬 | 能力◎ | バイアス◎ | 現行◎ |
|--|--|--|--|--|
| 函館1R 3歳未勝利 | 10番 ディーズメンフィス | ◎5 | ◎15 | ◎5 |
| 函館2R 3歳未勝利 | 7番 ビーチイン | ◎7✓ | ◎4 | ◎2 |
| 函館3R 3歳未勝利 | 6番 クロナ | ◎9 | ◎6✓ | ◎9 |
| 函館4R 3歳未勝利 | 6番 クオンタムスター | ◎7 | ◎7 | ◎7 |
| 函館5R 2歳新馬 | 1番 ダイメイビッグボス | ◎1✓ | ◎1✓ | ◎1✓ |
| 函館6R 3歳未勝利 | 2番 オンザムービー | ◎10 | ◎10 | ◎10 |
| 函館7R 3歳以上1勝クラス | 2番 ホワイトドラゴン | ◎3 | ◎6 | ◎6 |
| 函館8R 3歳以上1勝クラス | 11番 デアプリームス | ◎4 | ◎6 | ◎4 |
| 函館9R 奥尻特別 | 6番 ウェイクフィールド | ◎2 | ◎2 | ◎2 |
| 函館10R 松前特別 | 4番 カテリーナ | ◎15 | ◎3 | ◎15 |
| 函館11R 函館スプリントS | 7番 ピューロマジック | ◎12 | ◎1 | ◎12 |
| 函館12R 3歳以上1勝クラス | 9番 ハヤブサオヒメサマ | ◎12 | ◎12 | ◎12 |
| 東京1R 3歳未勝利 | 5番 ストーリーオブラブ | ◎9 | ◎16 | ◎9 |
| 東京2R 3歳未勝利 | 12番 ウインターブレス | ◎17 | ◎17 | ◎17 |
| 東京3R 3歳未勝利 | 15番 キリミツ | ◎3 | ◎16 | ◎3 |
| 東京5R 2歳新馬 | 2番 シャンデヴァーグ | ◎6 | ◎6 | ◎6 |
| 東京6R 2歳新馬 | 6番 デミアン | ◎9 | ◎9 | ◎9 |
| 東京7R 3歳未勝利 | 3番 ロケットパンチ | ◎10 | ◎14 | ◎10 |
| 東京8R 3歳以上1勝クラス | 1番 インプロペリア | ◎18 | ◎1✓ | ◎18 |
| 東京9R 日野特別 | 7番 インペリアルライン | ◎9 | ◎14 | ◎9 |
| 東京10R 夏至S | 8番 ルヴァレドクール | ◎7 | ◎4 | ◎7 |
| 東京11R ジューンS | 3番 カネラフィーナ | ◎9 | ◎9 | ◎9 |
| 東京12R 3歳以上1勝クラス | 3番 ラインジーク | ◎13 | ◎11 | ◎13 |
| 阪神1R 3歳未勝利 | 15番 エイユーサクラ | ◎3 | ◎3 | ◎3 |
| 阪神2R 3歳未勝利 | 10番 メイショウジンライ | ◎12 | ◎12 | ◎12 |
| 阪神3R 3歳未勝利 | 10番 フェルギナス | ◎5 | ◎5 | ◎5 |
| 阪神4R 3歳未勝利 | 7番 ラパンドール | ◎8 | ◎1 | ◎8 |
| 阪神5R 2歳新馬 | 6番 ロンドンガーズ | ◎2 | ◎2 | ◎2 |
| 阪神6R 2歳新馬 | 1番 クロリス | ◎6 | ◎6 | ◎6 |
| 阪神7R 3歳以上1勝クラス | 5番 ダンツシタン | ◎3 | ◎14 | ◎12 |
| 阪神8R 3歳以上1勝クラス | 6番 アイニードユー | ◎14 | ◎7 | ◎14 |
| 阪神9R 三田特別 | 9番 アスクコモンタレヴ | ◎3 | ◎3 | ◎3 |
| 阪神10R 安芸特別 | 13番 テーオーグレーザー | ◎15 | ◎13✓ | ◎13✓ |
| 阪神11R 三宮S | 9番 グランドプラージュ | ◎9✓ | ◎16 | ◎16 |
| 阪神12R 3歳以上1勝クラス | 14番 ハルオーブ | ◎12 | ◎4 | ◎1 |
[2026-06-13 19:08:24]   OK
appended: ## 2026-06-13(土)  v0.9 weekly run
