[2026-06-06 17:08:05] === PREDICT 20260607 ===
[2026-06-06 17:08:06] RUN: python3 scripts/fetch_shutuba.py 20260607
/Users/kubota/Library/Python/3.9/lib/python/site-packages/urllib3/__init__.py:35: NotOpenSSLWarning: urllib3 v2 only supports OpenSSL 1.1.1+, currently the 'ssl' module is compiled with 'LibreSSL 2.8.3'. See: https://github.com/urllib3/urllib3/issues/3020
  warnings.warn(
[20260607] 24 races found
  東京 1R ダ1400m  16頭  3歳未勝利
  東京 2R ダ2100m  16頭  3歳未勝利
  東京 3R ダ1600m  16頭  3歳未勝利
  東京 4R 芝1600m  18頭  3歳未勝利
  東京 5R 芝1800m  10頭  2歳新馬
  東京 6R ダ1300m  16頭  3歳未勝利
  東京 7R ダ1400m  16頭  3歳以上1勝クラス
  東京 8R 芝1600m  17頭  3歳以上1勝クラス
  東京 9R 芝2000m  8頭  香港ジョッキークラブT
  東京10R ダ1400m  16頭  八王子特別
  東京11R 芝1600m  17頭  安田記念
  東京12R ダ1600m  16頭  小金井特別
  阪神 1R 障2970m  14頭  3歳以上障害未勝利
  阪神 2R 芝1800m  15頭  3歳未勝利
  阪神 3R ダ1800m  16頭  3歳未勝利
  阪神 4R ダ1400m  16頭  3歳未勝利
  阪神 5R 芝1400m  11頭  2歳新馬
  阪神 6R 芝2000m  16頭  3歳未勝利
  阪神 7R ダ1800m  16頭  3歳以上1勝クラス
  阪神 8R 芝1400m  18頭  3歳以上1勝クラス
  阪神 9R ダ1400m  16頭  洲本特別
  阪神10R 芝1800m  9頭  三木特別
  阪神11R ダ1200m  16頭  水無月S
  阪神12R ダ1800m  12頭  3歳以上1勝クラス
saved: /Users/kubota/Desktop/bias/app/data/shutuba_20260607.json
[2026-06-06 17:08:19]   OK
[2026-06-06 17:08:19] RUN: python3 scripts/fetch_horse.py 20260607
/Users/kubota/Library/Python/3.9/lib/python/site-packages/urllib3/__init__.py:35: NotOpenSSLWarning: urllib3 v2 only supports OpenSSL 1.1.1+, currently the 'ssl' module is compiled with 'LibreSSL 2.8.3'. See: https://github.com/urllib3/urllib3/issues/3020
  warnings.warn(
取得対象: 357頭
  10/357: 父=ドレフォンDrefong(米) 母父=ディープインパクト 前走=3件
  20/357: 父=ダノンバラード 母父=ヴィクトワールピサ 前走=5件
  30/357: 父=デクラレーションオブウォー 母父=スクリーンヒーロー 前走=1件
  40/357: 父=レイデオロ 母父=ディープインパクト 前走=4件
  50/357: 父=アメリカンペイトリオット 母父=ゼンノロブロイ 前走=2件
  60/357: 父=ドレフォンDrefong(米) 母父=ディープインパクト 前走=5件
  70/357: 父=アドマイヤマーズ 母父=Unbridled's Song(米) 前走=0件
  80/357: 父=フォーウィールドライブFour Wheel Drive(米) 母父=ブラックタイド 前走=5件
  90/357: 父=ドレフォンDrefong(米) 母父=カフェラピード 前走=1件
  100/357: 父=ミスターメロディ 母父=ネオユニヴァース 前走=5件
  110/357: 父=シスキンSiskin(米) 母父=ステイゴールド 前走=4件
  120/357: 父=リオンディーズ 母父=ワークフォースWorkforce(英) 前走=2件
  130/357: 父=スクリーンヒーロー 母父=ステイゴールド 前走=5件
  140/357: 父=マジェスティックウォリアーMajestic Warrior(米) 母父=サクラバクシンオー 前走=5件
  150/357: 父=リアルスティール 母父=トウカイテイオー 前走=5件
  160/357: 父=ロードカナロア 母父=ゼンノロブロイ 前走=5件
  170/357: 父=ヘニーヒューズHenny Hughes(米) 母父=ステイゴールド 前走=5件
  180/357: 父=ルヴァンスレーヴ 母父=ゴールドアリュール 前走=4件
  190/357: 父=ハーツクライ 母父=Lemon Drop Kid 前走=5件
  200/357: 父=イスラボニータ 母父=Street Cry(愛) 前走=3件
  210/357: 父=マテラスカイ 母父=アグネスタキオン 前走=5件
  220/357: 父=トーセンラー 母父=タニノギムレット 前走=1件
  230/357: 父=コントレイル 母父=Tale of Ekati 前走=5件
  240/357: 父=リオンディーズ 母父=ブラックタイド 前走=0件
  250/357: 父=オメガパフューム 母父=フジキセキ 前走=0件
  260/357: 父=アドマイヤマーズ 母父=ワイルドラッシュWild Rush(米) 前走=3件
  270/357: 父=St Mark's Basilica(仏) 母父=Monsun 前走=2件
  280/357: 父=ロージズインメイRoses in May(米) 母父=デュランダル 前走=5件
  290/357: 父=ディープブリランテ 母父=フジキセキ 前走=5件
  300/357: 父=サートゥルナーリア 母父=ブライアンズタイムBrian's Time(米) 前走=5件
  310/357: 父=デクラレーションオブウォー 母父=キングカメハメハ 前走=5件
  320/357: 父=サートゥルナーリア 母父=Charm Spirit 前走=5件
  330/357: 父=ラニ 母父=ワイルドラッシュWild Rush(米) 前走=5件
  340/357: 父=エピファネイア 母父=クロフネ 前走=5件
  350/357: 父=ファインニードル 母父=オルフェーヴル 前走=5件
  357/357: 父=ロジャーバローズ 母父=Posse 前走=5件
saved: /Users/kubota/Desktop/bias/app/data/horses_20260607.json
[2026-06-06 17:17:05]   OK
[2026-06-06 17:17:05] RUN: python3 scripts/build_lineage_fallback.py
fallback補完: 410種牡馬
[2026-06-06 17:17:26]   OK
[2026-06-06 17:17:26] RUN: python3 scripts/fetch_odds.py 20260607
/Users/kubota/Library/Python/3.9/lib/python/site-packages/urllib3/__init__.py:35: NotOpenSSLWarning: urllib3 v2 only supports OpenSSL 1.1.1+, currently the 'ssl' module is compiled with 'LibreSSL 2.8.3'. See: https://github.com/urllib3/urllib3/issues/3020
  warnings.warn(
  ! 202605030201: 'str' object has no attribute 'get'
  ! 202605030202: 'str' object has no attribute 'get'
  ! 202605030203: 'str' object has no attribute 'get'
  ! 202605030204: 'str' object has no attribute 'get'
  ! 202605030205: 'str' object has no attribute 'get'
  ! 202605030206: 'str' object has no attribute 'get'
  ! 202605030207: 'str' object has no attribute 'get'
  ! 202605030208: 'str' object has no attribute 'get'
  ! 202605030209: 'str' object has no attribute 'get'
  ! 202605030210: 'str' object has no attribute 'get'
  ! 202605030211: 'str' object has no attribute 'get'
  ! 202605030212: 'str' object has no attribute 'get'
  ! 202609030201: 'str' object has no attribute 'get'
  ! 202609030202: 'str' object has no attribute 'get'
  ! 202609030203: 'str' object has no attribute 'get'
  ! 202609030204: 'str' object has no attribute 'get'
  ! 202609030205: 'str' object has no attribute 'get'
  ! 202609030206: 'str' object has no attribute 'get'
  ! 202609030207: 'str' object has no attribute 'get'
  ! 202609030208: 'str' object has no attribute 'get'
  ! 202609030209: 'str' object has no attribute 'get'
  ! 202609030210: 'str' object has no attribute 'get'
  ! 202609030211: 'str' object has no attribute 'get'
  ! 202609030212: 'str' object has no attribute 'get'
saved: odds_20260607.json
[2026-06-06 17:17:44]   OK
[2026-06-06 17:17:44] RUN: python3 scripts/build_web.py 20260607 --top 4
# 🐎 2026/6/7(日) トラックバイアス推奨

**開催**: 東京・阪神　**馬場**: 馬場良

> **印**: ◎本命 ○対抗 ▲単穴 △連下　／　**能力**=過去実績スコア(0-100)　**bias**=バイアス適合点　**評価**=能力×バイアス補正（この順で本命決定）　／　💎=能力中位だがバイアスで浮上した穴候補

## 🎯 注目レース

| レース | 確信度 | ◎本命(馬番 馬名) | 能力 | 評価 |
|--|--|--|--:|--:|
| 東京10R 八王子特別 | ★ 混戦 | 3 エムティエスターテ | 56 | 79.9 |
| 東京12R 小金井特別 | ★★ 有力 | 16 ヘリオトロープ | 69 | 105.8 |
| 阪神10R 三木特別 | ★★★ 軸向き | 5 ジョイエッロ | 61 | 78.9 |
| 阪神11R 水無月S | ★★★ 軸向き | 6 アンズアメ | 77 | 92.8 |

## 📋 全レース

### 東京1R ダ1400m 3歳未勝利（16頭）・馬場良
**★ 混戦**　狙い: 差し有利が目立ち、馬場が湿ると特に届きやすい

| 印 | 馬番 | 馬名 | 性齢 | 騎手 | 斤量 | 能力 | bias | 評価 | 根拠 |
|:--:|:--:|--|:--:|--|:--:|--:|--:|--:|--|
| ◎ | **11** | テンハートビート | 牝3 | 丹内 | 55.0 | 39 | 14 | **52.9** | 外枠(11)有利 ／ 前走先行(通過3-3) ／ 上がり最速級(34.2s) ／ 馬場適性(良ダートは前残り→先行) |
| ○ | **12** | ロンバスブレス | 牝3 | 菊沢 | 55.0 | 40 | 10 | **49.5** | 外枠(12)有利 ／ 馬場適性(良ダートは前残り→先行) ／ [Cal]ダート ／ [Cal]距離延長(1200→1400) |
| ▲ | **5** | カーボフリオ | 牝3 | ▲佐藤 | 52.0 | 43 | 5 | **47.9** | 軽斤量(52.0kg・基準56kg) ／ 低勝率騎手(佐藤複勝6%) ／ 同距離同面ローテ(ダ1400→同) ／ [Cal]ダート |
| △ | **9** | ルクリーシア | 牝3 | ゴンサルベ | 55.0 | 35 | 12 | **45.8** | 父ロードカナロア=注目血統(ロードカナロア) ／ 同距離同面ローテ(ダ1400→同) ／ 前走先行(通過1-2-1-1) ／ 上がり最速級(34.3s) |

### 東京2R ダ2100m 3歳未勝利（16頭）・馬場良
**★★★ 軸向き**　狙い: 良馬場時は内枠不利の傾向が強く出る

| 印 | 馬番 | 馬名 | 性齢 | 騎手 | 斤量 | 能力 | bias | 評価 | 根拠 |
|:--:|:--:|--|:--:|--|:--:|--:|--:|--:|--|
| ◎ | **11** | ワンダーブリッツ | 牡3 | 横山武 | 57.0 | 57 | 15 | **78.0** | 外枠(11)有利 ／ トップ騎手(横山武複勝32%) ／ 前走後方差し(通過7-2-4-4) ／ 複勝安定(100%) |
| ○ | **9** | ブルーフレア | 牡3 | 大野 | 57.0 | 47 | 11 | **60.2** | 複勝安定(67%) ／ 馬場適性(良ダートは前残り→先行) ／ [Cal]ダート ／ [Cal]継続騎乗 |
| ▲ | **6** | マスカルポーネ | 牝3 | 武藤 | 55.0 | 47 | 9 | **58.1** | 父リオンディーズ=注目血統(キングカメハメハ系) ／ 前走後方差し(通過7-7-4-4) ／ [Cal]ダート ／ [Cal]距離延長(1800→2100) |
| △ | **1** | クリムゾンリーフ | 牡3 | ゴンサルベ | 57.0 | 45 | 9 | **55.0** | 母父ルーラーシップ=注目血統(キングカメハメハ系) ／ 前走後方差し(通過6-5-4-3) ／ [Cal]ダート ／ [Cal]距離延長(1800→2100) |

### 東京3R ダ1600m 3歳未勝利（16頭）・馬場良
**★★★ 軸向き**　狙い: 外枠の馬がスピードに乗りやすく内枠は不利

| 印 | 馬番 | 馬名 | 性齢 | 騎手 | 斤量 | 能力 | bias | 評価 | 根拠 |
|:--:|:--:|--|:--:|--|:--:|--:|--:|--:|--|
| ◎ | **7** | ウインビギニング | 牡3 | レーン | 57.0 | 62 | 10 | **77.0** | トップ騎手(レーン複勝50%) ／ 複勝安定(100%) ／ [Cal]ダート ／ [Cal]距離延長(1400→1600) |
| ○ | **16** | エターナルホープ | 牡3 | 原 | 57.0 | 52 | 13 | **68.6** | 外枠(16)有利 ／ 同距離同面ローテ(ダ1600→同) ／ 複勝安定(67%) ／ [Cal]ダート |
| ▲ | **6** | クワッドマリニン | 牡3 | 木幡巧 | 57.0 | 42 | 6 | **48.2** | 距離短縮(ダ1800→1600) ／ [Cal]ダート ／ [Cal]距離短縮(1800→1600) |
| △ | **11** | ウェスケンジントン | 牡3 | 菅原明 | 57.0 | 38 | 9 | **46.6** | 外枠(11)有利 ／ 上位騎手(菅原明複勝25%) ／ 同距離同面ローテ(ダ1600→同) ／ [Cal]ダート |

### 東京4R 芝1600m 3歳未勝利（18頭）・馬場良
**★★★ 軸向き**　狙い: ペースが緩みにくく、バテない体力と末脚性能が必要

| 印 | 馬番 | 馬名 | 性齢 | 騎手 | 斤量 | 能力 | bias | 評価 | 根拠 |
|:--:|:--:|--|:--:|--|:--:|--:|--:|--:|--|
| ◎ | **16** | バンオンタイム | 牝3 | △舟山 | 53.0 | 57 | 17 | **80.9** | 軽斤量(53.0kg・基準56kg) ／ 外枠(16)有利 ／ 上位騎手(舟山複勝24%) ／ 同距離同面ローテ(芝1600→同) |
| ○ | **10** | ワイズファミリア | 牝3 | 佐々木 | 55.0 | 55 | 12 | **71.9** | 上位騎手(佐々木複勝24%) ／ 同距離同面ローテ(芝1600→同) ／ 前走後方差し(通過12-12-13) ／ 複勝安定(75%) |
| ▲ | **15** | クールフィデル | 牡3 | 横山和 | 57.0 | 50 | 11 | **64.1** | 外枠(15)有利 ／ 母父ディープブリランテ=注目血統(サンデーサイレンス系(ディープ含む)) ／ 距離短縮(芝1800→1600) ／ [Cal]距離短縮(1800→1600) |
| △ | **3** | コーディアリー | 牡3 | 津村 | 57.0 | 40 | 15 | **55.5** | 父ダノンバラード=注目血統(サンデーサイレンス系(ディープ含む)) ／ 母父ハーツクライ=注目血統(サンデーサイレンス系(ディープ含む)) ／ 距離短縮(芝1800→1600) ／ 前走後方差し(通過8-7) |

### 東京5R 芝1800m 2歳新馬（10頭）・馬場良
**★ 混戦**　狙い: 息が入りやすいため、後半の上がり性能が重要

| 印 | 馬番 | 馬名 | 性齢 | 騎手 | 斤量 | 能力 | bias | 評価 | 根拠 |
|:--:|:--:|--|:--:|--|:--:|--:|--:|--:|--|
| ◎ | **3** | サノノキセキ | 牡2 | 丹内 | 55.0 | — | 4 | **30.8** | 父キセキ=注目血統(キングカメハメハ系) ／ [Cal]少頭数 |
| ○ | **10** | マテンロウアルカナ | 牡2 | 横山典 | 55.0 | — | 4 | **30.8** | トップ騎手(横山典複勝36%) ／ [Cal]少頭数 ／ [Cal]大外枠 |
| ▲ | **2** | ジョドレルバンク | 牡2 | レーン | 55.0 | — | 3 | **30.1** | トップ騎手(レーン複勝50%) ／ [Cal]少頭数 |
| △ | **6** | ジュンヴォルティス | 牡2 | 横山武 | 55.0 | — | 3 | **30.1** | トップ騎手(横山武複勝32%) ／ [Cal]少頭数 |

### 東京6R ダ1300m 3歳未勝利（16頭）・馬場良
**★★★ 軸向き**　狙い: ダートにしては外枠有利のバイアスが出にくい

| 印 | 馬番 | 馬名 | 性齢 | 騎手 | 斤量 | 能力 | bias | 評価 | 根拠 |
|:--:|:--:|--|:--:|--|:--:|--:|--:|--:|--|
| ◎ | **4** | フェイスリフト | 牡3 | ディー | 57.0 | 54 | 8 | **64.8** | 複勝安定(60%) ／ [Cal]ダート ／ [Cal]6R(好成績帯) ／ [Cal]継続騎乗 |
| ○ | **8** | コウソクルリアン | 牡3 | 武藤 | 57.0 | 47 | 5 | **53.1** | 前走先行(通過3-2) ／ [Cal]ダート ／ [Cal]6R(好成績帯) |
| ▲ | **9** | ヴィスクレス | 牡3 | 原 | 57.0 | 48 | 2 | **50.2** | [Cal]ダート ／ [Cal]6R(好成績帯) |
| △ | **10** | フィールマイプラン | 牡3 | 荻野極 | 57.0 | 44 | 4 | **49.0** | [Cal]ダート ／ [Cal]距離延長(1200→1300) ／ [Cal]6R(好成績帯) ／ [Cal]継続騎乗 |

### 東京7R ダ1400m 3歳以上1勝クラス（16頭）・馬場良
**★★★ 軸向き**　狙い: 差し有利が目立ち、馬場が湿ると特に届きやすい

| 印 | 馬番 | 馬名 | 性齢 | 騎手 | 斤量 | 能力 | bias | 評価 | 根拠 |
|:--:|:--:|--|:--:|--|:--:|--:|--:|--:|--|
| ◎ | **14** | シュヴァルツシルト | 牡3 | ▲小林美 | 52.0 | 58 | 20 | **87.8** | 軽斤量(52.0kg・基準58kg) ／ 外枠(14)有利 ／ 前走先行(通過3-3) ／ 複勝安定(80%) |
| ○ | **9** | フォースミラクル | 牡4 | 岩田望 | 58.0 | 48 | 4 | **52.5** | 同距離同面ローテ(ダ1400→同) ／ [Cal]ダート |
| ▲ | **4** | タイキブリッツェン | 牡3 | 三浦 | 55.0 | 39 | 12 | **50.4** | 上位騎手(三浦複勝28%) ／ 同距離同面ローテ(ダ1400→同) ／ 前走先行(通過2-2) ／ 馬場適性(良ダートは前残り→逃げ) |
| △ | **15** | ガンバレベアー | 牝4 | 松岡 | 56.0 | 39 | 11 | **49.6** | 外枠(15)有利 ／ 複勝安定(60%) ／ [Cal]ダート ／ [Cal]距離延長(1300→1400) |

### 東京8R 芝1600m 3歳以上1勝クラス（17頭）・馬場良
**★★ 有力**　狙い: ペースが緩みにくく、バテない体力と末脚性能が必要

| 印 | 馬番 | 馬名 | 性齢 | 騎手 | 斤量 | 能力 | bias | 評価 | 根拠 |
|:--:|:--:|--|:--:|--|:--:|--:|--:|--:|--|
| ◎ | **2** | デスサイズ | 牡3 | 菊沢 | 55.0 | 62 | 10 | **78.0** | 母父ステイゴールド=注目血統(サンデーサイレンス系(ディープ含む)) ／ 複勝安定(100%) ／ [Cal]距離延長(1400→1600) ／ [Cal]1枠 |
| ○ | **1** | カズノダイジョウ | 牝3 | 横山典 | 53.0 | 53 | 16 | **73.6** | 軽斤量(53.0kg・基準56kg) ／ トップ騎手(横山典複勝36%) ／ 母父ハーツクライ=注目血統(サンデーサイレンス系(ディープ含む)) ／ 前走後方差し(通過8-9) |
| ▲ | **5** | コンヴァージョン | 牡4 | 丸田 | 58.0 | 55 | 11 | **70.1** | 同距離同面ローテ(芝1600→同) ／ 前走後方差し(通過8-7-8) ／ 複勝安定(80%) |
| △ | **12** | ゴディアーモ | 牝3 | 戸崎圭 | 53.0 | 49 | 16 | **68.0** | 軽斤量(53.0kg・基準56kg) ／ 外枠(12)有利 ／ トップ騎手(戸崎圭複勝38%) ／ 父リオンディーズ=注目血統(キングカメハメハ系(ロードカナロア)) |

### 東京9R 芝2000m 香港ジョッキークラブT（8頭）・馬場良
**★★ 有力**　狙い: 内枠有利、外枠不利と言われるが…

| 印 | 馬番 | 馬名 | 性齢 | 騎手 | 斤量 | 能力 | bias | 評価 | 根拠 |
|:--:|:--:|--|:--:|--|:--:|--:|--:|--:|--|
| ◎ | **8** | サラスヴァティー | 牝4 | 横山武 | 56.0 | 63 | 16 | **88.5** | トップ騎手(横山武複勝32%) ／ 同距離同面ローテ(芝2000→同) ／ 上がり最速級(33.2s) ／ 複勝安定(80%) |
| ○ | **1** | コンフォルツァ | 牡4 | 丸山 | 58.0 | 60 | 16 | **83.3** | 1枠有利 ／ 同距離同面ローテ(芝2000→同) ／ 複勝安定(80%) ／ 上位クラス通用(5着以内) |
| ▲ | **6** | ゴーラッキー | 牡3 | ルメール | 55.0 | 56 | 13 | **73.9** | 軽斤量(55.0kg・基準58kg) ／ トップ騎手(ルメール複勝50%) ／ 父キタサンブラック=注目血統(キタサンブラック) ／ 複勝安定(67%) |
| △ | **5** | マイネルアレス | 牡4 | 丹内 | 58.0 | 58 | 9 | **70.8** | 複勝安定(60%) ／ [Cal]距離延長(1800→2000) ／ [Cal]少頭数 ／ [Cal]9R(好成績帯) |

### ⭐ 東京10R ダ1400m 八王子特別（16頭）・馬場良
**★ 混戦**　狙い: 差し有利が目立ち、馬場が湿ると特に届きやすい

| 印 | 馬番 | 馬名 | 性齢 | 騎手 | 斤量 | 能力 | bias | 評価 | 根拠 |
|:--:|:--:|--|:--:|--|:--:|--:|--:|--:|--|
| ◎ | **3** | エムティエスターテ | 牡4 | 大野 | 58.0 | 56 | 17 | **79.9** | 同距離同面ローテ(ダ1400→同) ／ 前走先行(通過3-3) ／ 複勝安定(80%) ／ 馬場適性(良ダートは前残り→先行) |
| ○ | **10** | マジッククッキー | 牡3 | 戸崎圭 | 55.0 | 61 | 12 | **79.2** | 軽斤量(55.0kg・基準58kg) ／ トップ騎手(戸崎圭複勝38%) ／ 同距離同面ローテ(ダ1400→同) ／ 複勝安定(60%) |
| ▲ | **6** | ポッドベル | 牡4 | 松山 | 58.0 | 58 | 11 | **74.6** | 上位騎手(松山複勝28%) ／ 同距離同面ローテ(ダ1400→同) ／ 複勝安定(60%) ／ 上位クラス通用(5着以内) |
| △ | **14** | ホウオウプレミア | 牡7 | 岩田康 | 58.0 | 54 | 12 | **69.8** | 外枠(14)有利 ／ トップ騎手(岩田康複勝33%) ／ 父ロードカナロア=注目血統(ロードカナロア) ／ 上位クラス通用(5着以内) |

### 東京11R 芝1600m 安田記念（17頭）・馬場良
**★★ 有力**　狙い: ペースが緩みにくく、バテない体力と末脚性能が必要

| 印 | 馬番 | 馬名 | 性齢 | 騎手 | 斤量 | 能力 | bias | 評価 | 根拠 |
|:--:|:--:|--|:--:|--|:--:|--:|--:|--:|--|
| ◎ | **17** | トロヴァトーレ | 牡5 | ルメール | 58.0 | 60 | 23 | **95.0** | 外枠(17)有利 ／ トップ騎手(ルメール複勝50%) ／ 父レイデオロ=注目血統(キングカメハメハ系(ロードカナロア)) ／ 距離短縮(芝1800→1600) |
| ○ | **11** | ワールズエンド | 牡5 | 津村 | 58.0 | 70 | 11 | **88.6** | 母父ゼンノロブロイ=注目血統(サンデーサイレンス系(ディープ含む)) ／ 上がり最速級(33.4s) ／ 複勝安定(80%) ／ 上位クラス通用(5着以内) |
| ▲ | **15** | ドラゴンブースト | 牡4 | 丹内 | 58.0 | 57 | 17 | **81.4** | 外枠(15)有利 ／ 同距離同面ローテ(芝1600→同) ／ 前走後方差し(通過6-8) ／ 上がり最速級(33.4s) |
| △ | **14** | ガイアフォース | 牡7 | 横山武 | 58.0 | 49 | 19 | **72.7** | 外枠(14)有利 ／ トップ騎手(横山武複勝32%) ／ 父キタサンブラック=注目血統(サンデーサイレンス系(ディープ含む)) ／ 距離短縮(芝1800→1600) |

### ⭐ 東京12R ダ1600m 小金井特別（16頭）・馬場良
**★★ 有力**　狙い: 外枠の馬がスピードに乗りやすく内枠は不利

| 印 | 馬番 | 馬名 | 性齢 | 騎手 | 斤量 | 能力 | bias | 評価 | 根拠 |
|:--:|:--:|--|:--:|--|:--:|--:|--:|--:|--|
| ◎ | **16** | ヘリオトロープ | 牡4 | レーン | 58.0 | 69 | 21 | **105.8** | 外枠(16)有利 ／ トップ騎手(レーン複勝50%) ／ 父ヘニーヒューズ=注目血統(ヘニーヒューズ系) ／ 同距離同面ローテ(ダ1600→同) |
| ○ | **10** | マクリール | 牡3 | ルメール | 55.0 | 70 | 17 | **100.2** | 軽斤量(55.0kg・基準58kg) ／ トップ騎手(ルメール複勝50%) ／ 父ロードカナロア=注目血統(ロードカナロア) ／ 同距離同面ローテ(ダ1600→同) |
| ▲ | **1** | テンカムテキ | 牡3 | 丹内 | 55.0 | 62 | 18 | **90.5** | 軽斤量(55.0kg・基準58kg) ／ 距離短縮(ダ1800→1600) ／ 複勝安定(80%) ／ 馬場適性(良ダートは前残り→先行) |
| △ | **12** | パイシャオピン | 牝4 | 横山武 | 56.0 | 61 | 19 | **89.4** | 外枠(12)有利 ／ トップ騎手(横山武複勝32%) ／ 同距離同面ローテ(ダ1600→同) ／ 上がり最速級(35.6s) |

### 阪神1R 障2970m 3歳以上障害未勝利
_対象外（未登録コース: 阪神障2970m）_

### 阪神2R 芝1800m 3歳未勝利（15頭）・馬場良
**★★★ 軸向き**　狙い: 阪神芝1800m

| 印 | 馬番 | 馬名 | 性齢 | 騎手 | 斤量 | 能力 | bias | 評価 | 根拠 |
|:--:|:--:|--|:--:|--|:--:|--:|--:|--:|--|
| ◎ | **10** | サリエンテ | 牝3 | 西村淳 | 55.0 | 56 | 6 | **64.2** | 上位騎手(西村淳複勝27%) ／ 複勝安定(100%) |
| ○ | **12** | ライツェントライゼ | 牝3 | 団野 | 55.0 | 42 | 9 | **51.0** | 上位騎手(団野複勝24%) ／ 複勝安定(60%) ／ [Cal]距離短縮(2000→1800) ／ [Cal]継続騎乗 |
| ▲ | **9** | メイショウプレマ | 牝3 | ▲森田 | 52.0 | 44 | 2 | **45.7** | 軽斤量(52.0kg・基準56kg) ／ [Cal]減量騎手(▲) ／ [Cal]継続騎乗 |
| △ | **3** | ウィスカーパッド | 牝3 | 鮫島駿 | 55.0 | 42 | 3 | **45.5** | 上位騎手(鮫島駿複勝24%) ／ [Cal]距離短縮(2000→1800) |

### 阪神3R ダ1800m 3歳未勝利（16頭）・馬場良
**★ 混戦**　狙い: 阪神ダ1800m

| 印 | 馬番 | 馬名 | 性齢 | 騎手 | 斤量 | 能力 | bias | 評価 | 根拠 |
|:--:|:--:|--|:--:|--|:--:|--:|--:|--:|--|
| ◎ | **6** | リバーソニック | 牡3 | 西村淳 | 57.0 | 51 | 8 | **60.8** | 上位騎手(西村淳複勝27%) ／ 複勝安定(67%) ／ [Cal]ダート ／ [Cal]継続騎乗 |
| ○ | **4** | ウルトラハート | 牡3 | 角田和 | 57.0 | 50 | 6 | **57.7** | 複勝安定(60%) ／ [Cal]ダート |
| ▲ | **2** | ロードヴェリタス | 牡3 | 西塚 | 57.0 | 47 | 3 | **50.3** | [Cal]ダート ／ [Cal]1枠 ／ [Cal]継続騎乗 |
| △ | **5** | ダイメイクマモト | 牡3 | 太宰 | 57.0 | 46 | 2 | **48.5** | [Cal]ダート ／ [Cal]継続騎乗 |

### 阪神4R ダ1400m 3歳未勝利（16頭）・馬場良
**★★★ 軸向き**　狙い: 阪神ダ1400m

| 印 | 馬番 | 馬名 | 性齢 | 騎手 | 斤量 | 能力 | bias | 評価 | 根拠 |
|:--:|:--:|--|:--:|--|:--:|--:|--:|--:|--|
| ◎ | **3** | ビッグヒーロー | 牡3 | 川田 | 57.0 | 55 | 10 | **69.2** | トップ騎手(川田複勝41%) ／ 複勝安定(80%) ／ [Cal]ダート ／ [Cal]距離短縮(1600→1400) |
| ○ | **1** | アンリミテッド | 牡3 | 西村淳 | 57.0 | 39 | 14 | **52.1** | 上位騎手(西村淳複勝27%) ／ 複勝安定(60%) ／ 馬場適性(良ダートは前残り→先行) ／ [Cal]ダート |
| ▲ | **12** | メイショウナナユキ | 牝3 | 菱田 | 55.0 | 44 | 2 | **46.2** | [Cal]ダート ／ [Cal]継続騎乗 |
| △ | **16** | ロードインヴォーグ | 牡3 | 酒井 | 57.0 | 42 | 3 | **44.6** | [Cal]ダート ／ [Cal]大外枠 ／ [Cal]継続騎乗 |

### 阪神5R 芝1400m 2歳新馬（11頭）・馬場良
**★ 混戦**　狙い: 阪神芝1400m

| 印 | 馬番 | 馬名 | 性齢 | 騎手 | 斤量 | 能力 | bias | 評価 | 根拠 |
|:--:|:--:|--|:--:|--|:--:|--:|--:|--:|--|
| ◎ | **11** | スピーディスピン | 牝2 | △田山 | 53.0 | — | 2 | **29.4** | 軽斤量(53.0kg・基準56kg) ／ [Cal]減量騎手(△) ／ [Cal]大外枠 |
| ○ | **1** | クリコキアナ | 牝2 | 国分恭 | 55.0 | — | 1 | **28.7** | [Cal]1枠 |
| ▲ | **5** | ビスケットサンド | 牝2 | 北村友 | 55.0 | — | 1 | **28.7** | 上位騎手(北村友複勝26%) |
| △ | **6** | ランダムナンバー | 牡2 | ◇永島 | 53.0 | — | 1 | **28.7** | 軽斤量(53.0kg・基準58kg) ／ [Cal]減量騎手(◇) |

### 阪神6R 芝2000m 3歳未勝利（16頭）・馬場良
**★ 混戦**　狙い: 阪神芝2000m

| 印 | 馬番 | 馬名 | 性齢 | 騎手 | 斤量 | 能力 | bias | 評価 | 根拠 |
|:--:|:--:|--|:--:|--|:--:|--:|--:|--:|--|
| ◎ | **5** | ペガサスジルシ | 牝3 | 川田 | 55.0 | 50 | 11 | **63.1** | トップ騎手(川田複勝41%) ／ 複勝安定(67%) ／ [Cal]距離短縮(2200→2000) ／ [Cal]6R(好成績帯) |
| ○ | **15** | フレアオブセンス | 牡3 | 斎藤 | 57.0 | 54 | 6 | **62.4** | 複勝安定(60%) ／ [Cal]6R(好成績帯) |
| ▲ | **11** | ビップヴォルフ | 牡3 | Ｍデムーロ | 57.0 | 43 | 5 | **48.1** | トップ騎手(Ｍデムーロ複勝39%) ／ [Cal]距離短縮(2200→2000) ／ [Cal]6R(好成績帯) |
| △ | **2** | ハナコトバ | 牝3 | 渡辺竜 | 55.0 | 39 | 4 | **42.8** | [Cal]距離短縮(2400→2000) ／ [Cal]6R(好成績帯) ／ [Cal]1枠 |

### 阪神7R ダ1800m 3歳以上1勝クラス（16頭）・馬場良
**★ 混戦**　狙い: 阪神ダ1800m

| 印 | 馬番 | 馬名 | 性齢 | 騎手 | 斤量 | 能力 | bias | 評価 | 根拠 |
|:--:|:--:|--|:--:|--|:--:|--:|--:|--:|--|
| ◎ | **11** | ミルボナー | 牝3 | 池添 | 53.0 | 60 | 12 | **78.7** | 上位騎手(池添複勝27%) ／ 複勝安定(100%) ／ 馬場適性(良ダートは前残り→先行) ／ [Cal]ダート |
| ○ | **15** | ハッピーラブソング | 牝3 | 斎藤 | 53.0 | 66 | 7 | **77.5** | 複勝安定(100%) ／ [Cal]ダート ／ [Cal]昇級(新馬→今走) |
| ▲ | **12** | ヴェントステラーレ | 牝4 | 渡辺竜 | 56.0 | 56 | 12 | **73.3** | 複勝安定(60%) ／ 馬場適性(良ダートは前残り→先行) ／ [Cal]ダート ／ [Cal]距離延長(1600→1800) |
| △ | **16** | アロマフェリス | 牝4 | 川田 | 56.0 | 58 | 10 | **72.5** | トップ騎手(川田複勝41%) ／ 複勝安定(60%) ／ [Cal]ダート ／ [Cal]大外枠 |

### 阪神8R 芝1400m 3歳以上1勝クラス（18頭）・馬場良
**★★ 有力**　狙い: 阪神芝1400m

| 印 | 馬番 | 馬名 | 性齢 | 騎手 | 斤量 | 能力 | bias | 評価 | 根拠 |
|:--:|:--:|--|:--:|--|:--:|--:|--:|--:|--|
| ◎ | **14** | ワンコールアウェイ | 牝4 | 川田 | 56.0 | 57 | 7 | **66.5** | トップ騎手(川田複勝41%) ／ 複勝安定(80%) |
| ○ | **11** | ムーンウォーリア | 牡3 | 渡辺竜 | 55.0 | 53 | 6 | **61.3** | 複勝安定(60%) ／ [Cal]継続騎乗 ／ 前走地方(笠松1着)・割引 |
| ▲ | **6** | ダンデノン | 牝3 | 北村友 | 53.0 | 48 | 4 | **53.4** | 軽斤量(53.0kg・基準56kg) ／ 上位騎手(北村友複勝26%) ／ [Cal]距離短縮(1600→1400) ／ [Cal]継続騎乗 |
| △ | **7** | サリュエ | 牡5 | 団野 | 58.0 | 47 | 2 | **49.2** | 上位騎手(団野複勝24%) ／ [Cal]継続騎乗 |

### 阪神9R ダ1400m 洲本特別（16頭）・馬場良
**★★ 有力**　狙い: 阪神ダ1400m

| 印 | 馬番 | 馬名 | 性齢 | 騎手 | 斤量 | 能力 | bias | 評価 | 根拠 |
|:--:|:--:|--|:--:|--|:--:|--:|--:|--:|--|
| ◎ | **8** | カナタコナタ | 牡3 | 西村淳 | 55.0 | 51 | 12 | **66.8** | 軽斤量(55.0kg・基準58kg) ／ 上位騎手(西村淳複勝27%) ／ 複勝安定(60%) ／ 馬場適性(良ダートは前残り→逃げ) |
| ○ | **2** | ポッドデスペア | 牡3 | 中井 | 55.0 | 46 | 14 | **62.5** | 軽斤量(55.0kg・基準58kg) ／ 複勝安定(67%) ／ 馬場適性(良ダートは前残り→逃げ) ／ [Cal]ダート |
| ▲ | **16** | ポッドドンナー | 牡4 | Ｍデムーロ | 58.0 | 51 | 8 | **60.7** | トップ騎手(Ｍデムーロ複勝39%) ／ 上がり最速級(34.5s) ／ 上位クラス通用(5着以内) ／ [Cal]ダート |
| △ | **6** | コスモストーム | 牡4 | 秋山稔 | 58.0 | 52 | 5 | **58.2** | 上位クラス通用(5着以内) ／ [Cal]ダート ／ [Cal]距離短縮(1600→1400) ／ [Cal]9R(好成績帯) |

### ⭐ 阪神10R 芝1800m 三木特別（9頭）・馬場良
**★★★ 軸向き**　狙い: 阪神芝1800m

| 印 | 馬番 | 馬名 | 性齢 | 騎手 | 斤量 | 能力 | bias | 評価 | 根拠 |
|:--:|:--:|--|:--:|--|:--:|--:|--:|--:|--|
| ◎ | **5** | ジョイエッロ | 牡4 | 川田 | 58.0 | 61 | 12 | **78.9** | トップ騎手(川田複勝41%) ／ 上がり最速級(33.6s) ／ 複勝安定(80%) ／ 上位クラス通用(5着以内) |
| ○ | **6** | エバーグルーヴ | 牝4 | 西村淳 | 56.0 | 36 | 5 | **41.1** | 上位騎手(西村淳複勝27%) ／ 上位クラス通用(5着以内) ／ [Cal]距離短縮(2000→1800) ／ [Cal]少頭数 |
| ▲ | **8** | ヤマニンガラッシア | 牡9 | 坂井 | 58.0 | 38 | 3 | **40.4** | 上位騎手(坂井複勝30%) ／ 上位クラス通用(5着以内) ／ [Cal]少頭数 |
| △ | **1** | ウインリベラシオン | 牡4 | 田口 | 58.0 | 32 | 3 | **34.9** | [Cal]少頭数 ／ [Cal]1枠 ／ [Cal]継続騎乗 |

### ⭐ 阪神11R ダ1200m 水無月S（16頭）・馬場良
**★★★ 軸向き**　狙い: 阪神ダ1200m

| 印 | 馬番 | 馬名 | 性齢 | 騎手 | 斤量 | 能力 | bias | 評価 | 根拠 |
|:--:|:--:|--|:--:|--|:--:|--:|--:|--:|--|
| ◎ | **6** | アンズアメ | 牝4 | 川田 | 53.0 | 77 | 8 | **92.8** | トップ騎手(川田複勝41%) ／ 複勝安定(100%) ／ 上位クラス通用(5着以内) ／ [Cal]ダート |
| ○ | **3** | プレゼンティーア | 牝5 | 松本 | 52.0 | 65 | 11 | **82.9** | 軽斤量(52.0kg・基準56kg) ／ 複勝安定(60%) ／ 上位クラス通用(5着以内) ／ 馬場適性(良ダートは前残り→先行) |
| ▲ | **5** | ショウナンアビアス | 牡6 | 池添 | 55.0 | 65 | 7 | **76.6** | 上位騎手(池添複勝27%) ／ 複勝安定(60%) ／ 上位クラス通用(5着以内) ／ [Cal]ダート |
| △ | **15** | コンクイスタ | セ6 | 西村淳 | 58.0 | 64 | 6 | **74.2** | 上位騎手(西村淳複勝27%) ／ 上位クラス通用(5着以内) ／ 馬場適性(良ダートは前残り→先行) ／ [Cal]ダート |

### 阪神12R ダ1800m 3歳以上1勝クラス（12頭）・馬場良
**★★★ 軸向き**　狙い: 阪神ダ1800m

| 印 | 馬番 | 馬名 | 性齢 | 騎手 | 斤量 | 能力 | bias | 評価 | 根拠 |
|:--:|:--:|--|:--:|--|:--:|--:|--:|--:|--|
| ◎ | **8** | バートラガッツ | 牡3 | 北村友 | 55.0 | 66 | 13 | **87.5** | 上位騎手(北村友複勝26%) ／ 複勝安定(100%) ／ 馬場適性(良ダートは前残り→先行) ／ [Cal]ダート |
| ○ | **12** | メイショウコナン | 牡5 | 団野 | 58.0 | 52 | 10 | **64.8** | 上位騎手(団野複勝24%) ／ 複勝安定(60%) ／ [Cal]ダート ／ [Cal]12R(好成績帯) |
| ▲ | **3** | チェリヴェント | 牡3 | 吉村 | 55.0 | 48 | 12 | **63.1** | 複勝安定(60%) ／ 馬場適性(良ダートは前残り→先行) ／ [Cal]ダート ／ [Cal]12R(好成績帯) |
| △ | **5** | グロリアスグレイス | 牡5 | ▲和田陽 | 55.0 | 45 | 11 | **57.9** | 上がり最速級(33.6s) ／ 複勝安定(80%) ／ [Cal]ダート ／ [Cal]距離延長(1600→1800) |

---
_馬券は自己責任で。本表は分析の共有であり購入を推奨するものではありません。_

# HTML: /Users/kubota/Desktop/bias/docs/predict_20260607.html
[2026-06-06 17:17:44]   OK
[2026-06-06 17:17:44] git commit: weekly: 20260607 予想生成
To https://github.com/shinkubota/keiba-bias.git
   428813f..4884b40  main -> main
[2026-06-06 17:17:46] DONE
