[2026-06-21 19:00:02] === REVIEW 20260621 ===
[2026-06-21 19:00:03] RUN: python3 scripts/fetch_results.py 20260621
/Users/kubota/Library/Python/3.9/lib/python/site-packages/urllib3/__init__.py:35: NotOpenSSLWarning: urllib3 v2 only supports OpenSSL 1.1.1+, currently the 'ssl' module is compiled with 'LibreSSL 2.8.3'. See: https://github.com/urllib3/urllib3/issues/3020
  warnings.warn(
  函館 1R 着順入手: 16頭
  函館 2R 着順入手: 10頭
  函館 3R 着順入手: 12頭
  函館 4R 着順入手: 16頭
  函館 5R 着順入手: 10頭
  函館 6R 着順入手: 13頭
  函館 7R 着順入手: 11頭
  函館 8R 着順入手: 12頭
  函館 9R 着順入手: 12頭
  函館10R 着順入手: 9頭
  函館11R 着順入手: 15頭
  函館12R 着順入手: 10頭
  東京 1R 着順入手: 14頭
  東京 2R 着順入手: 16頭
  東京 3R 着順入手: 16頭
  東京 4R 着順入手: 10頭
  東京 5R 着順入手: 13頭
  東京 6R 着順入手: 16頭
  東京 7R 着順入手: 16頭
  東京 8R 着順入手: 16頭
  東京 9R 着順入手: 16頭
  東京10R 着順入手: 16頭
  東京11R 着順入手: 16頭
  東京12R 着順入手: 16頭
  阪神 1R 着順入手: 14頭
  阪神 2R 着順入手: 18頭
  阪神 3R 着順入手: 16頭
  阪神 4R 着順入手: 18頭
  阪神 5R 着順入手: 9頭
  阪神 6R 着順入手: 18頭
  阪神 7R 着順入手: 16頭
  阪神 8R 着順入手: 8頭
  阪神 9R 着順入手: 7頭
  阪神10R 着順入手: 16頭
  阪神11R 着順入手: 18頭
  阪神12R 着順入手: 13頭
saved: results_20260621.json
[2026-06-21 19:00:29]   OK
[2026-06-21 19:00:29] RUN: python3 scripts/evaluate.py 20260621
# 答え合わせ 20260621（対象 35レース）

## 集計（◎単勝率 / トップ3内に複勝該当馬がいた率 / トップ3各馬の的中率）
| 手法 | 単勝率(◎=1着) | 複勝率(◎▲△に3着内) | 上位3頭内的中率 |
|--|--:|--:|--:|
| 能力スコアのみ | 20% (7/35) | 77% (27/35) | 40% (42/105) |
| バイアスのみ | 29% (10/35) | 63% (22/35) | 30% (32/105) |
| 能力×バイアス(現行) | 26% (9/35) | 66% (23/35) | 36% (38/105) |

## レース別本命比較
| レース | 1着実馬 | 能力◎ | バイアス◎ | 現行◎ |
|--|--|--|--|--|
| 函館1R 3歳未勝利 | 8番 ファインコンダクト | ◎1 | ◎1 | ◎1 |
| 函館2R 3歳未勝利 | 1番 ハイドパーク | ◎8 | ◎5 | ◎8 |
| 函館3R 3歳未勝利 | 8番 コウユーネロガ | ◎12 | ◎12 | ◎12 |
| 函館4R 3歳未勝利 | 1番 ベアサナエチャン | ◎11 | ◎11 | ◎11 |
| 函館5R 2歳新馬 | 1番 フェリチタ | ◎1✓ | ◎1✓ | ◎1✓ |
| 函館6R 3歳未勝利 | 1番 ビナハイバン | ◎4 | ◎4 | ◎4 |
| 函館7R 3歳以上1勝クラス | 7番 マナボニート | ◎2 | ◎2 | ◎2 |
| 函館8R 3歳以上1勝クラス | 9番 ナクライト | ◎3 | ◎9✓ | ◎8 |
| 函館9R 遊楽部特別 | 7番 アストリル | ◎4 | ◎7✓ | ◎4 |
| 函館10R 檜山特別 | 6番 チャーリー | ◎6✓ | ◎6✓ | ◎6✓ |
| 函館11R UHB杯 | 14番 アスティスプマンテ | ◎14✓ | ◎14✓ | ◎14✓ |
| 函館12R 3歳以上1勝クラス | 2番 コッツォリーノ | ◎2✓ | ◎2✓ | ◎2✓ |
| 東京2R 3歳未勝利 | 8番 アクアマーズ | ◎2 | ◎11 | ◎2 |
| 東京3R 3歳未勝利 | 7番 アスパラゴ | ◎4 | ◎4 | ◎4 |
| 東京4R 2歳新馬 | 6番 タクティシアン | ◎7 | ◎7 | ◎7 |
| 東京5R 2歳新馬 | 8番 アヴィアトーレ | ◎4 | ◎4 | ◎4 |
| 東京6R 3歳未勝利 | 8番 ダノンアスコルティ | ◎11 | ◎16 | ◎11 |
| 東京7R 3歳以上1勝クラス | 10番 ファンシーズ | ◎1 | ◎5 | ◎1 |
| 東京8R 3歳以上1勝クラス | 3番 ラベルセーヌ | ◎12 | ◎15 | ◎15 |
| 東京9R 甲州街道特別 | 15番 キョウエイカンセ | ◎8 | ◎6 | ◎8 |
| 東京10R 多摩川S | 10番 ラーンザロープス | ◎12 | ◎12 | ◎12 |
| 東京11R 府中牝馬S | 7番 セキトバイースト | ◎6 | ◎15 | ◎6 |
| 東京12R 3歳以上1勝クラス | 15番 タイキブリッツェン | ◎5 | ◎7 | ◎5 |
| 阪神1R 3歳未勝利 | 1番 メイショウナナユキ | ◎1✓ | ◎11 | ◎1✓ |
| 阪神2R 3歳未勝利 | 17番 スマートティアナ | ◎7 | ◎5 | ◎7 |
| 阪神3R 3歳未勝利 | 15番 ボーントゥウォリア | ◎11 | ◎11 | ◎11 |
| 阪神4R 3歳未勝利 | 15番 バディ | ◎5 | ◎6 | ◎6 |
| 阪神5R 2歳新馬 | 5番 トップチェッカー | ◎4 | ◎4 | ◎4 |
| 阪神6R 3歳未勝利 | 9番 ルージュスプリヤ | ◎2 | ◎9✓ | ◎9✓ |
| 阪神7R 3歳以上1勝クラス | 4番 ハッコウイチウ | ◎10 | ◎10 | ◎10 |
| 阪神8R 3歳以上1勝クラス | 3番 アーリーハーベスト | ◎3✓ | ◎3✓ | ◎3✓ |
| 阪神9R 高砂特別 | 2番 ロードガレリア | ◎5 | ◎2✓ | ◎2✓ |
| 阪神10R 姫路S | 13番 ペイシャモノノフ | ◎9 | ◎9 | ◎9 |
| 阪神11R しらさぎS | 10番 エルトンバローズ | ◎17 | ◎12 | ◎17 |
| 阪神12R 3歳以上2勝クラス | 12番 タガノアバンドーネ | ◎12✓ | ◎12✓ | ◎12✓ |
[2026-06-21 19:00:29]   OK
appended: ## 2026-06-21(日)  v0.9 weekly run
