[2026-06-20 19:00:01] === REVIEW 20260620 ===
[2026-06-20 19:00:01] RUN: python3 scripts/fetch_results.py 20260620
/Users/kubota/Library/Python/3.9/lib/python/site-packages/urllib3/__init__.py:35: NotOpenSSLWarning: urllib3 v2 only supports OpenSSL 1.1.1+, currently the 'ssl' module is compiled with 'LibreSSL 2.8.3'. See: https://github.com/urllib3/urllib3/issues/3020
  warnings.warn(
  函館 1R 着順入手: 16頭
  函館 2R 着順入手: 14頭
  函館 3R 着順入手: 16頭
  函館 4R 着順入手: 14頭
  函館 5R 着順入手: 10頭
  函館 6R 着順入手: 11頭
  函館 7R 着順入手: 16頭
  函館 8R 着順入手: 12頭
  函館 9R 着順入手: 12頭
  函館10R 着順入手: 8頭
  函館11R 着順入手: 16頭
  函館12R 着順入手: 11頭
  東京 1R 着順入手: 16頭
  東京 2R 着順入手: 16頭
  東京 3R 着順入手: 16頭
  東京 4R 着順入手: 11頭
  東京 5R 着順入手: 10頭
  東京 6R 着順入手: 16頭
  東京 7R 着順入手: 16頭
  東京 8R 着順入手: 16頭
  東京 9R 着順入手: 10頭
  東京10R 着順入手: 14頭
  東京11R 着順入手: 15頭
  東京12R 着順入手: 16頭
  阪神 1R 着順入手: 7頭
  阪神 2R 着順入手: 16頭
  阪神 3R 着順入手: 16頭
  阪神 4R 着順入手: 16頭
  阪神 5R 着順入手: 9頭
  阪神 6R 着順入手: 17頭
  阪神 7R 着順入手: 16頭
  阪神 8R 着順入手: 16頭
  阪神 9R 着順入手: 9頭
  阪神10R 着順入手: 18頭
  阪神11R 着順入手: 15頭
  阪神12R 着順入手: 18頭
saved: results_20260620.json
[2026-06-20 19:00:26]   OK
[2026-06-20 19:00:26] RUN: python3 scripts/evaluate.py 20260620
# 答え合わせ 20260620（対象 35レース）

## 集計（◎単勝率 / トップ3内に複勝該当馬がいた率 / トップ3各馬の的中率）
| 手法 | 単勝率(◎=1着) | 複勝率(◎▲△に3着内) | 上位3頭内的中率 |
|--|--:|--:|--:|
| 能力スコアのみ | 17% (6/35) | 74% (26/35) | 33% (35/105) |
| バイアスのみ | 17% (6/35) | 77% (27/35) | 34% (36/105) |
| 能力×バイアス(現行) | 23% (8/35) | 80% (28/35) | 39% (41/105) |

## レース別本命比較
| レース | 1着実馬 | 能力◎ | バイアス◎ | 現行◎ |
|--|--|--|--|--|
| 函館1R 3歳未勝利 | 13番 グランフィエルテ | ◎9 | ◎9 | ◎9 |
| 函館2R 3歳未勝利 | 7番 コイタマチャン | ◎12 | ◎7✓ | ◎7✓ |
| 函館3R 3歳未勝利 | 10番 ジャケットポケット | ◎1 | ◎1 | ◎1 |
| 函館4R 3歳未勝利 | 3番 ミリオンアップ | ◎12 | ◎2 | ◎12 |
| 函館5R 2歳新馬 | 2番 イモージェン | ◎3 | ◎3 | ◎3 |
| 函館6R 2歳新馬 | 4番 ノリヤンモーニン | ◎1 | ◎1 | ◎1 |
| 函館7R 3歳未勝利 | 2番 ダーリンダーリン | ◎5 | ◎2✓ | ◎5 |
| 函館8R 3歳以上1勝クラス | 10番 クロナ | ◎4 | ◎3 | ◎10✓ |
| 函館9R 下北半島特別 | 9番 スミッコディスコ | ◎2 | ◎6 | ◎2 |
| 函館10R 駒ケ岳特別 | 4番 ゴールデンパゴーダ | ◎8 | ◎6 | ◎8 |
| 函館11R STV杯 | 10番 アンジュプロミス | ◎12 | ◎1 | ◎16 |
| 函館12R 3歳以上1勝クラス | 4番 ディナン | ◎4✓ | ◎7 | ◎4✓ |
| 東京1R 3歳未勝利 | 14番 ダノンプレサージュ | ◎14✓ | ◎14✓ | ◎14✓ |
| 東京2R 3歳未勝利 | 7番 ブルーミーティア | ◎14 | ◎1 | ◎1 |
| 東京3R 3歳未勝利 | 7番 ジュナベーラ | ◎13 | ◎3 | ◎13 |
| 東京4R 2歳新馬 | 2番 ルークウォーム | ◎5 | ◎5 | ◎5 |
| 東京5R 2歳新馬 | 1番 レッチュベルク | ◎9 | ◎9 | ◎9 |
| 東京6R 3歳未勝利 | 2番 ロングミックス | ◎2✓ | ◎2✓ | ◎2✓ |
| 東京7R 3歳未勝利 | 2番 アンジェラス | ◎9 | ◎9 | ◎9 |
| 東京8R 3歳以上1勝クラス | 1番 タイセイプランセス | ◎3 | ◎11 | ◎3 |
| 東京9R 町田特別 | 7番 チャリングクロス | ◎3 | ◎3 | ◎3 |
| 東京10R 相模湖特別 | 14番 ラージギャラリー | ◎8 | ◎3 | ◎8 |
| 東京11R スレイプニルS | 10番 リアレスト | ◎6 | ◎6 | ◎6 |
| 東京12R 3歳以上1勝クラス | 12番 オクトーバーナイン | ◎9 | ◎9 | ◎9 |
| 阪神2R 3歳未勝利 | 12番 マリリンバローズ | ◎12✓ | ◎6 | ◎12✓ |
| 阪神3R 3歳未勝利 | 1番 マクノス | ◎11 | ◎9 | ◎9 |
| 阪神4R 3歳未勝利 | 6番 オンザ | ◎9 | ◎8 | ◎9 |
| 阪神5R 2歳新馬 | 9番 リュウトウコヤク | ◎1 | ◎1 | ◎1 |
| 阪神6R 3歳未勝利 | 7番 メイショウショカツ | ◎3 | ◎18 | ◎3 |
| 阪神7R 3歳以上1勝クラス | 5番 サガルマータ | ◎16 | ◎16 | ◎16 |
| 阪神8R 3歳以上1勝クラス | 12番 ショウナンバンライ | ◎10 | ◎12✓ | ◎10 |
| 阪神9R 舞子特別 | 6番 アヴィオン | ◎6✓ | ◎6✓ | ◎6✓ |
| 阪神10R ストークS | 6番 サクソンジェンヌ | ◎18 | ◎18 | ◎18 |
| 阪神11R 天保山S | 3番 ベルジュロネット | ◎3✓ | ◎14 | ◎3✓ |
| 阪神12R 3歳以上1勝クラス | 12番 アロンソア | ◎13 | ◎11 | ◎13 |
[2026-06-20 19:00:26]   OK
appended: ## 2026-06-20(土)  v0.9 weekly run
