[2026-06-05 21:08:04] === PREDICT 20260606 ===
[2026-06-05 21:08:05] RUN: python3 scripts/fetch_shutuba.py 20260606
/Users/kubota/Library/Python/3.9/lib/python/site-packages/urllib3/__init__.py:35: NotOpenSSLWarning: urllib3 v2 only supports OpenSSL 1.1.1+, currently the 'ssl' module is compiled with 'LibreSSL 2.8.3'. See: https://github.com/urllib3/urllib3/issues/3020
  warnings.warn(
[20260606] 24 races found
  東京 1R 障3000m  14頭  3歳以上障害未勝利
  東京 2R ダ1600m  16頭  3歳未勝利
  東京 3R ダ1400m  16頭  3歳未勝利
  東京 4R 芝1400m  7頭  2歳新馬
  東京 5R 芝1600m  9頭  2歳新馬
  東京 6R ダ1600m  16頭  3歳未勝利
  東京 7R 芝2000m  16頭  3歳未勝利
  東京 8R ダ1600m  16頭  3歳以上1勝クラス
  東京 9R 芝2400m  12頭  稲城特別
  東京10R 芝1400m  17頭  テレビ山梨杯
  東京11R ダ1400m  16頭  麦秋S
  東京12R ダ1600m  16頭  3歳以上1勝クラス
saved: /Users/kubota/Desktop/bias/app/data/shutuba_20260606.json
[2026-06-05 21:08:11]   OK
[2026-06-05 21:08:11] RUN: python3 scripts/fetch_horse.py 20260606
/Users/kubota/Library/Python/3.9/lib/python/site-packages/urllib3/__init__.py:35: NotOpenSSLWarning: urllib3 v2 only supports OpenSSL 1.1.1+, currently the 'ssl' module is compiled with 'LibreSSL 2.8.3'. See: https://github.com/urllib3/urllib3/issues/3020
  warnings.warn(
取得対象: 171頭
  10/171: 父=Study of Man(愛) 母父=New Approach 前走=5件
  20/171: 父=リオンディーズ 母父=ローエングリン 前走=0件
  30/171: 父=マインドユアビスケッツMind Your Biscuits(米) 母父=Ready's Image 前走=2件
  40/171: 父=アジアエクスプレス 母父=ハーツクライ 前走=2件
  50/171: 父=ポエティックフレアPoetic Flare(愛) 母父=スクリーンヒーロー 前走=0件
  60/171: 父=ジャンダルム 母父=Catcher In The Rye 前走=0件
  70/171: 父=ビーチパトロールBeach Patrol(米) 母父=ダイワメジャー 前走=5件
  80/171: 父=スワーヴリチャード 母父=Giant's Causeway(米) 前走=4件
  90/171: 父=Palace Pier(英) 母父=Acclamation 前走=2件
  100/171: 父=アドマイヤマーズ 母父=クロフネ 前走=5件
  110/171: 父=マクフィMakfi(英) 母父=ローエングリン 前走=3件
  120/171: 父=エピファネイア 母父=キングカメハメハ 前走=3件
  130/171: 父=キズナ 母父=キングカメハメハ 前走=5件
  140/171: 父=ディスクリートキャットDiscreet Cat(米) 母父=サウスヴィグラス 前走=5件
  150/171: 父=ニューイヤーズデイ 母父=キングカメハメハ 前走=5件
  160/171: 父=ドレフォンDrefong(米) 母父=ダイワメジャー 前走=5件
  170/171: 父=アドミラブル 母父=キングズベストKing's Best(米) 前走=5件
  171/171: 父=ミスターメロディ 母父=キングカメハメハ 前走=5件
saved: /Users/kubota/Desktop/bias/app/data/horses_20260606.json
[2026-06-05 21:12:31]   OK
[2026-06-05 21:12:31] RUN: python3 scripts/build_lineage_fallback.py
fallback補完: 361種牡馬
[2026-06-05 21:12:47]   OK
[2026-06-05 21:12:47] RUN: python3 scripts/fetch_odds.py 20260606
/Users/kubota/Library/Python/3.9/lib/python/site-packages/urllib3/__init__.py:35: NotOpenSSLWarning: urllib3 v2 only supports OpenSSL 1.1.1+, currently the 'ssl' module is compiled with 'LibreSSL 2.8.3'. See: https://github.com/urllib3/urllib3/issues/3020
  warnings.warn(
  ! 202605030101: 'str' object has no attribute 'get'
  ! 202605030102: 'str' object has no attribute 'get'
  ! 202605030103: 'str' object has no attribute 'get'
  ! 202605030104: 'str' object has no attribute 'get'
  ! 202605030105: 'str' object has no attribute 'get'
  ! 202605030106: 'str' object has no attribute 'get'
  ! 202605030107: 'str' object has no attribute 'get'
  ! 202605030108: 'str' object has no attribute 'get'
  ! 202605030109: 'str' object has no attribute 'get'
  ! 202605030110: 'str' object has no attribute 'get'
  ! 202605030111: 'str' object has no attribute 'get'
  ! 202605030112: 'str' object has no attribute 'get'
saved: odds_20260606.json
[2026-06-05 21:12:56]   OK
[2026-06-05 21:12:56] RUN: python3 scripts/build_web.py 20260606 --top 4
# 🐎 2026/6/6(土) トラックバイアス推奨

**開催**: 東京　**馬場**: ☁️曇 馬場稍 / ☁️曇 馬場良

> **印**: ◎本命 ○対抗 ▲単穴 △連下　／　**能力**=過去実績スコア(0-100)　**bias**=バイアス適合点　**評価**=能力×バイアス補正（この順で本命決定）　／　💎=能力中位だがバイアスで浮上した穴候補

## 🎯 注目レース

| レース | 確信度 | ◎本命(馬番 馬名) | 能力 | 評価 |
|--|--|--|--:|--:|
| 東京11R 麦秋S | ★ 混戦 | 12 スナッピードレッサ | 63 | 101.4 |

## 📋 全レース

### 東京1R 障3000m 3歳以上障害未勝利
_対象外（未登録コース: 東京障3000m）_

### 東京2R ダ1600m 3歳未勝利（16頭）・☁️曇 馬場稍
**★★ 有力**　狙い: 外枠の馬がスピードに乗りやすく内枠は不利

| 印 | 馬番 | 馬名 | 性齢 | 騎手 | 斤量 | 能力 | bias | 評価 | 根拠 |
|:--:|:--:|--|:--:|--|:--:|--:|--:|--:|--|
| ◎ | **9** | アイアンパイク | 牝3 | 横山典 | 55.0 | 54 | 12 | **70.7** | トップ騎手(横山典複勝36%) ／ 同距離同面ローテ(ダ1600→同) ／ 複勝安定(80%) ／ [Cal]ダート |
| ○ | **1** | ラショナルポイント | 牝3 | 横山武 | 55.0 | 46 | 16 | **65.0** | トップ騎手(横山武複勝32%) ／ 距離短縮(ダ1800→1600) ／ 上がり最速級(34.0s) ／ 馬場適性(稍ダートは差し届く→差し) |
| ▲ | **13** | タイセイルビー | 牝3 | 三浦 | 55.0 | 41 | 14 | **54.8** | 外枠(13)有利 ／ 上位騎手(三浦複勝28%) ／ 距離短縮(ダ1800→1600) ／ 馬場適性(稍ダートは差し届く→差し) |
| △ | **3** | アジュアカレンツ | 牝3 | ディー | 55.0 | 39 | 8 | **46.7** | 馬場適性(稍ダートは差し届く→追込) ／ [Cal]ダート ／ [Cal]距離延長(1400→1600) ／ [Cal]継続騎乗 |

### 東京3R ダ1400m 3歳未勝利（16頭）・☁️曇 馬場稍
**★★ 有力**　狙い: 差し有利が目立ち、馬場が湿ると特に届きやすい

| 印 | 馬番 | 馬名 | 性齢 | 騎手 | 斤量 | 能力 | bias | 評価 | 根拠 |
|:--:|:--:|--|:--:|--|:--:|--:|--:|--:|--|
| ◎ | **15** | レイズテンペスト | 牡3 | 横山和 | 57.0 | 47 | 14 | **62.9** | 外枠(15)有利 ／ 距離短縮(ダ1600→1400) ／ 馬場適性(稍ダートは差し届く→差し) ／ [Cal]ダート |
| ○ | **12** | サトノワーグナー | 牡3 | 戸崎圭 | 57.0 | 39 | 18 | **56.8** | 外枠(12)有利 ／ トップ騎手(戸崎圭複勝38%) ／ 父ロードカナロア=注目血統(ロードカナロア) ／ 距離短縮(ダ1600→1400) |
| ▲ | **9** | レイズレガシー | 牡3 | 佐々木 | 57.0 | 43 | 9 | **52.6** | 上位騎手(佐々木複勝24%) ／ 馬場適性(稍ダートは差し届く→差し) ／ [Cal]ダート ／ [Cal]距離延長(1300→1400) |
| △ | **10** | キタノシオン | 牝3 | 木幡初 | 55.0 | 41 | 9 | **50.3** | 同距離同面ローテ(ダ1400→同) ／ 馬場適性(稍ダートは差し届く→差し) ／ [Cal]ダート ／ [Cal]継続騎乗 |

### 東京4R 芝1400m 2歳新馬（7頭）・☁️曇 馬場良
**★ 混戦**　狙い: 他場1400mよりも末脚勝負になりやすい

| 印 | 馬番 | 馬名 | 性齢 | 騎手 | 斤量 | 能力 | bias | 評価 | 根拠 |
|:--:|:--:|--|:--:|--|:--:|--:|--:|--:|--|
| ◎💎 | **5** | オオセイケイ | 牝2 | 横山武 | 55.0 | — | 11 | **35.7** | 外枠(5)有利 ／ トップ騎手(横山武複勝32%) ／ 父サートゥルナーリア=注目血統(ロードカナロア系) ／ 母父ディープインパクト=注目血統(ディープインパクト系) |
| ○💎 | **6** | ニューロファイター | 牡2 | レーン | 55.0 | — | 9 | **34.3** | 外枠(6)有利 ／ トップ騎手(レーン複勝50%) ／ 父シルバーステート=注目血統(ディープインパクト系) ／ [Cal]少頭数 |
| ▲ | **7** | ベアアミーチ | 牝2 | 丹内 | 55.0 | — | 5 | **31.5** | 外枠(7)有利 ／ [Cal]少頭数 ／ [Cal]大外枠 |
| △ | **3** | ドルチェテソーロ | 牝2 | 木幡巧 | 55.0 | — | 4 | **30.8** | 父フィエールマン=注目血統(ディープインパクト系) ／ [Cal]少頭数 |

### 東京5R 芝1600m 2歳新馬（9頭）・☁️曇 馬場良
**★ 混戦**　狙い: ペースが緩みにくく、バテない体力と末脚性能が必要

| 印 | 馬番 | 馬名 | 性齢 | 騎手 | 斤量 | 能力 | bias | 評価 | 根拠 |
|:--:|:--:|--|:--:|--|:--:|--:|--:|--:|--|
| ◎💎 | **9** | エリステソーロ | 牡2 | 菅原明 | 55.0 | — | 9 | **34.3** | 外枠(9)有利 ／ 上位騎手(菅原明複勝25%) ／ 父キタサンブラック=注目血統(サンデーサイレンス系(ディープ含む)) ／ [Cal]少頭数 |
| ○💎 | **8** | アミノショコラ | 牡2 | 原田和 | 55.0 | — | 6 | **32.2** | 外枠(8)有利 ／ 母父ハーツクライ=注目血統(サンデーサイレンス系(ディープ含む)) ／ [Cal]少頭数 |
| ▲ | **1** | ウィンターブリーズ | 牡2 | レーン | 55.0 | — | 4 | **30.8** | トップ騎手(レーン複勝50%) ／ [Cal]少頭数 ／ [Cal]1枠 |
| △ | **3** | レオリアライズ | 牝2 | 佐々木 | 55.0 | — | 4 | **30.8** | 上位騎手(佐々木複勝24%) ／ 母父ルーラーシップ=注目血統(キングカメハメハ系(ロードカナロア)) ／ [Cal]少頭数 |

### 東京6R ダ1600m 3歳未勝利（16頭）・☁️曇 馬場稍
**★★★ 軸向き**　狙い: 外枠の馬がスピードに乗りやすく内枠は不利

| 印 | 馬番 | 馬名 | 性齢 | 騎手 | 斤量 | 能力 | bias | 評価 | 根拠 |
|:--:|:--:|--|:--:|--|:--:|--:|--:|--:|--|
| ◎ | **8** | アオイミズホ | 牡3 | 戸崎圭 | 57.0 | 53 | 13 | **70.6** | トップ騎手(戸崎圭複勝38%) ／ 同距離同面ローテ(ダ1600→同) ／ 複勝安定(80%) ／ [Cal]ダート |
| ○ | **3** | ファーザーアウェイ | 牡3 | 三浦 | 57.0 | 45 | 9 | **55.5** | 上位騎手(三浦複勝28%) ／ 馬場適性(稍ダートは差し届く→追込) ／ [Cal]ダート ／ [Cal]距離短縮(2000→1600) |
| ▲ | **11** | ラッキースウィッチ | 牡3 | ルメール | 57.0 | 39 | 16 | **55.0** | 外枠(11)有利 ／ トップ騎手(ルメール複勝50%) ／ 距離短縮(ダ1800→1600) ／ 馬場適性(稍ダートは差し届く→差し) |
| △ | **1** | フェンリル | 牡3 | 佐々木 | 57.0 | 37 | 14 | **50.1** | 上位騎手(佐々木複勝24%) ／ 父ドレフォン=注目血統(ドレフォン) ／ 同距離同面ローテ(ダ1600→同) ／ 馬場適性(稍ダートは差し届く→追込) |

### 東京7R 芝2000m 3歳未勝利（16頭）・☁️曇 馬場良
**★★★ 軸向き**　狙い: 内枠有利、外枠不利と言われるが…

| 印 | 馬番 | 馬名 | 性齢 | 騎手 | 斤量 | 能力 | bias | 評価 | 根拠 |
|:--:|:--:|--|:--:|--|:--:|--:|--:|--:|--|
| ◎ | **6** | ショウナンマルチ | 牡3 | ルメール | 57.0 | 56 | 13 | **74.9** | トップ騎手(ルメール複勝50%) ／ 距離短縮(芝2400→2000) ／ 複勝安定(100%) ／ [Cal]距離短縮(2400→2000) |
| ○ | **8** | ヤマメホープ | 牡3 | 戸崎圭 | 57.0 | 49 | 5 | **55.2** | トップ騎手(戸崎圭複勝38%) ／ 同距離同面ローテ(芝2000→同) |
| ▲ | **9** | イニスフェイル | 牡3 | ゴンサルベ | 57.0 | 39 | 5 | **44.3** | 母父ロードカナロア=注目血統(ロードカナロア) ／ [Cal]距離延長(1800→2000) ／ [Cal]継続騎乗 |
| △ | **10** | アッシズオブローズ | 牝3 | レーン | 55.0 | 39 | 5 | **44.1** | トップ騎手(レーン複勝50%) ／ 同距離同面ローテ(芝2000→同) |

### 東京8R ダ1600m 3歳以上1勝クラス（16頭）・☁️曇 馬場稍
**★ 混戦**　狙い: 外枠の馬がスピードに乗りやすく内枠は不利

| 印 | 馬番 | 馬名 | 性齢 | 騎手 | 斤量 | 能力 | bias | 評価 | 根拠 |
|:--:|:--:|--|:--:|--|:--:|--:|--:|--:|--|
| ◎ | **3** | ヴンダーバール | 牝3 | 横山武 | 53.0 | 60 | 12 | **77.9** | トップ騎手(横山武複勝32%) ／ 同距離同面ローテ(ダ1600→同) ／ 複勝安定(80%) ／ [Cal]ダート |
| ○ | **14** | エアトベーレ | 牝3 | 嶋田 | 53.0 | 58 | 13 | **77.2** | 外枠(14)有利 ／ 複勝安定(80%) ／ [Cal]ダート ／ [Cal]距離短縮(1700→1600) |
| ▲ | **8** | アンディラメナ | 牝3 | 丸山 | 53.0 | 51 | 12 | **66.4** | 複勝安定(67%) ／ 馬場適性(稍ダートは差し届く→差し) ／ [Cal]ダート ／ [Cal]距離延長(1400→1600) |
| △ | **1** | リバースザトレンド | 牝4 | 横山和 | 56.0 | 43 | 16 | **60.1** | 距離短縮(ダ1800→1600) ／ 複勝安定(60%) ／ 馬場適性(稍ダートは差し届く→差し) ／ [Cal]ダート |

### 東京9R 芝2400m 稲城特別（12頭）・☁️曇 馬場良
**★★ 有力**　狙い: 末脚が活きる王道コースのため実力重視

| 印 | 馬番 | 馬名 | 性齢 | 騎手 | 斤量 | 能力 | bias | 評価 | 根拠 |
|:--:|:--:|--|:--:|--|:--:|--:|--:|--:|--|
| ◎ | **3** | ヴォートセレスト | 牡3 | 石川 | 54.0 | 66 | 12 | **85.8** | 軽斤量(54.0kg・基準58kg) ／ 前走馬券内該当(1着) ／ 複勝安定(100%) ／ [Cal]距離延長(2000→2400) |
| ○ | **12** | イブキ | 牡3 | 横山和 | 54.0 | 57 | 16 | **80.1** | 軽斤量(54.0kg・基準58kg) ／ 父レイデオロ=注目血統(レイデオロ) ／ 前走後方差し(通過7-7-7-7) ／ 前走馬券内該当(2着) |
| ▲ | **6** | リリエンフェルト | 牝5 | 原田和 | 56.0 | 56 | 12 | **72.7** | 父ルーラーシップ=注目血統(ルーラーシップ) ／ 前走馬券内該当(1着) ／ 複勝安定(80%) ／ [Cal]9R(好成績帯) |
| △ | **10** | ウップヘリーア | 牡3 | ルメール | 54.0 | 51 | 13 | **67.7** | 軽斤量(54.0kg・基準58kg) ／ トップ騎手(ルメール複勝50%) ／ 前走後方差し(通過6-5) ／ 上がり最速級(33.4s) |

### 東京10R 芝1400m テレビ山梨杯（17頭）・☁️曇 馬場良
**★ 混戦**　狙い: 他場1400mよりも末脚勝負になりやすい

| 印 | 馬番 | 馬名 | 性齢 | 騎手 | 斤量 | 能力 | bias | 評価 | 根拠 |
|:--:|:--:|--|:--:|--|:--:|--:|--:|--:|--|
| ◎ | **1** | サンタアニタ | 牝4 | 斎藤 | 53.0 | 63 | 10 | **79.1** | 同距離同面ローテ(芝1400→同) ／ 複勝安定(80%) ／ [Cal]1枠 ／ [Cal]継続騎乗 |
| ○ | **6** | ロジケープ | 牡3 | 丹内 | 54.0 | 65 | 8 | **78.1** | 複勝安定(100%) ／ [Cal]距離延長(1200→1400) ／ [Cal]継続騎乗 |
| ▲ | **4** | クレパスキュラー | 牡3 | ルメール | 55.0 | 54 | 15 | **74.9** | トップ騎手(ルメール複勝50%) ／ 母父ディープインパクト=注目血統(ディープインパクト系) ／ 距離短縮(芝1800→1400) ／ 複勝安定(67%) |
| △ | **11** | ファムマルキーズ | 牝3 | 小崎 | 52.0 | 59 | 8 | **70.9** | 同距離同面ローテ(芝1400→同) ／ 複勝安定(75%) |

### ⭐ 東京11R ダ1400m 麦秋S（16頭）・☁️曇 馬場稍
**★ 混戦**　狙い: 差し有利が目立ち、馬場が湿ると特に届きやすい

| 印 | 馬番 | 馬名 | 性齢 | 騎手 | 斤量 | 能力 | bias | 評価 | 根拠 |
|:--:|:--:|--|:--:|--|:--:|--:|--:|--:|--|
| ◎ | **12** | スナッピードレッサ | 牡4 | レーン | 57.0 | 63 | 24 | **101.4** | 外枠(12)有利 ／ トップ騎手(レーン複勝50%) ／ 同距離同面ローテ(ダ1400→同) ／ 前走先行(通過3-3) |
| ○ | **5** | モーニングマジック | 牝4 | 三浦 | 54.0 | 70 | 18 | **101.2** | 上位騎手(三浦複勝28%) ／ 同距離同面ローテ(ダ1400→同) ／ 前走先行(通過2-2) ／ 複勝安定(80%) |
| ▲ | **16** | シュヴァルボヌール | 牝4 | ゴンサルベ | 54.0 | 64 | 16 | **90.3** | 外枠(16)有利 ／ 複勝安定(80%) ／ 上位クラス通用(5着以内) ／ 馬場適性(稍ダートは差し届く→差し) |
| △ | **7** | エイプリルインパリ | 牝4 | 小崎 | 53.0 | 67 | 12 | **86.8** | 軽斤量(53.0kg・基準56kg) ／ 前走先行(通過2-1) ／ 複勝安定(80%) ／ 上位クラス通用(5着以内) |

### 東京12R ダ1600m 3歳以上1勝クラス（16頭）・☁️曇 馬場稍
**★★★ 軸向き**　狙い: 外枠の馬がスピードに乗りやすく内枠は不利

| 印 | 馬番 | 馬名 | 性齢 | 騎手 | 斤量 | 能力 | bias | 評価 | 根拠 |
|:--:|:--:|--|:--:|--|:--:|--:|--:|--:|--|
| ◎ | **10** | ザーフィル | 牡3 | レーン | 55.0 | 57 | 18 | **83.2** | トップ騎手(レーン複勝50%) ／ 同距離同面ローテ(ダ1600→同) ／ 複勝安定(80%) ／ 上位クラス通用(5着以内) |
| ○ | **15** | オンサイト | 牡4 | ▲大久保 | 55.0 | 42 | 18 | **60.5** | 外枠(15)有利 ／ 低勝率騎手(大久保複勝5%) ／ 複勝安定(80%) ／ 馬場適性(稍ダートは差し届く→差し) |
| ▲ | **8** | ベンメリア | セ4 | 嶋田 | 58.0 | 48 | 9 | **59.2** | 複勝安定(60%) ／ [Cal]ダート ／ [Cal]距離短縮(1700→1600) ／ [Cal]12R(好成績帯) |
| △ | **16** | ザローズハーツ | 牝4 | 佐々木 | 56.0 | 34 | 17 | **47.7** | 外枠(16)有利 ／ 上位騎手(佐々木複勝24%) ／ 父ミスターメロディ=注目血統(ヘニーヒューズ系) ／ 同距離同面ローテ(ダ1600→同) |

---
_馬券は自己責任で。本表は分析の共有であり購入を推奨するものではありません。_

# HTML: /Users/kubota/Desktop/bias/docs/predict_20260606.html
[2026-06-05 21:12:56]   OK
[2026-06-05 21:12:56] git commit: weekly: 20260606 予想生成
To https://github.com/shinkubota/keiba-bias.git
   18abb81..485d8f1  main -> main
[2026-06-05 21:12:58] DONE
