[2026-06-14 19:09:27] === REVIEW 20260614 ===
[2026-06-14 19:09:27] RUN: python3 scripts/fetch_results.py 20260614
/Users/kubota/Library/Python/3.9/lib/python/site-packages/urllib3/__init__.py:35: NotOpenSSLWarning: urllib3 v2 only supports OpenSSL 1.1.1+, currently the 'ssl' module is compiled with 'LibreSSL 2.8.3'. See: https://github.com/urllib3/urllib3/issues/3020
  warnings.warn(
  函館 1R 着順入手: 16頭
  函館 2R 着順入手: 11頭
  函館 3R 着順入手: 12頭
  函館 4R 着順入手: 16頭
  函館 5R 着順入手: 8頭
  函館 6R 着順入手: 15頭
  函館 7R 着順入手: 12頭
  函館 8R 着順入手: 13頭
  函館 9R 着順入手: 10頭
  函館10R 着順入手: 12頭
  函館11R 着順入手: 16頭
  函館12R 着順入手: 10頭
  東京 1R 着順入手: 15頭
  東京 2R 着順入手: 16頭
  東京 3R 着順入手: 17頭
  東京 4R 着順入手: 14頭
  東京 5R 着順入手: 8頭
  東京 6R 着順入手: 15頭
  東京 7R 着順入手: 8頭
  東京 8R 着順入手: 16頭
  東京 9R 着順入手: 11頭
  東京10R 着順入手: 14頭
  東京11R 着順入手: 13頭
  東京12R 着順入手: 12頭
  阪神 1R 着順入手: 16頭
  阪神 2R 着順入手: 16頭
  阪神 3R 着順入手: 16頭
  阪神 4R 着順入手: 17頭
  阪神 5R 着順入手: 8頭
  阪神 6R 着順入手: 16頭
  阪神 7R 着順入手: 11頭
  阪神 8R 着順入手: 9頭
  阪神 9R 着順入手: 13頭
  阪神10R 着順入手: 14頭
  阪神11R 着順入手: 17頭
  阪神12R 着順入手: 15頭
saved: results_20260614.json
[2026-06-14 19:09:52]   OK
[2026-06-14 19:09:52] RUN: python3 scripts/evaluate.py 20260614
# 答え合わせ 20260614（対象 36レース）

## 集計（◎単勝率 / トップ3内に複勝該当馬がいた率 / トップ3各馬の的中率）
| 手法 | 単勝率(◎=1着) | 複勝率(◎▲△に3着内) | 上位3頭内的中率 |
|--|--:|--:|--:|
| 能力スコアのみ | 14% (5/36) | 81% (29/36) | 41% (44/108) |
| バイアスのみ | 11% (4/36) | 69% (25/36) | 33% (36/108) |
| 能力×バイアス(現行) | 17% (6/36) | 83% (30/36) | 40% (43/108) |

## レース別本命比較
| レース | 1着実馬 | 能力◎ | バイアス◎ | 現行◎ |
|--|--|--|--|--|
| 函館1R 3歳未勝利 | 13番 カガラプンツェル | ◎3 | ◎3 | ◎3 |
| 函館2R 3歳未勝利 | 10番 ストロングボーイ | ◎10✓ | ◎11 | ◎10✓ |
| 函館3R 3歳未勝利 | 5番 ライトニングロッド | ◎9 | ◎9 | ◎9 |
| 函館4R 3歳未勝利 | 6番 ブランヴァンダイク | ◎1 | ◎1 | ◎1 |
| 函館5R 2歳新馬 | 3番 セタキト | ◎1 | ◎1 | ◎1 |
| 函館6R 3歳未勝利 | 3番 エイカイコバチ | ◎2 | ◎2 | ◎2 |
| 函館7R 3歳以上1勝クラス | 12番 ヒットミー | ◎3 | ◎3 | ◎3 |
| 函館8R 3歳以上1勝クラス | 10番 シーグルロス | ◎13 | ◎13 | ◎13 |
| 函館9R 八雲特別 | 5番 モンローウォーク | ◎5✓ | ◎10 | ◎5✓ |
| 函館10R 津軽海峡特別 | 3番 チギリ | ◎4 | ◎4 | ◎4 |
| 函館11R 函館日刊スポーツ杯 | 2番 マーブルパレス | ◎1 | ◎1 | ◎1 |
| 函館12R 3歳以上1勝クラス | 8番 ストラーダ | ◎5 | ◎5 | ◎5 |
| 東京1R 3歳未勝利 | 7番 レゲンデ | ◎15 | ◎11 | ◎15 |
| 東京2R 3歳未勝利 | 8番 モデレートゲイル | ◎8✓ | ◎6 | ◎8✓ |
| 東京3R 3歳未勝利 | 3番 レヴェランジェ | ◎9 | ◎13 | ◎3✓ |
| 東京4R 2歳新馬 | 10番 ユイノエスポワール | ◎11 | ◎11 | ◎11 |
| 東京5R 2歳新馬 | 3番 ベルウッドディープ | ◎8 | ◎8 | ◎8 |
| 東京6R 3歳以上1勝クラス | 13番 マッドゲイル | ◎11 | ◎16 | ◎16 |
| 東京7R 3歳以上1勝クラス | 8番 ジャスティンシカゴ | ◎3 | ◎8✓ | ◎3 |
| 東京8R 3歳以上1勝クラス | 15番 バスキュール | ◎15✓ | ◎15✓ | ◎15✓ |
| 東京9R 芦ノ湖特別 | 7番 コムユンプリュム | ◎4 | ◎1 | ◎4 |
| 東京10R 江の島S | 2番 レッドテリオス | ◎1 | ◎8 | ◎1 |
| 東京11R パラダイスS | 11番 マイネルチケット | ◎8 | ◎11✓ | ◎8 |
| 東京12R 3歳以上2勝クラス | 11番 ロンギングフォユー | ◎10 | ◎10 | ◎10 |
| 阪神1R 3歳未勝利 | 14番 アルビオン | ◎11 | ◎16 | ◎11 |
| 阪神2R 3歳未勝利 | 16番 モズジェネラル | ◎4 | ◎4 | ◎4 |
| 阪神3R 3歳未勝利 | 7番 レッドホット | ◎1 | ◎1 | ◎1 |
| 阪神4R 3歳未勝利 | 6番 チェルヴァーラ | ◎6✓ | ◎6✓ | ◎6✓ |
| 阪神5R 2歳新馬 | 6番 インカルナータ | ◎8 | ◎8 | ◎8 |
| 阪神6R 3歳以上1勝クラス | 12番 レッドレベンディス | ◎11 | ◎9 | ◎11 |
| 阪神7R 3歳以上1勝クラス | 9番 ナリタエスペランサ | ◎2 | ◎7 | ◎2 |
| 阪神8R 逆瀬川特別 | 5番 メイショウコマチ | ◎1 | ◎8 | ◎1 |
| 阪神9R 武庫川特別 | 6番 ミロワール | ◎14 | ◎14 | ◎14 |
| 阪神10R 花のみちS | 8番 ミナデオロ | ◎3 | ◎2 | ◎3 |
| 阪神11R 宝塚記念 | 16番 メイショウタバル | ◎4 | ◎2 | ◎4 |
| 阪神12R リボン賞 | 12番 ノボリショウリュウ | ◎15 | ◎1 | ◎15 |
[2026-06-14 19:09:52]   OK
appended: ## 2026-06-14(日)  v0.9 weekly run
