[2026-06-20 17:00:01] === PREDICT 20260621 (early) ===
[2026-06-20 17:00:01] RUN: python3 scripts/fetch_shutuba.py 20260621
/Users/kubota/Library/Python/3.9/lib/python/site-packages/urllib3/__init__.py:35: NotOpenSSLWarning: urllib3 v2 only supports OpenSSL 1.1.1+, currently the 'ssl' module is compiled with 'LibreSSL 2.8.3'. See: https://github.com/urllib3/urllib3/issues/3020
  warnings.warn(
[20260621] 36 races found
  函館 1R 芝1200m  16頭  3歳未勝利
  函館 2R ダ2400m  11頭  3歳未勝利
  函館 3R ダ1000m  12頭  3歳未勝利
  函館 4R 芝1800m  16頭  3歳未勝利
  函館 5R 芝1200m  10頭  2歳新馬
  函館 6R ダ1700m  13頭  3歳未勝利
  函館 7R 芝1200m  11頭  3歳以上1勝クラス
  函館 8R ダ1700m  12頭  3歳以上1勝クラス
  函館 9R 芝2000m  12頭  遊楽部特別
  函館10R ダ1700m  9頭  檜山特別
  函館11R 芝1200m  15頭  UHB杯
  函館12R 芝1800m  10頭  3歳以上1勝クラス
  東京 1R 障3000m  14頭  3歳以上障害未勝利
  東京 2R ダ1600m  16頭  3歳未勝利
  東京 3R ダ2100m  16頭  3歳未勝利
  東京 4R 芝1400m  10頭  2歳新馬
  東京 5R 芝1800m  13頭  2歳新馬
  東京 6R 芝1600m  16頭  3歳未勝利
  東京 7R ダ1600m  16頭  3歳以上1勝クラス
  東京 8R 芝1600m  16頭  3歳以上1勝クラス
  東京 9R ダ1400m  16頭  甲州街道特別
  東京10R 芝1400m  16頭  多摩川S
  東京11R 芝1800m  16頭  府中牝馬S
  東京12R ダ1400m  16頭  3歳以上1勝クラス
  阪神 1R ダ1400m  16頭  3歳未勝利
  阪神 2R 芝1600m  18頭  3歳未勝利
  阪神 3R ダ1800m  16頭  3歳未勝利
  阪神 4R 芝2400m  18頭  3歳未勝利
  阪神 5R 芝1600m  9頭  2歳新馬
  阪神 6R 芝1400m  18頭  3歳未勝利
  阪神 7R ダ1400m  16頭  3歳以上1勝クラス
  阪神 8R 芝2000m  8頭  3歳以上1勝クラス
  阪神 9R 芝2000m  7頭  高砂特別
  阪神10R ダ1800m  16頭  姫路S
  阪神11R 芝1600m  18頭  しらさぎS
  阪神12R ダ1800m  13頭  3歳以上2勝クラス
saved: /Users/kubota/Desktop/bias/app/data/shutuba_20260621.json
[2026-06-20 17:00:28]   OK
[2026-06-20 17:00:28] RUN: python3 scripts/fetch_horse.py 20260621
/Users/kubota/Library/Python/3.9/lib/python/site-packages/urllib3/__init__.py:35: NotOpenSSLWarning: urllib3 v2 only supports OpenSSL 1.1.1+, currently the 'ssl' module is compiled with 'LibreSSL 2.8.3'. See: https://github.com/urllib3/urllib3/issues/3020
  warnings.warn(
取得対象: 501頭
  10/501: 父=モズアスコット 母父=クロフネ 前走=3件
  20/501: 父=キズナ 母父=エンパイアメーカーEmpire Maker(米) 前走=2件
  30/501: 父=カラヴァッジオ 母父=Lizard Island 前走=3件
  40/501: 父=レイデオロ 母父=マンハッタンカフェ 前走=5件
  50/501: 父=コントレイル 母父=Tiz Wonderful 前走=1件
  60/501: 父=ダノンスマッシュ 母父=ハービンジャーHarbinger(英) 前走=0件
  70/501: 父=Into Mischief 母父=Medaglia d'Oro 前走=2件
  80/501: 父=インディチャンプ 母父=Invincible Spirit(愛) 前走=4件
  90/501: 父=サトノダイヤモンド 母父=Elusive Quality 前走=5件
  100/501: 父=ナダルNadal(米) 母父=ブライアンズタイムBrian's Time(米) 前走=5件
  110/501: 父=ブリックスアンドモルタルBricks and Mortar(米) 母父=ディープインパクト 前走=5件
  120/501: 父=トーセンラー 母父=Saint Liam 前走=5件
  130/501: 父=マジェスティックウォリアーMajestic Warrior(米) 母父=グラスワンダー 前走=5件
  140/501: 父=ウインブライト 母父=ロージズインメイRoses in May(米) 前走=5件
  150/501: 父=ゴールドドリーム 母父=ネオユニヴァース 前走=5件
  160/501: 父=リアルインパクト 母父=ミシルMisil(米) 前走=5件
  170/501: 父=タワーオブロンドン 母父=キャプテンスティーヴCaptain Steve(米) 前走=1件
  180/501: 父=オルフェーヴル 母父=ルーラーシップ 前走=5件
  190/501: 父=ゴールドドリーム 母父=ヘニーヒューズHenny Hughes(米) 前走=5件
  200/501: 父=シルバーステート 母父=Frankel 前走=0件
  210/501: 父=ドレフォンDrefong(米) 母父=ディープインパクト 前走=0件
  220/501: 父=アメリカンペイトリオット 母父=ゼンノロブロイ 前走=3件
  230/501: 父=ロードカナロア 母父=アドマイヤベガ 前走=5件
  240/501: 父=ナダルNadal(米) 母父=ディープインパクト 前走=5件
  250/501: 父=ミッキースワロー 母父=フレンチデピュティFrench Deputy(米) 前走=5件
  260/501: 父=モーリス 母父=Fastnet Rock(豪) 前走=3件
  270/501: 父=シニスターミニスターSinister Minister(米) 母父=キングヘイロー 前走=5件
  280/501: 父=Tapit(米) 母父=Medaglia d'Oro 前走=5件
  290/501: 父=キズナ 母父=Pure Prize 前走=5件
  300/501: 父=ドゥラメンテ 母父=Pulpit 前走=5件
  310/501: 父=キズナ 母父=Closing Argument 前走=5件
  320/501: 父=ゴールデンバローズ 母父=サンカルロ 前走=5件
  330/501: 父=キタノコマンドール 母父=Frankel 前走=1件
  340/501: 父=サートゥルナーリア 母父=フジキセキ 前走=3件
  350/501: 父=インディチャンプ 母父=Oasis Dream(英) 前走=5件
  360/501: 父=レイデオロ 母父=エンパイアメーカーEmpire Maker(米) 前走=3件
  370/501: 父=ディープブリランテ 母父=キングカメハメハ 前走=5件
  380/501: 父=リオンディーズ 母父=ディープインパクト 前走=5件
  390/501: 父=コントレイル 母父=Frankel 前走=3件
  400/501: 父=アドマイヤマーズ 母父=Siyouni 前走=0件
  410/501: 父=シルバーステート 母父=Darshaan 前走=3件
  420/501: 父=ハービンジャーHarbinger(英) 母父=ハーツクライ 前走=3件
  430/501: 父=ブリックスアンドモルタルBricks and Mortar(米) 母父=ネオユニヴァース 前走=5件
  440/501: 父=ルーラーシップ 母父=ディープインパクト 前走=2件
  450/501: 父=サートゥルナーリア 母父=ハービンジャーHarbinger(英) 前走=5件
  460/501: 父=モーリス 母父=ステイゴールド 前走=5件
  470/501: 父=ブラックタイド 母父=キングカメハメハ 前走=5件
  480/501: 父=ディープブリランテ 母父=ブライアンズタイムBrian's Time(米) 前走=5件
  490/501: 父=ゴールドシップ 母父=スペシャルウィーク 前走=5件
  500/501: 父=モズアスコット 母父=フジキセキ 前走=5件
  501/501: 父=リアルスティール 母父=キングカメハメハ 前走=5件
saved: /Users/kubota/Desktop/bias/app/data/horses_20260621.json
[2026-06-20 17:14:34]   OK
[2026-06-20 17:14:34] RUN: python3 scripts/build_lineage_fallback.py
fallback補完: 565種牡馬
[2026-06-20 17:15:16]   OK
[2026-06-20 17:15:16] RUN: python3 scripts/fetch_odds.py 20260621
/Users/kubota/Library/Python/3.9/lib/python/site-packages/urllib3/__init__.py:35: NotOpenSSLWarning: urllib3 v2 only supports OpenSSL 1.1.1+, currently the 'ssl' module is compiled with 'LibreSSL 2.8.3'. See: https://github.com/urllib3/urllib3/issues/3020
  warnings.warn(
  ! 202602010401: 'str' object has no attribute 'get'
  ! 202602010402: 'str' object has no attribute 'get'
  ! 202602010403: 'str' object has no attribute 'get'
  ! 202602010404: 'str' object has no attribute 'get'
  ! 202602010405: 'str' object has no attribute 'get'
  ! 202602010406: 'str' object has no attribute 'get'
  ! 202602010407: 'str' object has no attribute 'get'
  ! 202602010408: 'str' object has no attribute 'get'
  ! 202602010409: 'str' object has no attribute 'get'
  ! 202602010410: 'str' object has no attribute 'get'
  ! 202602010411: 'str' object has no attribute 'get'
  ! 202602010412: 'str' object has no attribute 'get'
  ! 202605030601: 'str' object has no attribute 'get'
  ! 202605030602: 'str' object has no attribute 'get'
  ! 202605030603: 'str' object has no attribute 'get'
  ! 202605030604: 'str' object has no attribute 'get'
  ! 202605030605: 'str' object has no attribute 'get'
  ! 202605030606: 'str' object has no attribute 'get'
  ! 202605030607: 'str' object has no attribute 'get'
  ! 202605030608: 'str' object has no attribute 'get'
  ! 202605030609: 'str' object has no attribute 'get'
  ! 202605030610: 'str' object has no attribute 'get'
  ! 202605030611: 'str' object has no attribute 'get'
  ! 202605030612: 'str' object has no attribute 'get'
  ! 202609030601: 'str' object has no attribute 'get'
  ! 202609030602: 'str' object has no attribute 'get'
  ! 202609030603: 'str' object has no attribute 'get'
  ! 202609030604: 'str' object has no attribute 'get'
  ! 202609030605: 'str' object has no attribute 'get'
  ! 202609030606: 'str' object has no attribute 'get'
  ! 202609030607: 'str' object has no attribute 'get'
  ! 202609030608: 'str' object has no attribute 'get'
  ! 202609030609: 'str' object has no attribute 'get'
  ! 202609030610: 'str' object has no attribute 'get'
  ! 202609030611: 'str' object has no attribute 'get'
  ! 202609030612: 'str' object has no attribute 'get'
saved: odds_20260621.json
[2026-06-20 17:15:51]   OK
[2026-06-20 17:15:51] RUN: python3 scripts/build_web.py 20260621 --top 4
# 🐎 2026/6/21(日) トラックバイアス推奨

**開催**: 函館・東京・阪神　**馬場**: 馬場良

> **印**: ◎本命 ○対抗 ▲単穴 △連下　／　**能力**=過去実績スコア(0-100)　**bias**=バイアス適合点　**評価**=能力×バイアス補正（この順で本命決定）　／　💎=能力中位だがバイアスで浮上した穴候補

## 🎯 注目レース

| レース | 確信度 | ◎本命(馬番 馬名) | 能力 | 評価 |
|--|--|--|--:|--:|
| 函館10R 檜山特別 | ★★★ 軸向き | 6 チャーリー | 59 | 78.3 |
| 東京10R 多摩川S | ★★★ 軸向き | 12 マテンロウブラボー | 65 | 95.4 |
| 阪神10R 姫路S | ★★★ 軸向き | 9 アカデミア | 72 | 98.4 |
| 東京11R 府中牝馬S | ★★★ 軸向き | 6 ヴァルキリーバース | 73 | 96.9 |
| 阪神11R しらさぎS | ★ 混戦 | 17 スイープアワーズ | 64 | 75.6 |

## 📋 全レース

### 函館1R 芝1200m 3歳未勝利（16頭）・馬場良
**★★ 有力**　狙い: 函館芝1200m

| 印 | 馬番 | 馬名 | 性齢 | 騎手 | 斤量 | 能力 | bias | 評価 | 根拠 |
|:--:|:--:|--|:--:|--|:--:|--:|--:|--:|--|
| ◎ | **1** | ソルトアイリス | 牝3 | △舟山 | 53.0 | 49 | 6 | **56.1** | 上位騎手(舟山複勝24%) ／ 上位厩舎(四位複勝29%) ／ [Cal]距離短縮(1600→1200) ／ [Cal]減量騎手(△) |
| ○ | **3** | バレンタインビスタ | 牝3 | 武豊 | 55.0 | 44 | 5 | **49.8** | トップ騎手(武豊複勝43%) ／ 上位厩舎(蛯名正複勝29%) ／ [Cal]距離短縮(1400→1200) |
| ▲ | **11** | ハルヒメ | 牝3 | ☆長浜 | 54.0 | 41 | 1 | **42.1** | [Cal]減量騎手(☆) |
| △ | **8** | ファインコンダクト | 牝3 | 横山武 | 55.0 | 33 | 5 | **37.2** | トップ騎手(横山武複勝32%) ／ 上位厩舎(久保田複勝28%) ／ [Cal]距離短縮(1600→1200) |

### 東京1R 障3000m 3歳以上障害未勝利
_対象外（未登録コース: 東京障3000m）_

### 阪神1R ダ1400m 3歳未勝利（16頭）・馬場良
**★★★ 軸向き**　狙い: 阪神ダ1400m

| 印 | 馬番 | 馬名 | 性齢 | 騎手 | 斤量 | 能力 | bias | 評価 | 根拠 |
|:--:|:--:|--|:--:|--|:--:|--:|--:|--:|--|
| ◎ | **1** | メイショウナナユキ | 牝3 | 菱田 | 55.0 | 49 | 8 | **59.3** | 複勝安定(60%) ／ [Cal]ダート ／ [Cal]1枠 ／ [Cal]継続騎乗 |
| ○ | **3** | ゴールドアーチ | 牡3 | 岩田望 | 57.0 | 44 | 1 | **45.0** | [Cal]ダート |
| ▲ | **16** | オアシスアラン | 牡3 | 坂井 | 57.0 | 39 | 4 | **42.5** | 上位騎手(坂井複勝30%) ／ 上位厩舎(高柳大複勝28%) ／ [Cal]ダート ／ [Cal]大外枠 |
| △ | **11** | サンライズフリード | 牡3 | 城戸 | 57.0 | 32 | 9 | **39.1** | 上位厩舎(小林複勝22%) ／ 馬場適性(良ダートは前残り→先行) ／ [Cal]ダート ／ [Cal]距離短縮(1800→1400) |

### 函館2R ダ2400m 3歳未勝利（11頭）・馬場良
**★★ 有力**　狙い: 函館ダ2400m

| 印 | 馬番 | 馬名 | 性齢 | 騎手 | 斤量 | 能力 | bias | 評価 | 根拠 |
|:--:|:--:|--|:--:|--|:--:|--:|--:|--:|--|
| ◎ | **8** | ロードステラート | 牡3 | 横山武 | 57.0 | 40 | 4 | **43.9** | トップ騎手(横山武複勝32%) ／ 上位厩舎(武英複勝26%) ／ [Cal]ダート |
| ○ | **1** | ハイドパーク | 牡3 | 国分恭 | 57.0 | 36 | 3 | **38.2** | 上位厩舎(田中克複勝28%) ／ [Cal]ダート ／ [Cal]1枠 |
| ▲ | **2** | ポップアップ | セ3 | 佐々木 | 57.0 | 35 | 3 | **37.2** | 上位騎手(佐々木複勝24%) ／ 上位厩舎(寺島複勝25%) ／ [Cal]ダート |
| △ | **3** | ウインモンクール | 牡3 | 丹内 | 57.0 | 35 | 2 | **37.2** | 上位厩舎(新谷複勝22%) ／ [Cal]ダート |

### 東京2R ダ1600m 3歳未勝利（16頭）・馬場良
**★★ 有力**　狙い: 外枠の馬がスピードに乗りやすく内枠は不利

| 印 | 馬番 | 馬名 | 性齢 | 騎手 | 斤量 | 能力 | bias | 評価 | 根拠 |
|:--:|:--:|--|:--:|--|:--:|--:|--:|--:|--|
| ◎ | **2** | ダノンマスタング | 牡3 | ルメール | 57.0 | 55 | 10 | **68.8** | トップ騎手(ルメール複勝50%) ／ トップ厩舎(田中博複勝35%) ／ 複勝安定(100%) ／ [Cal]ダート |
| ○ | **11** | モンスターラッシュ | 牡3 | 石川 | 57.0 | 48 | 13 | **64.3** | 外枠(11)有利 ／ 上位厩舎(高木複勝24%) ／ 同距離同面ローテ(ダ1600→同) ／ 馬場適性(良ダートは前残り→先行) |
| ▲ | **13** | ラッキーモア | 牡3 | 戸崎圭 | 57.0 | 46 | 7 | **53.9** | 外枠(13)有利 ／ トップ騎手(戸崎圭複勝38%) ／ [Cal]ダート ／ [Cal]距離延長(1400→1600) |
| △ | **3** | ライトアファイア | 牡3 | 菊沢 | 57.0 | 44 | 8 | **52.7** | 上位厩舎(伊藤圭複勝22%) ／ 距離短縮(ダ1800→1600) ／ [Cal]ダート ／ [Cal]距離短縮(1800→1600) |

### 阪神2R 芝1600m 3歳未勝利（18頭）・馬場良
**★★★ 軸向き**　狙い: 阪神芝1600m

| 印 | 馬番 | 馬名 | 性齢 | 騎手 | 斤量 | 能力 | bias | 評価 | 根拠 |
|:--:|:--:|--|:--:|--|:--:|--:|--:|--:|--|
| ◎ | **7** | ブライトエンジェル | 牝3 | 角田和 | 55.0 | 59 | 7 | **69.0** | 上位厩舎(角田複勝26%) ／ 複勝安定(100%) ／ [Cal]距離延長(1200→1600) |
| ○ | **12** | フォルストランキル | 牝3 | 松山 | 55.0 | 49 | 6 | **56.0** | 上位騎手(松山複勝28%) ／ トップ厩舎(池江複勝36%) ／ 上がり最速級(33.8s) ／ [Cal]距離短縮(1800→1600) |
| ▲ | **2** | ムーンライトダイヤ | 牝3 | 秋山稔 | 55.0 | 46 | 3 | **50.0** | 上位厩舎(河嶋複勝22%) ／ [Cal]1枠 ／ [Cal]継続騎乗 |
| △ | **17** | スマートティアナ | 牝3 | 岩田望 | 55.0 | 49 | 0 | **48.7** |  |

### 函館3R ダ1000m 3歳未勝利（12頭）・馬場良
**★★★ 軸向き**　狙い: 函館ダ1000m

| 印 | 馬番 | 馬名 | 性齢 | 騎手 | 斤量 | 能力 | bias | 評価 | 根拠 |
|:--:|:--:|--|:--:|--|:--:|--:|--:|--:|--|
| ◎ | **12** | グレイトソン | 牡3 | ▲和田陽 | 54.0 | 53 | 15 | **73.0** | 上位厩舎(鈴木孝複勝22%) ／ 複勝安定(60%) ／ 馬場適性(良ダートは前残り→逃げ) ／ [Cal]ダート |
| ○ | **6** | シェイプオブユー | 牝3 | 川又 | 55.0 | 47 | 9 | **57.1** | 上位厩舎(吉村複勝25%) ／ 馬場適性(良ダートは前残り→逃げ) ／ [Cal]ダート ／ [Cal]距離短縮(1150→1000) |
| ▲ | **8** | コウユーネロガ | 牝3 | ▲小林美 | 52.0 | 41 | 8 | **49.0** | 上がり最速級(33.6s) ／ 馬場適性(良ダートは前残り→先行) ／ [Cal]ダート ／ [Cal]減量騎手(▲) |
| △ | **7** | カッサンドラ | 牝3 | 横山琉 | 55.0 | 32 | 4 | **34.8** | [Cal]ダート ／ [Cal]距離短縮(1150→1000) ／ [Cal]継続騎乗 |

### 東京3R ダ2100m 3歳未勝利（16頭）・馬場良
**★★★ 軸向き**　狙い: 良馬場時は内枠不利の傾向が強く出る

| 印 | 馬番 | 馬名 | 性齢 | 騎手 | 斤量 | 能力 | bias | 評価 | 根拠 |
|:--:|:--:|--|:--:|--|:--:|--:|--:|--:|--|
| ◎ | **4** | クリムゾンリーフ | 牡3 | ゴンサルベ | 57.0 | 49 | 13 | **65.2** | 上位厩舎(加藤士複勝24%) ／ 母父ルーラーシップ=注目血統(キングカメハメハ系) ／ 前走後方差し(通過6-4-3-4) ／ 複勝安定(60%) |
| ○ | **3** | ザンテソーロ | 牡3 | 荻野極 | 57.0 | 42 | 9 | **52.1** | 父オルフェーヴル=注目血統(オルフェーヴル) ／ 母父ルーラーシップ=注目血統(キングカメハメハ系) ／ 前走後方差し(通過13-11-10-10) ／ [Cal]ダート |
| ▲ | **13** | ウインガネーシャ | 牡3 | 木幡巧 | 57.0 | 42 | 9 | **51.2** | 外枠(13)有利 ／ 上位厩舎(高木複勝24%) ／ 前走後方差し(通過9-9-8-9) ／ [Cal]ダート |
| △ | **5** | ユイノサダハル | 牡3 | 江田照 | 57.0 | 40 | 9 | **48.6** | 父キセキ=注目血統(キングカメハメハ系) ／ 馬場適性(良ダートは前残り→先行) ／ [Cal]ダート ／ [Cal]継続騎乗 |

### 阪神3R ダ1800m 3歳未勝利（16頭）・馬場良
**★★★ 軸向き**　狙い: 阪神ダ1800m

| 印 | 馬番 | 馬名 | 性齢 | 騎手 | 斤量 | 能力 | bias | 評価 | 根拠 |
|:--:|:--:|--|:--:|--|:--:|--:|--:|--:|--|
| ◎ | **11** | ウルトラハート | 牡3 | 角田和 | 57.0 | 54 | 11 | **68.8** | 上位厩舎(中尾複勝24%) ／ 複勝安定(80%) ／ 馬場適性(良ダートは前残り→先行) ／ [Cal]ダート |
| ○ | **5** | マイカラー | 牡3 | 酒井 | 57.0 | 48 | 9 | **58.8** | トップ厩舎(吉岡複勝31%) ／ 馬場適性(良ダートは前残り→先行) ／ [Cal]ダート ／ [Cal]距離短縮(2000→1800) |
| ▲ | **13** | ハナコトバ | 牝3 | ◇今村 | 53.0 | 41 | 5 | **46.2** | 軽斤量(53.0kg・基準56kg) ／ 上位厩舎(寺島複勝25%) ／ [Cal]ダート ／ [Cal]距離短縮(2000→1800) |
| △ | **8** | ハオカノア | 牡3 | 小崎 | 57.0 | 39 | 4 | **42.9** | [Cal]ダート ／ [Cal]距離短縮(1900→1800) ／ [Cal]継続騎乗 |

### 函館4R 芝1800m 3歳未勝利（16頭）・馬場良
**★★★ 軸向き**　狙い: 函館芝1800m

| 印 | 馬番 | 馬名 | 性齢 | 騎手 | 斤量 | 能力 | bias | 評価 | 根拠 |
|:--:|:--:|--|:--:|--|:--:|--:|--:|--:|--|
| ◎ | **11** | ヒシナスキロ | 牝3 | 丹内 | 55.0 | 61 | 8 | **73.1** | トップ厩舎(堀複勝37%) ／ 複勝安定(100%) ／ [Cal]距離短縮(2000→1800) |
| ○ | **8** | パンキー | 牡3 | 斎藤 | 57.0 | 52 | 6 | **59.8** | 複勝安定(67%) ／ [Cal]距離延長(1600→1800) |
| ▲ | **1** | ベアサナエチャン | 牝3 | 横山武 | 55.0 | 46 | 6 | **53.2** | トップ騎手(横山武複勝32%) ／ 上がり最速級(33.7s) ／ [Cal]距離延長(1600→1800) ／ [Cal]1枠 |
| △ | **4** | エイシンインアウト | 牡3 | 横山琉 | 57.0 | 45 | 1 | **46.5** | 上位厩舎(中尾複勝24%) |

### 東京4R 芝1400m 2歳新馬（10頭）・馬場良
**★ 混戦**　狙い: 他場1400mよりも末脚勝負になりやすい

| 印 | 馬番 | 馬名 | 性齢 | 騎手 | 斤量 | 能力 | bias | 評価 | 根拠 |
|:--:|:--:|--|:--:|--|:--:|--:|--:|--:|--|
| ◎💎 | **7** | ミエルモーサ | 牝2 | 西村淳 | 55.0 | — | 8 | **33.6** | 外枠(7)有利 ／ 上位騎手(西村淳複勝27%) ／ 父シルバーステート=注目血統(ディープインパクト系) ／ [Cal]少頭数 |
| ○💎 | **10** | コールドスリープ | 牝2 | 菊沢 | 55.0 | — | 8 | **33.6** | 外枠(10)有利 ／ 父アルアイン=注目血統(ディープインパクト系) ／ [Cal]少頭数 ／ [Cal]大外枠 |
| ▲ | **6** | タクティシアン | 牡2 | ルメール | 55.0 | — | 5 | **31.5** | トップ騎手(ルメール複勝50%) ／ 上位厩舎(森一複勝28%) ／ [Cal]少頭数 |
| △ | **1** | シュートザワークス | 牡2 | 津村 | 55.0 | — | 4 | **30.8** | 上位厩舎(千葉複勝22%) ／ [Cal]少頭数 ／ [Cal]1枠 |

### 阪神4R 芝2400m 3歳未勝利（18頭）・馬場良
**★ 混戦**　狙い: 阪神芝2400m

| 印 | 馬番 | 馬名 | 性齢 | 騎手 | 斤量 | 能力 | bias | 評価 | 根拠 |
|:--:|:--:|--|:--:|--|:--:|--:|--:|--:|--|
| ◎ | **5** | シャンドラファール | 牡3 | 松山 | 57.0 | 40 | 3 | **42.8** | 上位騎手(松山複勝28%) ／ 上位厩舎(井上複勝24%) ／ [Cal]継続騎乗 |
| ○ | **6** | ナムラヴンダー | 牡3 | 幸 | 57.0 | 39 | 2 | **41.2** | 上位騎手(幸複勝23%) ／ 上位厩舎(河嶋複勝22%) |
| ▲ | **12** | ラピス | 牝3 | Ｍデムーロ | 55.0 | 36 | 3 | **38.3** | トップ騎手(Ｍデムーロ複勝39%) ／ 上位厩舎(安田複勝29%) |
| △ | **2** | ルクスディグニティ | 牡3 | 横山和 | 57.0 | 32 | 4 | **34.8** | 上位厩舎(昆複勝27%) ／ [Cal]距離延長(2200→2400) ／ [Cal]1枠 ／ [Cal]継続騎乗 |

### 函館5R 芝1200m 2歳新馬（10頭）・馬場良
**★ 混戦**　狙い: 函館芝1200m

| 印 | 馬番 | 馬名 | 性齢 | 騎手 | 斤量 | 能力 | bias | 評価 | 根拠 |
|:--:|:--:|--|:--:|--|:--:|--:|--:|--:|--|
| ◎ | **1** | フェリチタ | 牝2 | 佐々木 | 55.0 | — | 5 | **31.5** | 上位騎手(佐々木複勝24%) ／ 上位厩舎(鈴木孝複勝22%) ／ [Cal]少頭数 ／ [Cal]1枠 |
| ○ | **3** | コックニー | 牡2 | 横山武 | 55.0 | — | 3 | **30.1** | トップ騎手(横山武複勝32%) ／ [Cal]少頭数 |
| ▲ | **4** | レインボースター | 牝2 | △舟山 | 53.0 | — | 3 | **30.1** | 上位騎手(舟山複勝24%) ／ [Cal]減量騎手(△) ／ [Cal]少頭数 |
| △ | **8** | クリアストライク | 牡2 | 小沢 | 55.0 | — | 3 | **30.1** | 上位厩舎(田中克複勝28%) ／ [Cal]少頭数 |

### 東京5R 芝1800m 2歳新馬（13頭）・馬場良
**★ 混戦**　狙い: 息が入りやすいため、後半の上がり性能が重要

| 印 | 馬番 | 馬名 | 性齢 | 騎手 | 斤量 | 能力 | bias | 評価 | 根拠 |
|:--:|:--:|--|:--:|--|:--:|--:|--:|--:|--|
| ◎ | **4** | ノドゥス | 牡2 | 横山典 | 55.0 | — | 4 | **30.8** | トップ騎手(横山典複勝36%) ／ 上位厩舎(斎藤誠複勝25%) |
| ○ | **9** | ラガリーガ | 牡2 | ルメール | 55.0 | — | 4 | **30.8** | トップ騎手(ルメール複勝50%) ／ 上位厩舎(手塚久複勝28%) |
| ▲ | **1** | トーセンマスラオ | 牡2 | 菊沢 | 55.0 | — | 3 | **30.1** | 上位厩舎(菊沢複勝23%) ／ [Cal]1枠 |
| △ | **13** | ダノンコレクト | 牡2 | 荻野極 | 55.0 | — | 3 | **30.1** | 上位厩舎(森一複勝28%) ／ [Cal]大外枠 |

### 阪神5R 芝1600m 2歳新馬（9頭）・馬場良
**★ 混戦**　狙い: 阪神芝1600m

| 印 | 馬番 | 馬名 | 性齢 | 騎手 | 斤量 | 能力 | bias | 評価 | 根拠 |
|:--:|:--:|--|:--:|--|:--:|--:|--:|--:|--|
| ◎💎 | **4** | ドラゴンドール | 牡2 | Ｍデムーロ | 55.0 | — | 6 | **32.2** | トップ騎手(Ｍデムーロ複勝39%) ／ トップ厩舎(大久保複勝31%) ／ [Cal]少頭数 |
| ○ | **3** | ブレイクガール | 牝2 | 坂井 | 55.0 | — | 5 | **31.5** | 上位騎手(坂井複勝30%) ／ トップ厩舎(武幸複勝30%) ／ [Cal]少頭数 |
| ▲ | **9** | フランヴィア | 牝2 | 高杉 | 55.0 | — | 5 | **31.5** | 上位騎手(高杉複勝25%) ／ 上位厩舎(庄野複勝24%) ／ [Cal]少頭数 ／ [Cal]大外枠 |
| △ | **1** | ジーティーキャメル | 牡2 | 岩田望 | 55.0 | — | 4 | **30.8** | 上位厩舎(宮地複勝22%) ／ [Cal]少頭数 ／ [Cal]1枠 |

### 函館6R ダ1700m 3歳未勝利（13頭）・馬場良
**★★★ 軸向き**　狙い: 函館ダ1700m

| 印 | 馬番 | 馬名 | 性齢 | 騎手 | 斤量 | 能力 | bias | 評価 | 根拠 |
|:--:|:--:|--|:--:|--|:--:|--:|--:|--:|--|
| ◎ | **4** | モロノカガヤキ | 牡3 | 丹内 | 57.0 | 54 | 13 | **71.0** | 上位厩舎(林複勝24%) ／ 複勝安定(75%) ／ 馬場適性(良ダートは前残り→先行) ／ [Cal]ダート |
| ○ | **6** | ウインカトリーヌ | 牝3 | 岩田康 | 55.0 | 35 | 13 | **46.9** | トップ騎手(岩田康複勝33%) ／ 上位厩舎(西園翔複勝26%) ／ 上がり最速級(34.1s) ／ 馬場適性(良ダートは前残り→先行) |
| ▲ | **5** | チャーチルデュース | 牡3 | 武豊 | 57.0 | 36 | 11 | **46.5** | トップ騎手(武豊複勝43%) ／ 上位厩舎(松永幹複勝28%) ／ 馬場適性(良ダートは前残り→先行) ／ [Cal]ダート |
| △ | **2** | メイショウセンドウ | 牡3 | 吉田隼 | 57.0 | 37 | 6 | **43.0** | 上位騎手(吉田隼複勝24%) ／ [Cal]ダート ／ [Cal]距離短縮(1800→1700) ／ [Cal]6R(好成績帯) |

### 東京6R 芝1600m 3歳未勝利（16頭）・馬場良
**★ 混戦**　狙い: ペースが緩みにくく、バテない体力と末脚性能が必要

| 印 | 馬番 | 馬名 | 性齢 | 騎手 | 斤量 | 能力 | bias | 評価 | 根拠 |
|:--:|:--:|--|:--:|--|:--:|--:|--:|--:|--|
| ◎ | **11** | エヴァンスベイ | 牝3 | 戸崎圭 | 55.0 | 57 | 15 | **78.4** | 外枠(11)有利 ／ トップ騎手(戸崎圭複勝38%) ／ トップ厩舎(宮田複勝32%) ／ 同距離同面ローテ(芝1600→同) |
| ○ | **16** | シャルムグリーン | 牡3 | 津村 | 57.0 | 54 | 17 | **77.5** | 外枠(16)有利 ／ 父スワーヴリチャード=注目血統(サンデーサイレンス系(ディープ含む)) ／ 同距離同面ローテ(芝1600→同) ／ 複勝安定(60%) |
| ▲ | **15** | スチールギターラグ | 牝3 | 三浦 | 55.0 | 54 | 12 | **69.8** | 外枠(15)有利 ／ 上位騎手(三浦複勝28%) ／ 上位厩舎(鹿戸複勝28%) ／ 母父アグネスタキオン=注目血統(サンデーサイレンス系(ディープ含む)) |
| △ | **8** | ダノンアスコルティ | 牝3 | ルメール | 55.0 | 48 | 13 | **64.0** | トップ騎手(ルメール複勝50%) ／ 上位厩舎(大竹複勝25%) ／ 父キタサンブラック=注目血統(サンデーサイレンス系(ディープ含む)) ／ 同距離同面ローテ(芝1600→同) |

### 阪神6R 芝1400m 3歳未勝利（18頭）・馬場良
**★ 混戦**　狙い: 阪神芝1400m

| 印 | 馬番 | 馬名 | 性齢 | 騎手 | 斤量 | 能力 | bias | 評価 | 根拠 |
|:--:|:--:|--|:--:|--|:--:|--:|--:|--:|--|
| ◎ | **16** | カルロット | 牡3 | 坂井 | 57.0 | 44 | 9 | **54.5** | 上位騎手(坂井複勝30%) ／ トップ厩舎(武幸複勝30%) ／ 複勝安定(60%) ／ [Cal]距離延長(1200→1400) |
| ○ | **9** | ルージュスプリヤ | 牝3 | ▲森田 | 52.0 | 45 | 5 | **50.6** | 軽斤量(52.0kg・基準56kg) ／ 上位厩舎(斉藤崇複勝29%) ／ [Cal]距離短縮(1600→1400) ／ [Cal]減量騎手(▲) |
| ▲ | **2** | アラビアンジョイ | 牝3 | 松山 | 55.0 | 46 | 3 | **49.1** | 上位騎手(松山複勝28%) ／ [Cal]6R(好成績帯) ／ [Cal]1枠 |
| △ | **14** | ケイアイブラック | 牡3 | 藤懸 | 57.0 | 36 | 4 | **39.3** | [Cal]距離短縮(1500→1400) ／ [Cal]6R(好成績帯) ／ [Cal]継続騎乗 ／ 前走地方(名古屋2着)・割引 |

### 函館7R 芝1200m 3歳以上1勝クラス（11頭）・馬場良
**★★★ 軸向き**　狙い: 函館芝1200m

| 印 | 馬番 | 馬名 | 性齢 | 騎手 | 斤量 | 能力 | bias | 評価 | 根拠 |
|:--:|:--:|--|:--:|--|:--:|--:|--:|--:|--|
| ◎ | **2** | アイムインディ | 牝3 | 武豊 | 53.0 | 63 | 12 | **81.8** | トップ騎手(武豊複勝43%) ／ 上位厩舎(蛯名正複勝29%) ／ 複勝安定(100%) ／ [Cal]距離短縮(1300→1200) |
| ○ | **7** | マナボニート | 牝3 | 丹内 | 53.0 | 57 | 5 | **64.4** | 複勝安定(75%) |
| ▲💎 | **9** | ファニーバニー | 牝3 | 横山武 | 53.0 | 43 | 12 | **55.4** | トップ騎手(横山武複勝32%) ／ 上がり最速級(33.8s) ／ 複勝安定(60%) ／ 上位クラス通用(5着以内) |
| △ | **1** | グランテレーズ | 牝5 | 小沢 | 56.0 | 47 | 3 | **50.4** | 上位厩舎(渡辺複勝22%) ／ [Cal]1枠 ／ [Cal]継続騎乗 |

### 東京7R ダ1600m 3歳以上1勝クラス（16頭）・馬場良
**★★ 有力**　狙い: 外枠の馬がスピードに乗りやすく内枠は不利

| 印 | 馬番 | 馬名 | 性齢 | 騎手 | 斤量 | 能力 | bias | 評価 | 根拠 |
|:--:|:--:|--|:--:|--|:--:|--:|--:|--:|--|
| ◎ | **1** | ローズブーケ | 牝3 | 津村 | 53.0 | 66 | 12 | **85.8** | 父アジアエクスプレス=注目血統(ヘニーヒューズ系) ／ 複勝安定(100%) ／ [Cal]ダート ／ [Cal]距離延長(1400→1600) |
| ○ | **5** | ヴンダーバール | 牝3 | 戸崎圭 | 53.0 | 58 | 16 | **80.6** | トップ騎手(戸崎圭複勝38%) ／ 上位厩舎(斎藤誠複勝25%) ／ 同距離同面ローテ(ダ1600→同) ／ 複勝安定(80%) |
| ▲ | **9** | ブルーサーマル | 牝3 | 原 | 53.0 | 55 | 10 | **68.9** | 同距離同面ローテ(ダ1600→同) ／ 複勝安定(60%) ／ [Cal]ダート ／ [Cal]昇級(未勝利→今走) |
| △ | **6** | シオンダンサー | 牝3 | 西村淳 | 53.0 | 47 | 13 | **61.9** | 上位騎手(西村淳複勝27%) ／ 上位厩舎(斉藤崇複勝29%) ／ 複勝安定(75%) ／ 馬場適性(良ダートは前残り→先行) |

### 阪神7R ダ1400m 3歳以上1勝クラス（16頭）・馬場良
**★ 混戦**　狙い: 阪神ダ1400m

| 印 | 馬番 | 馬名 | 性齢 | 騎手 | 斤量 | 能力 | bias | 評価 | 根拠 |
|:--:|:--:|--|:--:|--|:--:|--:|--:|--:|--|
| ◎ | **10** | ビスケットアソート | 牡3 | 富田 | 55.0 | 56 | 14 | **75.1** | 上位厩舎(武英複勝26%) ／ 複勝安定(80%) ／ 馬場適性(良ダートは前残り→先行) ／ [Cal]ダート |
| ○ | **3** | ジューンアゲイン | 牡3 | 吉村 | 55.0 | 55 | 14 | **74.8** | 上位厩舎(長谷川複勝24%) ／ 上がり最速級(36.0s) ／ 複勝安定(60%) ／ 馬場適性(良ダートは前残り→先行) |
| ▲ | **12** | エイシンマールス | 牡4 | 松山 | 58.0 | 55 | 12 | **71.5** | 上位騎手(松山複勝28%) ／ 上位厩舎(今野複勝22%) ／ 複勝安定(80%) ／ 馬場適性(良ダートは前残り→先行) |
| △ | **6** | シンギタイ | セ4 | 田口 | 58.0 | 51 | 14 | **69.4** | 上位厩舎(庄野複勝24%) ／ 複勝安定(60%) ／ 馬場適性(良ダートは前残り→先行) ／ [Cal]ダート |

### 函館8R ダ1700m 3歳以上1勝クラス（12頭）・馬場良
**★ 混戦**　狙い: 函館ダ1700m

| 印 | 馬番 | 馬名 | 性齢 | 騎手 | 斤量 | 能力 | bias | 評価 | 根拠 |
|:--:|:--:|--|:--:|--|:--:|--:|--:|--:|--|
| ◎ | **8** | アラクラン | 牡3 | ▲小林美 | 52.0 | 41 | 9 | **50.2** | 上位厩舎(田村複勝24%) ／ 馬場適性(良ダートは前残り→先行) ／ [Cal]ダート ／ [Cal]減量騎手(▲) |
| ○ | **5** | アスクガンバーレ | 牡4 | 岩田康 | 58.0 | 43 | 6 | **49.0** | トップ騎手(岩田康複勝33%) ／ 上位厩舎(福永複勝37%) ／ [Cal]ダート ／ [Cal]距離短縮(1800→1700) |
| ▲ | **3** | テイクオンミー | 牡3 | 丹内 | 55.0 | 44 | 2 | **46.3** | [Cal]ダート ／ [Cal]距離延長(1600→1700) |
| △ | **2** | ホウオウバローロ | 牡5 | △舟山 | 56.0 | 37 | 7 | **43.7** | 上位騎手(舟山複勝24%) ／ 馬場適性(良ダートは前残り→先行) ／ [Cal]ダート ／ [Cal]減量騎手(△) |

### 東京8R 芝1600m 3歳以上1勝クラス（16頭）・馬場良
**★ 混戦**　狙い: ペースが緩みにくく、バテない体力と末脚性能が必要

| 印 | 馬番 | 馬名 | 性齢 | 騎手 | 斤量 | 能力 | bias | 評価 | 根拠 |
|:--:|:--:|--|:--:|--|:--:|--:|--:|--:|--|
| ◎ | **15** | オルグジェシダ | 牝4 | ルメール | 56.0 | 65 | 25 | **105.6** | 外枠(15)有利 ／ トップ騎手(ルメール複勝50%) ／ トップ厩舎(宮田複勝32%) ／ 父モーリス=注目血統(モーリス) |
| ○ | **12** | モートンアイランド | 牝3 | 戸崎圭 | 53.0 | 65 | 23 | **102.5** | 外枠(12)有利 ／ トップ騎手(戸崎圭複勝38%) ／ 上位厩舎(手塚久複勝28%) ／ 父モーリス=注目血統(モーリス) |
| ▲ | **6** | ライネリーベ | 牝4 | ゴンサルベ | 56.0 | 58 | 11 | **73.3** | 父サトノダイヤモンド=注目血統(サンデーサイレンス系(ディープ含む)) ／ 同距離同面ローテ(芝1600→同) ／ 複勝安定(80%) |
| △ | **9** | サンデースマッシュ | 牡3 | 原 | 55.0 | 51 | 11 | **64.6** | 上位厩舎(嘉藤複勝24%) ／ 母父サンデーサイレンス=注目血統(サンデーサイレンス系(ディープ含む)) ／ 上がり最速級(33.3s) ／ 複勝安定(60%) |

### 阪神8R 芝2000m 3歳以上1勝クラス（8頭）・馬場良
**★ 混戦**　狙い: 阪神芝2000m

| 印 | 馬番 | 馬名 | 性齢 | 騎手 | 斤量 | 能力 | bias | 評価 | 根拠 |
|:--:|:--:|--|:--:|--|:--:|--:|--:|--:|--|
| ◎ | **3** | アーリーハーベスト | 牝3 | 坂井 | 53.0 | 48 | 4 | **52.9** | 上位騎手(坂井複勝30%) ／ 上位厩舎(小林複勝22%) ／ [Cal]距離延長(1800→2000) ／ [Cal]少頭数 |
| ○ | **8** | ベルシュヴァル | 牝3 | 吉村 | 53.0 | 47 | 4 | **52.1** | 上位厩舎(中村複勝24%) ／ [Cal]少頭数 ／ [Cal]大外枠 ／ [Cal]昇級(未勝利→今走) |
| ▲ | **5** | エイシンウィスパー | 牝3 | 松若 | 53.0 | 46 | 3 | **49.9** | 上位厩舎(今野複勝22%) ／ [Cal]少頭数 ／ [Cal]継続騎乗 |
| △ | **6** | コニーアイランド | 牝3 | 川田 | 53.0 | 33 | 6 | **38.4** | トップ騎手(川田複勝41%) ／ トップ厩舎(中内田複勝40%) ／ [Cal]距離延長(1600→2000) ／ [Cal]少頭数 |

### 函館9R 芝2000m 遊楽部特別（12頭）・馬場良
**★★★ 軸向き**　狙い: 函館芝2000m

| 印 | 馬番 | 馬名 | 性齢 | 騎手 | 斤量 | 能力 | bias | 評価 | 根拠 |
|:--:|:--:|--|:--:|--|:--:|--:|--:|--:|--|
| ◎ | **4** | レダアトミカ | 牝3 | 舟山 | 53.0 | 71 | 9 | **86.5** | 軽斤量(53.0kg・基準56kg) ／ 上位騎手(舟山複勝24%) ／ トップ厩舎(上原佑複勝32%) ／ 複勝安定(100%) |
| ○ | **7** | アストリル | 牝3 | 丹内 | 53.0 | 60 | 10 | **74.4** | 軽斤量(53.0kg・基準56kg) ／ 上がり最速級(33.5s) ／ 複勝安定(80%) ／ 上位クラス通用(5着以内) |
| ▲ | **10** | ソングオブザバード | 牝3 | 横山武 | 53.0 | 57 | 9 | **70.1** | 軽斤量(53.0kg・基準56kg) ／ トップ騎手(横山武複勝32%) ／ 上位厩舎(佐藤悠複勝28%) ／ 複勝安定(100%) |
| △ | **6** | クリスレジーナ | 牝3 | 斎藤 | 53.0 | 47 | 9 | **57.8** | 軽斤量(53.0kg・基準56kg) ／ 上位厩舎(高野複勝30%) ／ 複勝安定(67%) ／ [Cal]距離短縮(2200→2000) |

### 東京9R ダ1400m 甲州街道特別（16頭）・馬場良
**★★★ 軸向き**　狙い: 差し有利が目立ち、馬場が湿ると特に届きやすい

| 印 | 馬番 | 馬名 | 性齢 | 騎手 | 斤量 | 能力 | bias | 評価 | 根拠 |
|:--:|:--:|--|:--:|--|:--:|--:|--:|--:|--|
| ◎ | **8** | タカスタカスタカス | 牡3 | 戸崎圭 | 55.0 | 68 | 18 | **99.3** | 軽斤量(55.0kg・基準58kg) ／ トップ騎手(戸崎圭複勝38%) ／ トップ厩舎(藤原複勝36%) ／ 前走先行(通過2-2) |
| ○ | **6** | アクアマリーナ | 牝4 | 原 | 56.0 | 59 | 21 | **89.8** | 父シニスターミニスター=注目血統(シニスターミニスター) ／ 同距離同面ローテ(ダ1400→同) ／ 前走先行(通過1-1) ／ 複勝安定(60%) |
| ▲ | **7** | フォースミラクル | 牡4 | ルメール | 58.0 | 56 | 13 | **74.3** | トップ騎手(ルメール複勝50%) ／ トップ厩舎(加藤征複勝30%) ／ 同距離同面ローテ(ダ1400→同) ／ 複勝安定(60%) |
| △ | **16** | ゴールデンカイト | 牡4 | 西村淳 | 58.0 | 48 | 17 | **69.0** | 外枠(16)有利 ／ 上位騎手(西村淳複勝27%) ／ トップ厩舎(中内田複勝40%) ／ 同距離同面ローテ(ダ1400→同) |

### 阪神9R 芝2000m 高砂特別（7頭）・馬場良
**★ 混戦**　狙い: 阪神芝2000m

| 印 | 馬番 | 馬名 | 性齢 | 騎手 | 斤量 | 能力 | bias | 評価 | 根拠 |
|:--:|:--:|--|:--:|--|:--:|--:|--:|--:|--|
| ◎ | **2** | ロードガレリア | 牡4 | 高杉 | 58.0 | 58 | 12 | **75.4** | 上位騎手(高杉複勝25%) ／ 上位厩舎(藤岡健複勝28%) ／ 複勝安定(80%) ／ [Cal]距離短縮(2400→2000) |
| ○ | **5** | カリーニョ | 牡5 | 坂井 | 58.0 | 59 | 10 | **73.6** | 上位騎手(坂井複勝30%) ／ トップ厩舎(杉山晴複勝31%) ／ 複勝安定(80%) ／ 上位クラス通用(5着以内) |
| ▲ | **1** | ステラクラウン | 牝5 | 岩田望 | 56.0 | 54 | 10 | **68.0** | トップ厩舎(上村複勝34%) ／ 複勝安定(80%) ／ 上位クラス通用(5着以内) ／ [Cal]少頭数 |
| △ | **3** | ダノンカゼルタ | セ4 | Ｍデムーロ | 58.0 | 34 | 10 | **42.0** | トップ騎手(Ｍデムーロ複勝39%) ／ 上位厩舎(寺島複勝25%) ／ 上がり最速級(34.1s) ／ 上位クラス通用(5着以内) |

### ⭐ 函館10R ダ1700m 檜山特別（9頭）・馬場良
**★★★ 軸向き**　狙い: 函館ダ1700m

| 印 | 馬番 | 馬名 | 性齢 | 騎手 | 斤量 | 能力 | bias | 評価 | 根拠 |
|:--:|:--:|--|:--:|--|:--:|--:|--:|--:|--|
| ◎ | **6** | チャーリー | 牡3 | 岩田康 | 55.0 | 59 | 13 | **78.3** | 軽斤量(55.0kg・基準58kg) ／ トップ騎手(岩田康複勝33%) ／ 上位厩舎(奥村武複勝23%) ／ 複勝安定(60%) |
| ○ | **2** | レッドライトニング | 牡5 | 長浜 | 58.0 | 54 | 11 | **68.3** | 上がり最速級(34.5s) ／ 複勝安定(60%) ／ 上位クラス通用(5着以内) ／ [Cal]ダート |
| ▲ | **1** | ギマール | 牡5 | 国分恭 | 58.0 | 53 | 6 | **61.3** | 上位厩舎(岡田複勝24%) ／ 上位クラス通用(5着以内) ／ [Cal]ダート ／ [Cal]少頭数 |
| △ | **7** | ラマンシュ | 牡4 | 斎藤 | 58.0 | 42 | 9 | **51.9** | 複勝安定(60%) ／ 上位クラス通用(5着以内) ／ [Cal]ダート ／ [Cal]少頭数 |

### ⭐ 東京10R 芝1400m 多摩川S（16頭）・馬場良
**★★★ 軸向き**　狙い: 他場1400mよりも末脚勝負になりやすい

| 印 | 馬番 | 馬名 | 性齢 | 騎手 | 斤量 | 能力 | bias | 評価 | 根拠 |
|:--:|:--:|--|:--:|--|:--:|--:|--:|--:|--|
| ◎ | **12** | マテンロウブラボー | 牡5 | 西村淳 | 58.0 | 65 | 19 | **95.4** | 外枠(12)有利 ／ 上位騎手(西村淳複勝27%) ／ 上位厩舎(野中複勝26%) ／ 父モーリス=注目血統(モーリス) |
| ○ | **9** | レッドキングリー | 牡4 | ルメール | 58.0 | 59 | 15 | **81.7** | トップ騎手(ルメール複勝50%) ／ 父サートゥルナーリア=注目血統(ロードカナロア系) ／ 同距離同面ローテ(芝1400→同) ／ 複勝安定(60%) |
| ▲ | **6** | ダノンエンブレム | 牡4 | 荻野極 | 58.0 | 54 | 15 | **73.6** | トップ厩舎(宮田複勝32%) ／ 母父ディープインパクト=注目血統(ディープインパクト系) ／ 距離短縮(芝1600→1400) ／ 複勝安定(80%) |
| △ | **10** | ラーンザロープス | 牝5 | 津村 | 56.0 | 56 | 10 | **70.1** | トップ厩舎(武幸複勝30%) ／ 父キズナ=注目血統(ディープインパクト系) ／ 距離短縮(芝1600→1400) ／ 上位クラス通用(5着以内) |

### ⭐ 阪神10R ダ1800m 姫路S（16頭）・馬場良
**★★★ 軸向き**　狙い: 阪神ダ1800m

| 印 | 馬番 | 馬名 | 性齢 | 騎手 | 斤量 | 能力 | bias | 評価 | 根拠 |
|:--:|:--:|--|:--:|--|:--:|--:|--:|--:|--|
| ◎ | **9** | アカデミア | 牡4 | 坂井 | 58.0 | 72 | 15 | **98.4** | 上位騎手(坂井複勝30%) ／ トップ厩舎(杉山晴複勝31%) ／ 複勝安定(100%) ／ 上位クラス通用(5着以内) |
| ○ | **3** | アークドール | 牡5 | Ｍデムーロ | 58.0 | 71 | 10 | **88.2** | トップ騎手(Ｍデムーロ複勝39%) ／ 上位厩舎(松永幹複勝28%) ／ 複勝安定(100%) ／ 上位クラス通用(5着以内) |
| ▲ | **15** | ロカヒ | 牡4 | 幸 | 58.0 | 69 | 10 | **86.0** | 上位騎手(幸複勝23%) ／ 複勝安定(80%) ／ 上位クラス通用(5着以内) ／ [Cal]ダート |
| △ | **14** | レヴァンテシチー | 牡4 | 松山 | 58.0 | 67 | 9 | **82.3** | 上位騎手(松山複勝28%) ／ 複勝安定(80%) ／ 上位クラス通用(5着以内) ／ [Cal]ダート |

### 函館11R 芝1200m UHB杯（15頭）・馬場良
**★ 混戦**　狙い: 函館芝1200m

| 印 | 馬番 | 馬名 | 性齢 | 騎手 | 斤量 | 能力 | bias | 評価 | 根拠 |
|:--:|:--:|--|:--:|--|:--:|--:|--:|--:|--|
| ◎ | **14** | アスティスプマンテ | 牝5 | 舟山 | 54.0 | 47 | 4 | **51.5** | 上位騎手(舟山複勝24%) ／ 上位厩舎(佐藤悠複勝28%) ／ 上がり最速級(33.5s) ／ 上位クラス通用(5着以内) |
| ○ | **11** | ヴェサリウス | 牡5 | 横山武 | 56.0 | 44 | 3 | **47.6** | トップ騎手(横山武複勝32%) ／ 上位厩舎(菊沢複勝23%) ／ 上位クラス通用(5着以内) ／ [Cal]11R(穴薄) |
| ▲ | **6** | シカゴスティング | 牝5 | 武豊 | 53.0 | 44 | 3 | **47.1** | トップ騎手(武豊複勝43%) ／ 上位厩舎(庄野複勝24%) ／ 上位クラス通用(5着以内) ／ [Cal]11R(穴薄) |
| △ | **12** | ドゥアムール | 牝4 | 斎藤 | 53.0 | 43 | 1 | **44.0** | 上位厩舎(中竹複勝25%) ／ 上位クラス通用(5着以内) ／ [Cal]11R(穴薄) |

### ⭐ 東京11R 芝1800m 府中牝馬S（16頭）・馬場良
**★★★ 軸向き**　狙い: 息が入りやすいため、後半の上がり性能が重要

| 印 | 馬番 | 馬名 | 性齢 | 騎手 | 斤量 | 能力 | bias | 評価 | 根拠 |
|:--:|:--:|--|:--:|--|:--:|--:|--:|--:|--|
| ◎ | **6** | ヴァルキリーバース | 牝4 | ルメール | 55.5 | 73 | 13 | **96.9** | トップ騎手(ルメール複勝50%) ／ トップ厩舎(田中博複勝35%) ／ 父エピファネイア=注目血統(エピファネイア) ／ 複勝安定(80%) |
| ○ | **15** | ルージュソリテール | 牝4 | 西塚 | 55.0 | 58 | 16 | **81.6** | トップ厩舎(藤原複勝36%) ／ 父ロードカナロア=注目血統(ロードカナロア) ／ 前走先行(通過2-2) ／ 上がり最速級(33.2s) |
| ▲ | **8** | ニシノティアモ | 牝5 | 津村 | 56.0 | 57 | 14 | **77.4** | トップ厩舎(上原佑複勝32%) ／ 父ドゥラメンテ=注目血統(キングカメハメハ系) ／ 前走先行(通過2-2) ／ 複勝安定(60%) |
| △ | **5** | エストゥペンダ | 牝4 | 荻野極 | 54.0 | 62 | 9 | **76.4** | 上位厩舎(高柳瑞複勝23%) ／ 上がり最速級(33.1s) ／ 複勝安定(60%) ／ 上位クラス通用(5着以内) |

### ⭐ 阪神11R 芝1600m しらさぎS（18頭）・馬場良
**★ 混戦**　狙い: 阪神芝1600m

| 印 | 馬番 | 馬名 | 性齢 | 騎手 | 斤量 | 能力 | bias | 評価 | 根拠 |
|:--:|:--:|--|:--:|--|:--:|--:|--:|--:|--|
| ◎ | **17** | スイープアワーズ | 牡6 | 国分優 | 57.0 | 64 | 7 | **75.6** | 上位厩舎(宮地複勝22%) ／ 複勝安定(60%) ／ 上位クラス通用(5着以内) ／ [Cal]11R(穴薄) |
| ○ | **1** | スマートワイス | 牡5 | 川田 | 57.0 | 60 | 10 | **75.4** | トップ騎手(川田複勝41%) ／ トップ厩舎(大久保複勝31%) ／ 複勝安定(60%) ／ 上位クラス通用(5着以内) |
| ▲ | **14** | ミニトランザット | 牡4 | 松山 | 57.0 | 61 | 6 | **70.3** | 上位騎手(松山複勝28%) ／ 複勝安定(60%) ／ 上位クラス通用(5着以内) ／ [Cal]11R(穴薄) |
| △ | **12** | カズミクラーシュ | 牡5 | 幸 | 57.0 | 54 | 9 | **66.6** | 上位騎手(幸複勝23%) ／ トップ厩舎(吉岡複勝31%) ／ 上がり最速級(33.2s) ／ 複勝安定(60%) |

### 函館12R 芝1800m 3歳以上1勝クラス（10頭）・馬場良
**★★★ 軸向き**　狙い: 函館芝1800m

| 印 | 馬番 | 馬名 | 性齢 | 騎手 | 斤量 | 能力 | bias | 評価 | 根拠 |
|:--:|:--:|--|:--:|--|:--:|--:|--:|--:|--|
| ◎ | **2** | コッツォリーノ | 牡3 | 佐々木 | 55.0 | 52 | 12 | **68.2** | 上位騎手(佐々木複勝24%) ／ 上がり最速級(33.5s) ／ 複勝安定(80%) ／ [Cal]距離短縮(2000→1800) |
| ○ | **10** | ネッタイヤライ | 牡3 | ◇古川奈 | 53.0 | 46 | 6 | **53.5** | 軽斤量(53.0kg・基準58kg) ／ 上位厩舎(矢作複勝27%) ／ [Cal]距離延長(1600→1800) ／ [Cal]減量騎手(◇) |
| ▲ | **9** | ナイスプレーアスク | 牝3 | 丹内 | 53.0 | 38 | 4 | **41.8** | 軽斤量(53.0kg・基準56kg) ／ 上位厩舎(田村複勝24%) ／ [Cal]距離延長(1600→1800) ／ [Cal]少頭数 |
| △ | **5** | マイネルモメンタム | 牡5 | 横山琉 | 58.0 | 36 | 5 | **40.8** | [Cal]距離短縮(2000→1800) ／ [Cal]少頭数 ／ [Cal]12R(好成績帯) ／ [Cal]継続騎乗 |

### 東京12R ダ1400m 3歳以上1勝クラス（16頭）・馬場良
**★ 混戦**　狙い: 差し有利が目立ち、馬場が湿ると特に届きやすい

| 印 | 馬番 | 馬名 | 性齢 | 騎手 | 斤量 | 能力 | bias | 評価 | 根拠 |
|:--:|:--:|--|:--:|--|:--:|--:|--:|--:|--|
| ◎ | **5** | カンレイスター | 牝3 | 荻野極 | 53.0 | 58 | 16 | **80.5** | 軽斤量(53.0kg・基準56kg) ／ 前走先行(通過2-1) ／ 複勝安定(80%) ／ 馬場適性(良ダートは前残り→先行) |
| ○ | **16** | ロードトライデント | 牡3 | 菊沢 | 55.0 | 56 | 17 | **79.7** | 外枠(16)有利 ／ 上位厩舎(千葉複勝22%) ／ 前走先行(通過3-3) ／ 複勝安定(75%) |
| ▲ | **7** | シャオシンユン | 牝4 | 原 | 56.0 | 47 | 25 | **76.4** | 上位厩舎(奥村武複勝23%) ／ 母父ロードカナロア=注目血統(ロードカナロア) ／ 距離短縮(ダ1800→1400) ／ 前走先行(通過2-2-2-2) |
| △ | **10** | スタームーンナイト | 牡3 | ゴンサルベ | 55.0 | 54 | 16 | **75.3** | 上位厩舎(中舘複勝23%) ／ 母父ロードカナロア=注目血統(ロードカナロア) ／ 同距離同面ローテ(ダ1400→同) ／ 前走先行(通過1-1) |

### 阪神12R ダ1800m 3歳以上2勝クラス（13頭）・馬場良
**★★★ 軸向き**　狙い: 阪神ダ1800m

| 印 | 馬番 | 馬名 | 性齢 | 騎手 | 斤量 | 能力 | bias | 評価 | 根拠 |
|:--:|:--:|--|:--:|--|:--:|--:|--:|--:|--|
| ◎ | **12** | タガノアバンドーネ | 牡3 | 川田 | 55.0 | 56 | 12 | **73.2** | 軽斤量(55.0kg・基準58kg) ／ トップ騎手(川田複勝41%) ／ 上位厩舎(角田複勝26%) ／ 複勝安定(60%) |
| ○ | **13** | レッドリベルタ | 牡5 | 田口 | 58.0 | 44 | 6 | **50.0** | 上位厩舎(庄野複勝24%) ／ [Cal]ダート ／ [Cal]距離短縮(2100→1800) ／ [Cal]12R(好成績帯) |
| ▲ | **4** | クロノスバレット | 牡4 | 松山 | 58.0 | 44 | 4 | **47.9** | 上位騎手(松山複勝28%) ／ 上位厩舎(吉村複勝25%) ／ [Cal]ダート ／ [Cal]12R(好成績帯) |
| △ | **2** | クリノフィガロ | 牡5 | 幸 | 58.0 | 43 | 3 | **46.5** | 上位騎手(幸複勝23%) ／ [Cal]ダート ／ [Cal]12R(好成績帯) |

---
_馬券は自己責任で。本表は分析の共有であり購入を推奨するものではありません。_

# HTML: /Users/kubota/Desktop/bias/docs/predict_20260621.html
[2026-06-20 17:15:51]   OK
