no new memos.
対象: 20260620 + 20260621
appended: ## 📅 週次まとめ 06/20-06/21 (70R, 集計日2026-06-22)
[2026-06-22] 保持日数=4日 (cutoff=2026-06-18)
  moved: evaluation_20260613.md -> archive/2026/06/
  moved: evaluation_20260614.md -> archive/2026/06/
  moved: horses_20260613.json -> archive/2026/06/
  moved: horses_20260614.json -> archive/2026/06/
  moved: odds_20260613.json -> archive/2026/06/
  moved: odds_20260614.json -> archive/2026/06/
  moved: recommend_wide_20260613.md -> archive/2026/06/
  moved: recommend_wide_20260613_A.md -> archive/2026/06/
  moved: recommend_wide_20260613_B.md -> archive/2026/06/
  moved: recommend_wide_20260613_early_A.md -> archive/2026/06/
  moved: recommend_wide_20260613_early_B.md -> archive/2026/06/
  moved: recommend_wide_20260613_late_A.md -> archive/2026/06/
  moved: recommend_wide_20260613_late_B.md -> archive/2026/06/
  moved: recommend_wide_20260614.md -> archive/2026/06/
  moved: recommend_wide_20260614_A.md -> archive/2026/06/
  moved: recommend_wide_20260614_B.md -> archive/2026/06/
  moved: recommend_wide_20260614_early_A.md -> archive/2026/06/
  moved: recommend_wide_20260614_early_B.md -> archive/2026/06/
  moved: recommend_wide_20260614_late_A.md -> archive/2026/06/
  moved: recommend_wide_20260614_late_B.md -> archive/2026/06/
  moved: results_20260613.json -> archive/2026/06/
  moved: results_20260614.json -> archive/2026/06/
  moved: shutuba_20260613.json -> archive/2026/06/
  moved: shutuba_20260614.json -> archive/2026/06/
  moved: table_20260613.md -> archive/2026/06/
  moved: table_20260614.md -> archive/2026/06/

結果: 移動26件 / 保持26件
To https://github.com/shinkubota/keiba-bias.git
   e63f97f..b5442fd  main -> main
