no new memos.
対象: 20260627 + 20260628
appended: ## 📅 週次まとめ 06/27-06/28 (69R, 集計日2026-06-29)
[2026-06-29] 保持日数=4日 (cutoff=2026-06-25)
  moved: evaluation_20260620.md -> archive/2026/06/
  moved: evaluation_20260621.md -> archive/2026/06/
  moved: horses_20260620.json -> archive/2026/06/
  moved: horses_20260621.json -> archive/2026/06/
  moved: odds_20260620.json -> archive/2026/06/
  moved: odds_20260621.json -> archive/2026/06/
  moved: recommend_wide_20260620.md -> archive/2026/06/
  moved: recommend_wide_20260620_A.md -> archive/2026/06/
  moved: recommend_wide_20260620_B.md -> archive/2026/06/
  moved: recommend_wide_20260620_early_A.md -> archive/2026/06/
  moved: recommend_wide_20260620_early_B.md -> archive/2026/06/
  moved: recommend_wide_20260620_late_A.md -> archive/2026/06/
  moved: recommend_wide_20260620_late_B.md -> archive/2026/06/
  moved: recommend_wide_20260621.md -> archive/2026/06/
  moved: recommend_wide_20260621_A.md -> archive/2026/06/
  moved: recommend_wide_20260621_B.md -> archive/2026/06/
  moved: recommend_wide_20260621_early_A.md -> archive/2026/06/
  moved: recommend_wide_20260621_early_B.md -> archive/2026/06/
  moved: recommend_wide_20260621_late_A.md -> archive/2026/06/
  moved: recommend_wide_20260621_late_B.md -> archive/2026/06/
  moved: results_20260620.json -> archive/2026/06/
  moved: results_20260621.json -> archive/2026/06/
  moved: shutuba_20260620.json -> archive/2026/06/
  moved: shutuba_20260621.json -> archive/2026/06/
  moved: table_20260620.md -> archive/2026/06/
  moved: table_20260621.md -> archive/2026/06/

結果: 移動26件 / 保持26件
To https://github.com/shinkubota/keiba-bias.git
   4c7eb01..769c6c9  main -> main
